2017-05-10 15:12:39.8772 DEBUG ----- Starting -----
2017-05-10 15:12:43.1261 DEBUG clsAMD::SetDOStatus: channel 1 status 0
2017-05-10 15:12:43.1509 DEBUG clsAMD::SetDOStatus returning
2017-05-10 15:13:26.4370 DEBUG ReadCmd, got an exception: The port is closed.
2017-05-10 15:13:26.4370 DEBUG ReadCmd, got an exception: The port is closed.
2017-05-10 15:13:26.4597 DEBUG ReadCmd, got an exception: The port is closed.
2017-05-10 15:13:52.9752 DEBUG ----- Starting -----
2017-05-10 15:13:55.2350 ERROR ABot2::clsAMB::ExecCMD throwing Exception (AMB )Error: 1  Data: /0!
; command: /04Q; iteration: 3
2017-05-10 15:13:56.7862 DEBUG clsAMD::SetDOStatus: channel 1 status 0
2017-05-10 15:13:56.8004 DEBUG clsAMD::SetDOStatus returning
2017-05-10 15:14:20.4470 DEBUG Opening results file to: ..\..\Logs\Measurement\2017_05_10_15_14_20\Temperature Log.csv
2017-05-10 15:14:20.4555 DEBUG Protocol: Execute step: HelixGen.Model.ProtocolStep line: 5
2017-05-10 15:14:20.4555 DEBUG Executing the action: HelixGen.Model.sliderAction
2017-05-10 15:14:20.4873 DEBUG Executing the action: HelixGen.Model.r1Action
2017-05-10 15:14:29.9328 DEBUG Executing the action: HelixGen.Model.r2Action
2017-05-10 15:14:29.9964 DEBUG Executing the action: HelixGen.Model.heaterPistonAction
2017-05-10 15:14:31.9630 DEBUG Executing the action: HelixGen.Model.heaterAction
2017-05-10 15:14:32.0709 DEBUG Executing the action: HelixGen.Model.pcrAction
2017-05-10 15:14:32.0709 DEBUG Executing the action: HelixGen.Model.pumpAction
2017-05-10 15:14:32.0829 DEBUG clsAMD::SetDOStatus: channel 01 status 0
2017-05-10 15:14:32.0829 ERROR ABot2::clsAMB::ExecCMD throwing Exception (AMB )Error: 2  Data: /0
; command: /101E1R; iteration: 3
2017-05-10 15:14:32.1707 ERROR ABot2::clsAMB::ExecCMD throwing Exception (AMB )Error: 2  Data: /0
; command: /101E1R; iteration: 2
2017-05-10 15:14:32.2507 ERROR ABot2::clsAMB::ExecCMD throwing Exception (AMB )Error: 2  Data: /0
; command: /101E1R; iteration: 1
2017-05-10 15:14:32.2930 ERROR ABot2::clsAMB::ExecCMD throwing Exception Error: (AMB): (AMB )Error: 2  Data: /0
; command: /101E1R; iteration: 1; source command: /101E1R; iteration: 0; error code: 2
2017-05-10 15:14:32.3278 ERROR devicePump::dispense(false) caught an exception: Error: (AMB): (AMB )Error: 2  Data: /0
; command: /101E1R; iteration: 1; source command: /101E1R; iteration: 0; error code: 2
2017-05-10 15:14:32.3539 DEBUG Protocol: Execute step: HelixGen.Model.ProtocolStep line: 6
2017-05-10 15:14:32.3831 DEBUG Executing the action: HelixGen.Model.sliderAction
2017-05-10 15:14:32.9770 DEBUG Protocol: Execute step: HelixGen.Model.ProtocolStep line: 7
2017-05-10 15:14:33.0071 DEBUG Executing the action: HelixGen.Model.heaterPistonAction
2017-05-10 15:14:59.3637 DEBUG Protocol: Execute step: HelixGen.Model.ProtocolStep line: 8
2017-05-10 15:14:59.3937 DEBUG Executing the action: HelixGen.Model.r1Action
2017-05-10 15:15:08.8500 DEBUG Executing the action: HelixGen.Model.r2Action
2017-05-10 15:15:08.9001 DEBUG Protocol: Execute step: HelixGen.Model.ProtocolStep line: 9
2017-05-10 15:15:08.9101 DEBUG Executing the action: HelixGen.Model.sliderAction
2017-05-10 15:15:09.1788 DEBUG Protocol: Execute step: HelixGen.Model.ProtocolStep line: 10
2017-05-10 15:15:09.2561 DEBUG Executing the action: HelixGen.Model.heaterAction
2017-05-10 15:15:09.3727 DEBUG Executing the action: HelixGen.Model.timeAction
2017-05-10 15:15:09.4049 DEBUG Protocol: Execute step: HelixGen.Model.ProtocolStep line: 12
2017-05-10 15:15:09.4189 DEBUG Executing the action: HelixGen.Model.sliderAction
2017-05-10 15:15:09.7932 DEBUG Executing the action: HelixGen.Model.heaterAction
2017-05-10 15:15:09.8727 DEBUG Protocol: Execute step: HelixGen.Model.ProtocolStep line: 13
2017-05-10 15:15:09.8948 DEBUG Executing the action: HelixGen.Model.heaterPistonAction
2017-05-10 15:15:36.2715 DEBUG Protocol: Execute step: HelixGen.Model.ProtocolStep line: 14
2017-05-10 15:15:36.3066 DEBUG Executing the action: HelixGen.Model.r2Action
2017-05-10 15:15:36.3776 DEBUG Protocol: Execute step: HelixGen.Model.ProtocolStep line: 15
2017-05-10 15:15:36.4088 DEBUG Executing the action: HelixGen.Model.r2Action
2017-05-10 15:15:45.8790 DEBUG Protocol: Execute step: HelixGen.Model.ProtocolStep line: 16
2017-05-10 15:15:45.9174 DEBUG Executing the action: HelixGen.Model.r2Action
2017-05-10 15:15:50.3445 DEBUG Protocol: Execute step: HelixGen.Model.ProtocolStep line: 17
2017-05-10 15:15:50.3656 DEBUG Executing the action: HelixGen.Model.r2Action
2017-05-10 15:15:54.8033 DEBUG Protocol: Execute step: HelixGen.Model.ProtocolStep line: 18
2017-05-10 15:15:54.8263 DEBUG Executing the action: HelixGen.Model.r2Action
2017-05-10 15:15:59.2439 DEBUG Executing the action: HelixGen.Model.heaterPistonAction
2017-05-10 15:16:01.2414 DEBUG Executing the action: HelixGen.Model.pcrAction
2017-05-10 15:16:01.4640 DEBUG gotoTempAndStay: temperature = 50 time = 120000 ms
2017-05-10 15:16:01.5091 DEBUG Setting the temperature to 50
2017-05-10 15:16:01.5291 DEBUG Got a _model_PCRCyclerSetpointTemperature; temperature: 50
2017-05-10 15:16:01.5898 DEBUG Current setpoint reading back as 50
2017-05-10 15:16:01.6898 DEBUG Setting the temperature2 to 50
2017-05-10 15:16:01.7087 DEBUG Got a _model_PCRCyclerSetpointTemperature; temperature: 50
2017-05-10 15:16:01.7759 DEBUG Current setpoint2 reading back as 50
2017-05-10 15:16:02.0280 DEBUG DevicePCRCycler SetToAppropriateBand starting
2017-05-10 15:16:02.0443 DEBUG DevicePCRCycler SetToAppropriateBand making settings for the temperature range: From: 0 to 100
2017-05-10 15:16:03.1011 DEBUG DevicePCRCycler SetToAppropriateBand starting
2017-05-10 15:16:03.1195 DEBUG DevicePCRCycler SetToAppropriateBand making settings for the temperature range: From: 0 to 100
2017-05-10 15:16:03.1441 DEBUG DevicePCRCycler SetToAppropriateBand exitting
2017-05-10 15:16:04.2238 DEBUG DevicePCRCycler SetToAppropriateBand exitting
2017-05-10 15:16:22.0651 DEBUG gotoTempAndStay: at temperature = 50, sleeping ...
2017-05-10 15:18:22.0855 DEBUG gotoTempAndStay: ... done sleeping
2017-05-10 15:18:22.1084 DEBUG gotoTempAndStay: temperature = 94 time = 300000 ms
2017-05-10 15:18:22.1285 DEBUG Setting the temperature to 94
2017-05-10 15:18:22.1445 DEBUG Got a _model_PCRCyclerSetpointTemperature; temperature: 94
2017-05-10 15:18:22.2066 DEBUG Current setpoint reading back as 94
2017-05-10 15:18:22.3052 DEBUG Setting the temperature2 to 94
2017-05-10 15:18:22.3453 DEBUG Got a _model_PCRCyclerSetpointTemperature; temperature: 94
2017-05-10 15:18:22.4618 DEBUG Current setpoint2 reading back as 94
2017-05-10 15:18:31.6173 DEBUG gotoTempAndStay: at temperature = 94, sleeping ...
2017-05-10 15:23:31.6512 DEBUG gotoTempAndStay: ... done sleeping
2017-05-10 15:23:31.6973 DEBUG gotoTempAndStay: temperature = 94 time = 15000 ms
2017-05-10 15:23:31.7254 DEBUG Setting the temperature to 94
2017-05-10 15:23:31.7385 DEBUG Got a _model_PCRCyclerSetpointTemperature; temperature: 94
2017-05-10 15:23:31.7928 DEBUG Current setpoint reading back as 94
2017-05-10 15:23:31.9967 DEBUG Setting the temperature2 to 94
2017-05-10 15:23:32.0106 DEBUG Got a _model_PCRCyclerSetpointTemperature; temperature: 94
2017-05-10 15:23:32.0654 DEBUG Current setpoint2 reading back as 94
2017-05-10 15:23:40.2531 DEBUG gotoTempAndStay: at temperature = 94, sleeping ...
2017-05-10 15:23:55.2730 DEBUG gotoTempAndStay: ... done sleeping
2017-05-10 15:23:55.2895 DEBUG Opening results file to: ..\..\Logs\Measurement\2017_05_10_15_14_20\Real time PCR data.csv
2017-05-10 15:23:55.3056 DEBUG      Temperature iteration: 0
2017-05-10 15:23:55.3176 DEBUG gotoTempAndStay: temperature = 60 time = 20000 ms
2017-05-10 15:23:55.3342 DEBUG Setting the temperature to 60
2017-05-10 15:23:55.3445 DEBUG Got a _model_PCRCyclerSetpointTemperature; temperature: 60
2017-05-10 15:23:55.6716 DEBUG Current setpoint reading back as 60
2017-05-10 15:23:55.8210 DEBUG Setting the temperature2 to 60
2017-05-10 15:23:55.8455 DEBUG Got a _model_PCRCyclerSetpointTemperature; temperature: 60
2017-05-10 15:23:55.9019 DEBUG Current setpoint2 reading back as 60
2017-05-10 15:24:27.0475 DEBUG gotoTempAndStay: at temperature = 60, sleeping ...
2017-05-10 15:24:47.0625 DEBUG gotoTempAndStay: ... done sleeping
2017-05-10 15:24:47.0946 DEBUG gotoTempAndStay: temperature = 72 time = 15000 ms
2017-05-10 15:24:47.1163 DEBUG Setting the temperature to 72
2017-05-10 15:24:47.1256 DEBUG Got a _model_PCRCyclerSetpointTemperature; temperature: 72
2017-05-10 15:24:47.2188 DEBUG Current setpoint reading back as 72
2017-05-10 15:24:47.3505 DEBUG Setting the temperature2 to 72
2017-05-10 15:24:47.3636 DEBUG Got a _model_PCRCyclerSetpointTemperature; temperature: 72
2017-05-10 15:24:47.4697 DEBUG Current setpoint2 reading back as 72
2017-05-10 15:25:03.6598 DEBUG gotoTempAndStay: at temperature = 72, sleeping ...
2017-05-10 15:25:18.6751 DEBUG gotoTempAndStay: ... done sleeping
2017-05-10 15:25:19.0333 DEBUG Optics PR readings back are; 0,0,0,0,0,0
2017-05-10 15:25:19.9888 DEBUG Found the port closed, reopening.
2017-05-10 15:25:23.9144 DEBUG Optics PR readings back are; 0,0,0,0,0,0
2017-05-10 15:25:25.1442 DEBUG Optics PR readings back are; 0,0,0,0,0,0
2017-05-10 15:25:26.3590 DEBUG Optics PR readings back are; 0,0,0,0,0,0
2017-05-10 15:25:27.5886 DEBUG Optics PR readings back are; 0,0,0,0,0,0
2017-05-10 15:25:27.8397 DEBUG      Temperature iteration: 1
2017-05-10 15:25:27.8541 DEBUG gotoTempAndStay: temperature = 60 time = 20000 ms
2017-05-10 15:25:27.8791 DEBUG Setting the temperature to 60
2017-05-10 15:25:27.8941 DEBUG Got a _model_PCRCyclerSetpointTemperature; temperature: 60
2017-05-10 15:25:27.9554 DEBUG Current setpoint reading back as 60
2017-05-10 15:25:28.0511 DEBUG Setting the temperature2 to 60
2017-05-10 15:25:28.0511 DEBUG Got a _model_PCRCyclerSetpointTemperature; temperature: 60
2017-05-10 15:25:28.3327 DEBUG Current setpoint2 reading back as 60
2017-05-10 15:25:43.5836 DEBUG gotoTempAndStay: at temperature = 60, sleeping ...
2017-05-10 15:26:03.5990 DEBUG gotoTempAndStay: ... done sleeping
2017-05-10 15:26:03.6502 DEBUG gotoTempAndStay: temperature = 72 time = 15000 ms
2017-05-10 15:26:03.6764 DEBUG Setting the temperature to 72
2017-05-10 15:26:03.6764 DEBUG Got a _model_PCRCyclerSetpointTemperature; temperature: 72
2017-05-10 15:26:03.7379 DEBUG Current setpoint reading back as 72
2017-05-10 15:26:03.8319 DEBUG Setting the temperature2 to 72
2017-05-10 15:26:03.8319 DEBUG Got a _model_PCRCyclerSetpointTemperature; temperature: 72
2017-05-10 15:26:03.9445 DEBUG Current setpoint2 reading back as 72
2017-05-10 15:26:20.1455 DEBUG gotoTempAndStay: at temperature = 72, sleeping ...
2017-05-10 15:26:35.1562 DEBUG gotoTempAndStay: ... done sleeping
2017-05-10 15:26:36.8716 DEBUG Optics PR readings back are; 0,0,0,0,0,0
2017-05-10 15:26:38.0858 DEBUG Optics PR readings back are; 0,0,0,0,0,0
2017-05-10 15:26:39.3160 DEBUG Optics PR readings back are; 0,0,0,0,0,0
2017-05-10 15:26:40.5306 DEBUG Optics PR readings back are; 0,0,0,0,0,0
2017-05-10 15:26:41.7610 DEBUG Optics PR readings back are; 0,0,0,0,0,0
2017-05-10 15:26:42.0024 DEBUG      Temperature iteration: 2
2017-05-10 15:26:42.0175 DEBUG gotoTempAndStay: temperature = 60 time = 20000 ms
2017-05-10 15:26:42.0376 DEBUG Setting the temperature to 60
2017-05-10 15:26:42.0480 DEBUG Got a _model_PCRCyclerSetpointTemperature; temperature: 60
2017-05-10 15:26:42.1022 DEBUG Current setpoint reading back as 60
2017-05-10 15:26:42.2000 DEBUG Setting the temperature2 to 60
2017-05-10 15:26:42.2101 DEBUG Got a _model_PCRCyclerSetpointTemperature; temperature: 60
2017-05-10 15:26:42.3053 DEBUG Current setpoint2 reading back as 60
2017-05-10 15:26:56.6014 DEBUG gotoTempAndStay: at temperature = 60, sleeping ...
2017-05-10 15:27:16.6158 DEBUG gotoTempAndStay: ... done sleeping
2017-05-10 15:27:16.6576 DEBUG gotoTempAndStay: temperature = 72 time = 15000 ms
2017-05-10 15:27:16.6824 DEBUG Setting the temperature to 72
2017-05-10 15:27:16.6946 DEBUG Got a _model_PCRCyclerSetpointTemperature; temperature: 72
2017-05-10 15:27:16.7906 DEBUG Current setpoint reading back as 72
2017-05-10 15:27:16.9605 DEBUG Setting the temperature2 to 72
2017-05-10 15:27:16.9700 DEBUG Got a _model_PCRCyclerSetpointTemperature; temperature: 72
2017-05-10 15:27:17.0313 DEBUG Current setpoint2 reading back as 72
2017-05-10 15:27:33.1848 DEBUG gotoTempAndStay: at temperature = 72, sleeping ...
2017-05-10 15:27:48.1990 DEBUG gotoTempAndStay: ... done sleeping
2017-05-10 15:27:49.9084 DEBUG Optics PR readings back are; 0,0,0,0,0,0
2017-05-10 15:27:51.1385 DEBUG Optics PR readings back are; 0,0,0,0,0,0
2017-05-10 15:27:52.3693 DEBUG Optics PR readings back are; 0,0,0,0,0,0
2017-05-10 15:27:53.5997 DEBUG Optics PR readings back are; 0,0,0,0,0,0
2017-05-10 15:27:54.8301 DEBUG Optics PR readings back are; 0,0,0,0,0,0
2017-05-10 15:27:55.0988 DEBUG      Temperature iteration: 3
2017-05-10 15:27:55.1128 DEBUG gotoTempAndStay: temperature = 60 time = 20000 ms
2017-05-10 15:27:55.1294 DEBUG Setting the temperature to 60
2017-05-10 15:27:55.1294 DEBUG Got a _model_PCRCyclerSetpointTemperature; temperature: 60
2017-05-10 15:27:55.1887 DEBUG Current setpoint reading back as 60
2017-05-10 15:27:55.5292 DEBUG Setting the temperature2 to 60
2017-05-10 15:27:55.5382 DEBUG Got a _model_PCRCyclerSetpointTemperature; temperature: 60
2017-05-10 15:27:55.6780 DEBUG Current setpoint2 reading back as 60
2017-05-10 15:28:10.8173 DEBUG gotoTempAndStay: at temperature = 60, sleeping ...
2017-05-10 15:28:30.8280 DEBUG gotoTempAndStay: ... done sleeping
2017-05-10 15:28:30.8711 DEBUG gotoTempAndStay: temperature = 72 time = 15000 ms
2017-05-10 15:28:30.8932 DEBUG Setting the temperature to 72
2017-05-10 15:28:30.8932 DEBUG Got a _model_PCRCyclerSetpointTemperature; temperature: 72
2017-05-10 15:28:31.0121 DEBUG Current setpoint reading back as 72
2017-05-10 15:28:31.1403 DEBUG Setting the temperature2 to 72
2017-05-10 15:28:31.1403 DEBUG Got a _model_PCRCyclerSetpointTemperature; temperature: 72
2017-05-10 15:28:31.2211 DEBUG Current setpoint2 reading back as 72
2017-05-10 15:28:47.4414 DEBUG gotoTempAndStay: at temperature = 72, sleeping ...
2017-05-10 15:29:02.4528 DEBUG gotoTempAndStay: ... done sleeping
2017-05-10 15:29:04.1290 DEBUG Optics PR readings back are; 0,0,0,0,0,0
2017-05-10 15:29:05.3595 DEBUG Optics PR readings back are; 0,0,0,0,0,0
2017-05-10 15:29:06.6058 DEBUG Optics PR readings back are; 0,0,0,0,0,0
2017-05-10 15:29:07.8203 DEBUG Optics PR readings back are; 0,0,0,0,0,0
2017-05-10 15:29:09.0501 DEBUG Optics PR readings back are; 0,0,0,0,0,0
2017-05-10 15:29:09.3142 DEBUG      Temperature iteration: 4
2017-05-10 15:29:09.3142 DEBUG gotoTempAndStay: temperature = 60 time = 20000 ms
2017-05-10 15:29:09.3503 DEBUG Setting the temperature to 60
2017-05-10 15:29:09.3583 DEBUG Got a _model_PCRCyclerSetpointTemperature; temperature: 60
2017-05-10 15:29:09.5156 DEBUG Current setpoint reading back as 60
2017-05-10 15:29:09.6467 DEBUG Setting the temperature2 to 60
2017-05-10 15:29:09.6467 DEBUG Got a _model_PCRCyclerSetpointTemperature; temperature: 60
2017-05-10 15:29:09.7028 DEBUG Current setpoint2 reading back as 60
2017-05-10 15:29:24.8464 DEBUG gotoTempAndStay: at temperature = 60, sleeping ...
2017-05-10 15:29:44.8600 DEBUG gotoTempAndStay: ... done sleeping
2017-05-10 15:29:44.8994 DEBUG gotoTempAndStay: temperature = 72 time = 15000 ms
2017-05-10 15:29:44.9225 DEBUG Setting the temperature to 72
2017-05-10 15:29:44.9225 DEBUG Got a _model_PCRCyclerSetpointTemperature; temperature: 72
2017-05-10 15:29:45.0140 DEBUG Current setpoint reading back as 72
2017-05-10 15:29:45.1819 DEBUG Setting the temperature2 to 72
2017-05-10 15:29:45.1888 DEBUG Got a _model_PCRCyclerSetpointTemperature; temperature: 72
2017-05-10 15:29:45.2381 DEBUG Current setpoint2 reading back as 72
2017-05-10 15:30:00.3923 DEBUG gotoTempAndStay: at temperature = 72, sleeping ...
2017-05-10 15:30:15.4043 DEBUG gotoTempAndStay: ... done sleeping
2017-05-10 15:30:17.0699 DEBUG Optics PR readings back are; 0,0,0,0,0,0
2017-05-10 15:30:18.2846 DEBUG Optics PR readings back are; 0,0,0,0,0,0
2017-05-10 15:30:19.5152 DEBUG Optics PR readings back are; 0,0,0,0,0,0
2017-05-10 15:30:20.7292 DEBUG Optics PR readings back are; 0,0,0,0,0,0
2017-05-10 15:30:21.9594 DEBUG Optics PR readings back are; 0,0,0,0,0,0
2017-05-10 15:30:22.3110 DEBUG gotoTempAndStay: temperature = 50 time = 60 ms
2017-05-10 15:30:22.3718 DEBUG Setting the temperature to 50
2017-05-10 15:30:22.3843 DEBUG Got a _model_PCRCyclerSetpointTemperature; temperature: 50
2017-05-10 15:30:22.4835 DEBUG Current setpoint reading back as 50
2017-05-10 15:30:22.6338 DEBUG Setting the temperature2 to 50
2017-05-10 15:30:22.6408 DEBUG Got a _model_PCRCyclerSetpointTemperature; temperature: 50
2017-05-10 15:30:22.6894 DEBUG Current setpoint2 reading back as 50
2017-05-10 15:30:51.9184 DEBUG gotoTempAndStay: at temperature = 50, sleeping ...
2017-05-10 15:30:51.9910 DEBUG gotoTempAndStay: ... done sleeping
2017-05-10 15:30:52.3565 DEBUG Setting the temperature to 75
2017-05-10 15:30:52.3986 DEBUG Got a _model_PCRCyclerSetpointTemperature; temperature: 75
2017-05-10 15:30:52.5460 DEBUG Current setpoint reading back as 75
2017-05-10 15:30:52.7224 DEBUG Opening results file to: ..\..\Logs\Measurement\2017_05_10_15_14_20\Real time PCR data.csv
2017-05-10 15:30:54.4120 DEBUG Optics PR readings back are; 0,0,0,0,0,0
2017-05-10 15:30:55.2913 DEBUG Optics PR readings back are; 0,0,0,0,0,0
2017-05-10 15:30:56.1540 DEBUG Optics PR readings back are; 0,0,0,0,0,0
2017-05-10 15:30:57.0163 DEBUG Optics PR readings back are; 0,0,0,0,0,0
2017-05-10 15:30:58.3899 DEBUG Optics PR readings back are; 0,0,0,0,0,0
2017-05-10 15:30:59.2695 DEBUG Optics PR readings back are; 0,0,0,0,0,0
2017-05-10 15:31:00.1324 DEBUG Optics PR readings back are; 0,0,0,0,0,0
2017-05-10 15:31:00.9949 DEBUG Optics PR readings back are; 0,0,0,0,0,0
2017-05-10 15:31:02.3691 DEBUG Optics PR readings back are; 0,0,0,0,0,0
2017-05-10 15:31:03.2641 DEBUG Optics PR readings back are; 0,0,0,0,0,0
2017-05-10 15:31:04.1265 DEBUG Optics PR readings back are; 0,0,0,0,0,0
2017-05-10 15:31:04.9897 DEBUG Optics PR readings back are; 0,0,0,0,0,0
2017-05-10 15:31:06.5235 DEBUG Optics PR readings back are; 0,0,0,0,0,0
2017-05-10 15:31:07.3855 DEBUG Optics PR readings back are; 0,0,0,0,0,0
2017-05-10 15:31:08.2332 DEBUG Optics PR readings back are; 0,0,0,0,0,0
2017-05-10 15:31:09.0799 DEBUG Optics PR readings back are; 0,0,0,0,0,0
2017-05-10 15:31:10.4379 DEBUG Optics PR readings back are; 0,0,0,0,0,0
2017-05-10 15:31:11.3169 DEBUG Optics PR readings back are; 0,0,0,0,0,0
2017-05-10 15:31:12.1637 DEBUG Optics PR readings back are; 0,0,0,0,0,0
2017-05-10 15:31:12.9943 DEBUG Optics PR readings back are; 0,0,0,0,0,0
2017-05-10 15:31:14.5924 DEBUG Optics PR readings back are; 0,0,0,0,0,0
2017-05-10 15:31:15.4711 DEBUG Optics PR readings back are; 0,0,0,0,0,0
2017-05-10 15:31:16.3178 DEBUG Optics PR readings back are; 0,0,0,0,0,0
2017-05-10 15:31:17.1647 DEBUG Optics PR readings back are; 0,0,0,0,0,0
2017-05-10 15:31:18.6989 DEBUG Optics PR readings back are; 0,0,0,0,0,0
2017-05-10 15:31:19.5611 DEBUG Optics PR readings back are; 0,0,0,0,0,0
2017-05-10 15:31:20.4080 DEBUG Optics PR readings back are; 0,0,0,0,0,0
2017-05-10 15:31:21.2391 DEBUG Optics PR readings back are; 0,0,0,0,0,0
2017-05-10 15:31:22.6295 DEBUG Optics PR readings back are; 0,0,0,0,0,0
2017-05-10 15:31:23.5237 DEBUG Optics PR readings back are; 0,0,0,0,0,0
2017-05-10 15:31:24.3704 DEBUG Optics PR readings back are; 0,0,0,0,0,0
2017-05-10 15:31:25.2333 DEBUG Optics PR readings back are; 0,0,0,0,0,0
2017-05-10 15:31:26.6079 DEBUG Optics PR readings back are; 0,0,0,0,0,0
2017-05-10 15:31:27.4865 DEBUG Optics PR readings back are; 0,0,0,0,0,0
2017-05-10 15:31:28.3338 DEBUG Optics PR readings back are; 0,0,0,0,0,0
2017-05-10 15:31:29.2121 DEBUG Optics PR readings back are; 0,0,0,0,0,0
2017-05-10 15:31:30.5867 DEBUG Optics PR readings back are; 0,0,0,0,0,0
2017-05-10 15:31:31.4654 DEBUG Optics PR readings back are; 0,0,0,0,0,0
2017-05-10 15:31:32.3123 DEBUG Optics PR readings back are; 0,0,0,0,0,0
2017-05-10 15:31:33.1751 DEBUG Optics PR readings back are; 0,0,0,0,0,0
2017-05-10 15:31:34.5494 DEBUG Optics PR readings back are; 0,0,0,0,0,0
2017-05-10 15:31:35.4276 DEBUG Optics PR readings back are; 0,0,0,0,0,0
2017-05-10 15:31:36.2747 DEBUG Optics PR readings back are; 0,0,0,0,0,0
2017-05-10 15:31:37.1378 DEBUG Optics PR readings back are; 0,0,0,0,0,0
2017-05-10 15:31:38.5126 DEBUG Optics PR readings back are; 0,0,0,0,0,0
2017-05-10 15:31:39.3913 DEBUG Optics PR readings back are; 0,0,0,0,0,0
2017-05-10 15:31:40.2703 DEBUG Optics PR readings back are; 0,0,0,0,0,0
2017-05-10 15:31:41.1166 DEBUG Optics PR readings back are; 0,0,0,0,0,0
2017-05-10 15:31:42.4912 DEBUG Optics PR readings back are; 0,0,0,0,0,0
2017-05-10 15:31:43.3854 DEBUG Optics PR readings back are; 0,0,0,0,0,0
2017-05-10 15:31:44.2486 DEBUG Optics PR readings back are; 0,0,0,0,0,0
2017-05-10 15:31:45.1114 DEBUG Optics PR readings back are; 0,0,0,0,0,0
2017-05-10 15:31:46.5978 DEBUG Optics PR readings back are; 0,0,0,0,0,0
2017-05-10 15:31:47.4922 DEBUG Optics PR readings back are; 0,0,0,0,0,0
2017-05-10 15:31:48.3547 DEBUG Optics PR readings back are; 0,0,0,0,0,0
2017-05-10 15:31:49.2180 DEBUG Optics PR readings back are; 0,0,0,0,0,0
2017-05-10 15:31:50.6402 DEBUG Optics PR readings back are; 0,0,0,0,0,0
2017-05-10 15:31:51.5348 DEBUG Optics PR readings back are; 0,0,0,0,0,0
2017-05-10 15:31:52.3816 DEBUG Optics PR readings back are; 0,0,0,0,0,0
2017-05-10 15:31:53.2602 DEBUG Optics PR readings back are; 0,0,0,0,0,0
2017-05-10 15:31:54.6176 DEBUG Optics PR readings back are; 0,0,0,0,0,0
2017-05-10 15:31:55.4966 DEBUG Optics PR readings back are; 0,0,0,0,0,0
2017-05-10 15:31:56.3441 DEBUG Optics PR readings back are; 0,0,0,0,0,0
2017-05-10 15:31:57.1910 DEBUG Optics PR readings back are; 0,0,0,0,0,0
2017-05-10 15:31:58.5489 DEBUG Optics PR readings back are; 0,0,0,0,0,0
2017-05-10 15:31:59.4272 DEBUG Optics PR readings back are; 0,0,0,0,0,0
2017-05-10 15:32:00.2904 DEBUG Optics PR readings back are; 0,0,0,0,0,0
2017-05-10 15:32:01.1536 DEBUG Optics PR readings back are; 0,0,0,0,0,0
2017-05-10 15:32:02.5278 DEBUG Optics PR readings back are; 0,0,0,0,0,0
2017-05-10 15:32:03.4219 DEBUG Optics PR readings back are; 0,0,0,0,0,0
2017-05-10 15:32:04.2688 DEBUG Optics PR readings back are; 0,0,0,0,0,0
2017-05-10 15:32:05.1321 DEBUG Optics PR readings back are; 0,0,0,0,0,0
2017-05-10 15:32:06.5051 DEBUG Optics PR readings back are; 0,0,0,0,0,0
2017-05-10 15:32:07.3846 DEBUG Optics PR readings back are; 0,0,0,0,0,0
2017-05-10 15:32:08.2473 DEBUG Optics PR readings back are; 0,0,0,0,0,0
2017-05-10 15:32:09.1104 DEBUG Optics PR readings back are; 0,0,0,0,0,0
2017-05-10 15:32:10.4839 DEBUG Optics PR readings back are; 0,0,0,0,0,0
2017-05-10 15:32:11.3634 DEBUG Optics PR readings back are; 0,0,0,0,0,0
2017-05-10 15:32:12.2257 DEBUG Optics PR readings back are; 0,0,0,0,0,0
2017-05-10 15:32:13.0726 DEBUG Optics PR readings back are; 0,0,0,0,0,0
2017-05-10 15:32:14.4789 DEBUG Optics PR readings back are; 0,0,0,0,0,0
2017-05-10 15:32:15.3579 DEBUG Optics PR readings back are; 0,0,0,0,0,0
2017-05-10 15:32:16.2048 DEBUG Optics PR readings back are; 0,0,0,0,0,0
2017-05-10 15:32:17.0357 DEBUG Optics PR readings back are; 0,0,0,0,0,0
2017-05-10 15:32:18.3775 DEBUG Optics PR readings back are; 0,0,0,0,0,0
2017-05-10 15:32:19.2404 DEBUG Optics PR readings back are; 0,0,0,0,0,0
2017-05-10 15:32:20.0869 DEBUG Optics PR readings back are; 0,0,0,0,0,0
2017-05-10 15:32:20.9181 DEBUG Optics PR readings back are; 0,0,0,0,0,0
2017-05-10 15:32:22.5000 DEBUG Optics PR readings back are; 0,0,0,0,0,0
2017-05-10 15:32:23.3629 DEBUG Optics PR readings back are; 0,0,0,0,0,0
2017-05-10 15:32:24.2096 DEBUG Optics PR readings back are; 0,0,0,0,0,0
2017-05-10 15:32:25.0553 DEBUG Optics PR readings back are; 0,0,0,0,0,0
2017-05-10 15:32:26.4307 DEBUG Optics PR readings back are; 0,0,0,0,0,0
2017-05-10 15:32:27.2933 DEBUG Optics PR readings back are; 0,0,0,0,0,0
2017-05-10 15:32:28.1243 DEBUG Optics PR readings back are; 0,0,0,0,0,0
2017-05-10 15:32:28.9710 DEBUG Optics PR readings back are; 0,0,0,0,0,0
2017-05-10 15:32:30.3455 DEBUG Optics PR readings back are; 0,0,0,0,0,0
2017-05-10 15:32:31.2404 DEBUG Optics PR readings back are; 0,0,0,0,0,0
2017-05-10 15:32:32.1030 DEBUG Optics PR readings back are; 0,0,0,0,0,0
2017-05-10 15:32:32.9658 DEBUG Optics PR readings back are; 0,0,0,0,0,0
2017-05-10 15:32:34.5315 DEBUG Optics PR readings back are; 0,0,0,0,0,0
2017-05-10 15:32:35.4267 DEBUG Optics PR readings back are; 0,0,0,0,0,0
2017-05-10 15:32:36.3055 DEBUG Optics PR readings back are; 0,0,0,0,0,0
2017-05-10 15:32:37.1678 DEBUG Optics PR readings back are; 0,0,0,0,0,0
2017-05-10 15:32:38.5256 DEBUG Optics PR readings back are; 0,0,0,0,0,0
2017-05-10 15:32:39.4211 DEBUG Optics PR readings back are; 0,0,0,0,0,0
2017-05-10 15:32:40.2839 DEBUG Optics PR readings back are; 0,0,0,0,0,0
2017-05-10 15:32:41.1468 DEBUG Optics PR readings back are; 0,0,0,0,0,0
2017-05-10 15:32:42.6479 DEBUG Optics PR readings back are; 0,0,0,0,0,0
2017-05-10 15:32:43.5266 DEBUG Optics PR readings back are; 0,0,0,0,0,0
2017-05-10 15:32:44.3737 DEBUG Optics PR readings back are; 0,0,0,0,0,0
2017-05-10 15:32:45.2367 DEBUG Optics PR readings back are; 0,0,0,0,0,0
2017-05-10 15:32:46.7385 DEBUG Optics PR readings back are; 0,0,0,0,0,0
2017-05-10 15:32:47.6332 DEBUG Optics PR readings back are; 0,0,0,0,0,0
2017-05-10 15:32:48.4801 DEBUG Optics PR readings back are; 0,0,0,0,0,0
2017-05-10 15:32:49.3277 DEBUG Optics PR readings back are; 0,0,0,0,0,0
2017-05-10 15:32:50.8768 DEBUG Optics PR readings back are; 0,0,0,0,0,0
2017-05-10 15:32:51.7555 DEBUG Optics PR readings back are; 0,0,0,0,0,0
2017-05-10 15:32:52.6182 DEBUG Optics PR readings back are; 0,0,0,0,0,0
2017-05-10 15:32:53.4658 DEBUG Optics PR readings back are; 0,0,0,0,0,0
2017-05-10 15:32:54.9198 DEBUG Optics PR readings back are; 0,0,0,0,0,0
2017-05-10 15:32:55.8145 DEBUG Optics PR readings back are; 0,0,0,0,0,0
2017-05-10 15:32:56.6613 DEBUG Optics PR readings back are; 0,0,0,0,0,0
2017-05-10 15:32:57.5233 DEBUG Optics PR readings back are; 0,0,0,0,0,0
2017-05-10 15:32:58.9779 DEBUG Optics PR readings back are; 0,0,0,0,0,0
2017-05-10 15:32:59.8568 DEBUG Optics PR readings back are; 0,0,0,0,0,0
2017-05-10 15:33:00.7039 DEBUG Optics PR readings back are; 0,0,0,0,0,0
2017-05-10 15:33:01.5664 DEBUG Optics PR readings back are; 0,0,0,0,0,0
2017-05-10 15:33:03.1328 DEBUG Optics PR readings back are; 0,0,0,0,0,0
2017-05-10 15:33:04.0268 DEBUG Optics PR readings back are; 0,0,0,0,0,0
2017-05-10 15:33:04.8892 DEBUG Optics PR readings back are; 0,0,0,0,0,0
2017-05-10 15:33:05.7369 DEBUG Optics PR readings back are; 0,0,0,0,0,0
2017-05-10 15:33:07.0956 DEBUG Optics PR readings back are; 0,0,0,0,0,0
2017-05-10 15:33:07.9901 DEBUG Optics PR readings back are; 0,0,0,0,0,0
2017-05-10 15:33:08.8369 DEBUG Optics PR readings back are; 0,0,0,0,0,0
2017-05-10 15:33:09.6992 DEBUG Optics PR readings back are; 0,0,0,0,0,0
2017-05-10 15:33:11.1220 DEBUG Optics PR readings back are; 0,0,0,0,0,0
2017-05-10 15:33:12.0169 DEBUG Optics PR readings back are; 0,0,0,0,0,0
2017-05-10 15:33:12.8798 DEBUG Optics PR readings back are; 0,0,0,0,0,0
2017-05-10 15:33:13.7425 DEBUG Optics PR readings back are; 0,0,0,0,0,0
2017-05-10 15:33:15.2116 DEBUG Optics PR readings back are; 0,0,0,0,0,0
2017-05-10 15:33:16.0912 DEBUG Optics PR readings back are; 0,0,0,0,0,0
