2018-05-29 08:36:29.1152 DEBUG ----- Starting -----
2018-05-29 08:36:40.3856 DEBUG deviceSlider::initialize() Caught an exception: The port is closed.
2018-05-29 08:36:40.4598 DEBUG deviceChassisPiston::initialize() Caught an exception: The port is closed.
2018-05-29 09:10:41.3697 DEBUG ----- Starting -----
2018-05-29 09:10:48.9705 DEBUG deviceSlider::initialize() Caught an exception: The port is closed.
2018-05-29 09:10:49.0517 DEBUG deviceChassisPiston::initialize() Caught an exception: The port is closed.
2018-05-29 09:14:29.4458 DEBUG ----- Starting -----
2018-05-29 09:14:36.9353 DEBUG deviceSlider::initialize() Caught an exception: The port is closed.
2018-05-29 09:14:36.9853 DEBUG deviceChassisPiston::initialize() Caught an exception: The port is closed.
2018-05-29 09:15:12.1584 DEBUG ----- Starting -----
2018-05-29 09:15:20.6941 DEBUG ----- Starting -----
2018-05-29 09:44:11.0181 DEBUG ----- Starting -----
2018-05-29 09:46:04.1711 DEBUG ----- Starting -----
2018-05-29 09:46:05.3181 ERROR ABot2::clsAMB::ExecCMD throwing Exception (AMB )Error: 7  Data: /0'; command: /04N3R; iteration: 3
2018-05-29 09:48:15.0801 DEBUG ----- Starting -----
2018-05-29 09:49:47.6932 DEBUG ----- Starting -----
2018-05-29 09:49:48.7506 ERROR ABot2::clsAMB::ExecCMD throwing Exception (AMB )Error: 7  Data: /0'; command: /04N3R; iteration: 3
2018-05-29 09:52:51.6168 DEBUG ----- Starting -----
2018-05-29 09:52:52.6313 ERROR ABot2::clsAMB::ExecCMD throwing Exception (AMB )Error: 7  Data: /0'; command: /04N3R; iteration: 3
2018-05-29 09:54:05.6726 DEBUG ----- Starting -----
2018-05-29 09:54:06.7652 ERROR ABot2::clsAMB::ExecCMD throwing Exception (AMB )Error: 7  Data: /0'; command: /04N3R; iteration: 3
2018-05-29 09:55:08.2509 DEBUG ----- Starting -----
2018-05-29 09:57:16.3445 DEBUG ----- Starting -----
2018-05-29 09:59:20.1848 DEBUG ----- Starting -----
2018-05-29 09:59:29.3883 DEBUG ----- Starting -----
2018-05-29 10:01:11.5763 DEBUG ----- Starting -----
2018-05-29 10:02:27.7366 DEBUG ----- Starting -----
2018-05-29 10:02:28.8409 ERROR ABot2::clsAMB::ExecCMD throwing Exception (AMB )Error: 7  Data: /0'; command: /04N3R; iteration: 3
2018-05-29 10:05:03.1733 DEBUG ----- Starting -----
2018-05-29 10:07:04.0508 DEBUG ----- Starting -----
2018-05-29 10:07:05.1808 ERROR ABot2::clsAMB::ExecCMD throwing Exception (AMB )Error: 7  Data: /0'; command: /03N3R; iteration: 3
2018-05-29 10:07:14.8510 DEBUG deviceChassisPiston::initialize() Caught an exception: The port is closed.
2018-05-29 10:07:55.3372 DEBUG ----- Starting -----
2018-05-29 10:08:03.5751 DEBUG ----- Starting -----
2018-05-29 10:18:29.4755 DEBUG ----- Starting -----
2018-05-29 10:22:20.9388 DEBUG deviceChassisPiston::initialize() Caught an exception: The port is closed.
2018-05-29 10:22:28.6154 DEBUG ----- Starting -----
2018-05-29 10:26:05.2624 DEBUG ----- Starting -----
2018-05-29 10:27:28.5884 DEBUG ----- Starting -----
2018-05-29 10:30:44.2427 DEBUG ----- Starting -----
2018-05-29 10:34:54.6309 DEBUG ----- Starting -----
2018-05-29 10:35:13.4120 DEBUG deviceChassisPiston::initialize() Caught an exception: The port is closed.
2018-05-29 10:36:39.6880 DEBUG ----- Starting -----
2018-05-29 10:36:51.7646 DEBUG ----- Starting -----
2018-05-29 10:37:11.4059 DEBUG deviceChassisPiston::initialize() Caught an exception: The port is closed.
2018-05-29 10:41:24.8100 DEBUG ----- Starting -----
2018-05-29 10:42:19.2627 DEBUG ----- Starting -----
2018-05-29 10:43:07.7320 DEBUG ----- Starting -----
2018-05-29 10:48:16.3786 DEBUG ----- Starting -----
2018-05-29 10:48:33.8920 DEBUG deviceChassisPiston::initialize() Caught an exception: The port is closed.
2018-05-29 10:49:05.2051 DEBUG ----- Starting -----
2018-05-29 10:51:50.6430 DEBUG ----- Starting -----
2018-05-29 10:53:12.2551 DEBUG ----- Starting -----
2018-05-29 10:58:10.5801 DEBUG ----- Starting -----
2018-05-29 10:58:36.3994 DEBUG ----- Starting -----
2018-05-29 11:02:00.0571 DEBUG ----- Starting -----
2018-05-29 11:02:23.6684 DEBUG ----- Starting -----
2018-05-29 11:03:11.1904 DEBUG ----- Starting -----
2018-05-29 13:21:05.4360 DEBUG ----- Starting -----
2018-05-29 13:21:13.9570 DEBUG deviceHeaterPiston::initialize() Caught an exception: The port is closed.
2018-05-29 13:21:14.0070 DEBUG deviceChassisPiston::initialize() Caught an exception: The port is closed.
2018-05-29 13:22:29.7582 DEBUG ----- Starting -----
2018-05-29 13:22:34.1320 ERROR ABot2::clsAMB::ExecCMD throwing Exception (AMB )Error: 1  Data: /0!; command: /01Q; iteration: 3
2018-05-29 15:02:25.4293 DEBUG ----- Starting -----
2018-05-29 15:02:37.6081 DEBUG ----- Starting -----
2018-05-29 15:03:49.9546 DEBUG ----- Starting -----
2018-05-29 15:04:29.4754 DEBUG ----- Starting -----
2018-05-29 15:04:30.6205 ERROR ABot2::clsAMB::ExecCMD throwing Exception (AMB )Error: 7  Data: /0'; command: /01N3R; iteration: 3
2018-05-29 15:09:35.4068 DEBUG ----- Starting -----
2018-05-29 15:15:00.2063 DEBUG ----- Starting -----
2018-05-29 15:22:50.7887 DEBUG ----- Starting -----
2018-05-29 15:24:20.5110 DEBUG ----- Starting -----
2018-05-29 15:24:27.7819 DEBUG ----- Starting -----
2018-05-29 15:27:27.9770 DEBUG ----- Starting -----
2018-05-29 15:27:34.0205 DEBUG ----- Starting -----
2018-05-29 15:40:49.7814 DEBUG ----- Starting -----
2018-05-29 15:42:46.3155 DEBUG ----- Starting -----
2018-05-29 15:42:47.3555 ERROR ABot2::clsAMB::ExecCMD throwing Exception (AMB )Error: 7  Data: /0'; command: /01N3R; iteration: 3
2018-05-29 15:44:47.4350 DEBUG ----- Starting -----
2018-05-29 15:44:48.4919 ERROR ABot2::clsAMB::ExecCMD throwing Exception (AMB )Error: 7  Data: /0'; command: /01N3R; iteration: 3
2018-05-29 15:49:35.9837 DEBUG ----- Starting -----
2018-05-29 15:49:42.4685 DEBUG deviceChassisPiston::initialize() Caught an exception: The port is closed.
2018-05-29 15:50:50.7545 DEBUG ----- Starting -----
2018-05-29 15:50:59.7396 DEBUG ----- Starting -----
2018-05-29 15:51:36.7405 DEBUG ----- Starting -----
2018-05-29 15:51:43.5408 DEBUG deviceChassisPiston::initialize() Caught an exception: The port is closed.
2018-05-29 15:52:00.2496 DEBUG ----- Starting -----
2018-05-29 15:52:04.0816 DEBUG deviceChassisPiston::initialize() Caught an exception: The port is closed.
2018-05-29 15:53:40.9323 DEBUG ----- Starting -----
2018-05-29 15:54:40.8568 DEBUG ----- Starting -----
2018-05-29 15:54:42.1107 ERROR ABot2::clsAMB::ExecCMD throwing Exception (AMB )Error: 7  Data: /0'; command: /02N3R; iteration: 3
2018-05-29 15:54:48.3707 DEBUG deviceChassisPiston::initialize() Caught an exception: The port is closed.
2018-05-29 15:55:45.4570 DEBUG ----- Starting -----
2018-05-29 15:57:22.4442 DEBUG ----- Starting -----
2018-05-29 15:57:23.5890 ERROR ABot2::clsAMB::ExecCMD throwing Exception (AMB )Error: 7  Data: /0'; command: /02N3R; iteration: 3
2018-05-29 15:57:31.2392 DEBUG deviceChassisPiston::initialize() Caught an exception: The port is closed.
2018-05-29 15:57:54.4924 DEBUG ----- Starting -----
2018-05-29 15:58:55.3819 DEBUG ----- Starting -----
2018-05-29 15:59:12.9025 DEBUG deviceChassisPiston::initialize() Caught an exception: The port is closed.
2018-05-29 15:59:35.8295 DEBUG ----- Starting -----
2018-05-29 17:20:44.0469 DEBUG ----- Starting -----
2018-05-29 17:20:51.0310 DEBUG ----- Starting -----
2018-05-29 17:23:02.3894 DEBUG ----- Starting -----
2018-05-29 17:23:17.8818 DEBUG deviceChassisPiston::initialize() Caught an exception: The port is closed.
2018-05-29 17:24:25.5778 DEBUG ----- Starting -----
2018-05-29 17:24:33.6532 DEBUG ----- Starting -----
2018-05-29 17:25:07.4817 DEBUG ----- Starting -----
2018-05-29 17:31:51.0409 DEBUG ----- Starting -----
2018-05-29 17:31:55.6509 ERROR ABot2::clsAMB::ExecCMD throwing Exception (AMB )Error: 7  Data: /0'; command: /04N3R; iteration: 3
2018-05-29 17:31:55.6609 ERROR ABot2::clsAMB::ExecCMD throwing Exception (AMB )Error: 7  Data: /0'; command: /03N3R; iteration: 3
2018-05-29 17:32:01.5909 ERROR ABot2::clsAMB::ExecCMD throwing Exception (AMB )Error: 7  Data: /0'; command: /03N3R; iteration: 3
2018-05-29 17:32:02.5909 ERROR ABot2::clsAMB::ExecCMD throwing Exception (AMB )Error: 7  Data: /0'; command: /02N3R; iteration: 3
2018-05-29 17:32:19.4209 ERROR ABot2::clsAMB::ExecCMD throwing Exception (AMB )Error: 7  Data: /0'; command: /01N3R; iteration: 3
2018-05-29 17:32:37.7766 DEBUG Opening results file to: ..\..\Logs\Measurement\2018_05_29_17_32_37\Temperature Log.csv
2018-05-29 17:32:38.0167 DEBUG Protocol: Execute step: HelixGen.Model.ProtocolStep line: 5
2018-05-29 17:32:38.0266 DEBUG Executing the action: HelixGen.Model.SlideNPosition
2018-05-29 17:32:41.1367 DEBUG Protocol: Execute step: HelixGen.Model.CycleStep line: 10
2018-05-29 17:32:41.1367 DEBUG Cycle 0: Executing the step: HelixGen.Model.ProtocolStep
2018-05-29 17:32:41.1567 DEBUG Executing the action: HelixGen.Model.r1RNPosition
2018-05-29 17:32:44.2767 DEBUG Cycle 0: Executing the step: HelixGen.Model.ProtocolStep
2018-05-29 17:32:44.2767 DEBUG Executing the action: HelixGen.Model.r2RNPosition
2018-05-29 17:32:45.9267 DEBUG Cycle 1: Executing the step: HelixGen.Model.ProtocolStep
2018-05-29 17:32:45.9367 DEBUG Executing the action: HelixGen.Model.r1RNPosition
2018-05-29 17:32:49.0367 DEBUG Cycle 1: Executing the step: HelixGen.Model.ProtocolStep
2018-05-29 17:32:49.0467 DEBUG Executing the action: HelixGen.Model.r2RNPosition
2018-05-29 17:32:50.6967 DEBUG Cycle 2: Executing the step: HelixGen.Model.ProtocolStep
2018-05-29 17:32:50.7067 DEBUG Executing the action: HelixGen.Model.r1RNPosition
2018-05-29 17:32:53.8167 DEBUG Cycle 2: Executing the step: HelixGen.Model.ProtocolStep
2018-05-29 17:32:53.8167 DEBUG Executing the action: HelixGen.Model.r2RNPosition
2018-05-29 17:32:55.4767 DEBUG Cycle 3: Executing the step: HelixGen.Model.ProtocolStep
2018-05-29 17:32:55.4867 DEBUG Executing the action: HelixGen.Model.r1RNPosition
2018-05-29 17:32:58.5967 DEBUG Cycle 3: Executing the step: HelixGen.Model.ProtocolStep
2018-05-29 17:32:58.5967 DEBUG Executing the action: HelixGen.Model.r2RNPosition
2018-05-29 17:33:00.2567 DEBUG Cycle 4: Executing the step: HelixGen.Model.ProtocolStep
2018-05-29 17:33:00.2667 DEBUG Executing the action: HelixGen.Model.r1RNPosition
2018-05-29 17:33:03.3667 DEBUG Cycle 4: Executing the step: HelixGen.Model.ProtocolStep
2018-05-29 17:33:03.3767 DEBUG Executing the action: HelixGen.Model.r2RNPosition
2018-05-29 17:33:05.0367 DEBUG Cycle 5: Executing the step: HelixGen.Model.ProtocolStep
2018-05-29 17:33:05.0367 DEBUG Executing the action: HelixGen.Model.r1RNPosition
2018-05-29 17:33:08.1467 DEBUG Cycle 5: Executing the step: HelixGen.Model.ProtocolStep
2018-05-29 17:33:08.1567 DEBUG Executing the action: HelixGen.Model.r2RNPosition
2018-05-29 17:33:09.8067 DEBUG Cycle 6: Executing the step: HelixGen.Model.ProtocolStep
2018-05-29 17:33:09.8167 DEBUG Executing the action: HelixGen.Model.r1RNPosition
2018-05-29 17:33:12.9267 DEBUG Cycle 6: Executing the step: HelixGen.Model.ProtocolStep
2018-05-29 17:33:12.9267 DEBUG Executing the action: HelixGen.Model.r2RNPosition
2018-05-29 17:33:14.5867 DEBUG Cycle 7: Executing the step: HelixGen.Model.ProtocolStep
2018-05-29 17:33:14.5967 DEBUG Executing the action: HelixGen.Model.r1RNPosition
2018-05-29 17:33:17.6967 DEBUG Cycle 7: Executing the step: HelixGen.Model.ProtocolStep
2018-05-29 17:33:17.7067 DEBUG Executing the action: HelixGen.Model.r2RNPosition
2018-05-29 17:33:19.3667 DEBUG Cycle 8: Executing the step: HelixGen.Model.ProtocolStep
2018-05-29 17:33:19.3867 DEBUG Executing the action: HelixGen.Model.r1RNPosition
2018-05-29 17:33:22.4967 DEBUG Cycle 8: Executing the step: HelixGen.Model.ProtocolStep
2018-05-29 17:33:22.4967 DEBUG Executing the action: HelixGen.Model.r2RNPosition
2018-05-29 17:33:24.1567 DEBUG Cycle 9: Executing the step: HelixGen.Model.ProtocolStep
2018-05-29 17:33:24.1567 DEBUG Executing the action: HelixGen.Model.r1RNPosition
2018-05-29 17:33:27.2667 DEBUG Cycle 9: Executing the step: HelixGen.Model.ProtocolStep
2018-05-29 17:33:27.2767 DEBUG Executing the action: HelixGen.Model.r2RNPosition
2018-05-29 17:33:28.9367 DEBUG Protocol: Execute step: HelixGen.Model.ProtocolStep line: 16
2018-05-29 17:33:28.9367 DEBUG Executing the action: HelixGen.Model.timeAction
2018-05-29 17:33:38.9667 DEBUG Protocol: Execute step: HelixGen.Model.ProtocolStep line: 17
2018-05-29 17:33:38.9667 DEBUG Executing the action: HelixGen.Model.HeatNPosition
2018-05-29 17:34:05.2367 DEBUG Protocol: Execute step: HelixGen.Model.ProtocolStep line: 18
2018-05-29 17:34:05.2467 DEBUG Executing the action: HelixGen.Model.SlideNNPosition
2018-05-29 17:34:06.0267 DEBUG Protocol: Execute step: HelixGen.Model.ProtocolStep line: 19
2018-05-29 17:34:06.0267 DEBUG Executing the action: HelixGen.Model.chasisAction
2018-05-29 17:34:13.3367 DEBUG Protocol: Execute step: HelixGen.Model.ProtocolStep line: 20
2018-05-29 17:34:13.3467 DEBUG Executing the action: HelixGen.Model.timeAction
2018-05-29 17:34:16.3667 DEBUG Protocol: Execute step: HelixGen.Model.ProtocolStep line: 21
2018-05-29 17:34:16.3767 DEBUG Executing the action: HelixGen.Model.SlideNNPosition
2018-05-29 17:34:17.0367 DEBUG Protocol: Execute step: HelixGen.Model.ProtocolStep line: 22
2018-05-29 17:34:17.0467 DEBUG Executing the action: HelixGen.Model.HeatNPosition
2018-05-29 17:34:26.5267 DEBUG Protocol: Execute step: HelixGen.Model.ProtocolStep line: 23
2018-05-29 17:34:26.5467 DEBUG Executing the action: HelixGen.Model.timeAction
2018-05-29 17:34:29.5567 DEBUG Protocol: Execute step: HelixGen.Model.ProtocolStep line: 24
2018-05-29 17:34:29.5667 DEBUG Executing the action: HelixGen.Model.r2RNNPosition
2018-05-29 17:34:35.6067 DEBUG Protocol: Execute step: HelixGen.Model.ProtocolStep line: 25
2018-05-29 17:34:35.6067 DEBUG Executing the action: HelixGen.Model.r1RNNPosition
2018-05-29 17:34:49.0267 DEBUG Protocol: Execute step: HelixGen.Model.ProtocolStep line: 26
2018-05-29 17:34:49.0267 DEBUG Executing the action: HelixGen.Model.HeatNNPosition
2018-05-29 17:35:03.0767 DEBUG Protocol: Execute step: HelixGen.Model.ProtocolStep line: 27
2018-05-29 17:35:03.0967 DEBUG Executing the action: HelixGen.Model.chasisAction
