2018-12-07 09:49:08.9577 DEBUG ----- Starting -----
2018-12-07 09:49:57.6620 DEBUG ----- Starting -----
2018-12-07 09:50:22.2214 DEBUG Opening results file to: ..\..\Logs\Measurement\2018_12_07_09_50_22\Temperature Log.csv
2018-12-07 09:50:22.2483 DEBUG Protocol: Execute step: HelixGen.Model.ProtocolStep line: 13
2018-12-07 09:50:22.3291 DEBUG Executing the action: HelixGen.Model.heaterCtrlAction
2018-12-07 09:50:30.4174 DEBUG ReadCmd, got an exception: 操作已超时。
2018-12-07 09:50:33.6578 DEBUG Protocol: Execute step: HelixGen.Model.ProtocolStep line: 14
2018-12-07 09:50:33.6608 DEBUG Executing the action: HelixGen.Model.heaterAction
2018-12-07 09:50:41.6943 DEBUG Executing the action: HelixGen.Model.timeAction
2018-12-07 09:50:51.7005 DEBUG Protocol: Execute step: HelixGen.Model.ProtocolStep line: 15
2018-12-07 09:50:51.7005 DEBUG Executing the action: HelixGen.Model.heaterAction
2018-12-07 09:50:57.1340 DEBUG ReadCmd, got an exception: 操作已超时。
2018-12-07 09:50:57.2397 DEBUG Executing the action: HelixGen.Model.timeAction
2018-12-07 09:51:07.2809 DEBUG Protocol: Execute step: HelixGen.Model.ProtocolStep line: 16
2018-12-07 09:51:07.2859 DEBUG Executing the action: HelixGen.Model.heaterAction
2018-12-07 09:51:07.5153 DEBUG Executing the action: HelixGen.Model.timeAction
2018-12-07 09:51:17.5205 DEBUG Protocol: Execute step: HelixGen.Model.ProtocolStep line: 17
2018-12-07 09:51:17.5205 DEBUG Executing the action: HelixGen.Model.heaterAction
2018-12-07 09:51:17.7728 DEBUG Executing the action: HelixGen.Model.timeAction
2018-12-07 09:51:27.7930 DEBUG Protocol: Execute step: HelixGen.Model.ProtocolStep line: 18
2018-12-07 09:51:27.7930 DEBUG Executing the action: HelixGen.Model.heaterAction
2018-12-07 09:51:27.9676 DEBUG Executing the action: HelixGen.Model.timeAction
2018-12-07 09:51:37.9977 DEBUG Protocol: Execute step: HelixGen.Model.ProtocolStep line: 19
2018-12-07 09:51:37.9977 DEBUG Executing the action: HelixGen.Model.heaterAction
2018-12-07 09:51:38.2610 DEBUG Executing the action: HelixGen.Model.timeAction
2018-12-07 09:58:08.4471 DEBUG ----- Starting -----
2018-12-07 09:58:35.9398 DEBUG Opening results file to: ..\..\Logs\Measurement\2018_12_07_09_58_35\Temperature Log.csv
2018-12-07 09:58:35.9487 DEBUG Protocol: Execute step: HelixGen.Model.ProtocolStep line: 13
2018-12-07 09:58:35.9487 DEBUG Executing the action: HelixGen.Model.heaterCtrlAction
2018-12-07 09:58:39.7496 DEBUG ReadCmd, got an exception: 操作已超时。
2018-12-07 09:58:39.8563 DEBUG Protocol: Execute step: HelixGen.Model.ProtocolStep line: 14
2018-12-07 09:58:39.8653 DEBUG Executing the action: HelixGen.Model.heaterAction
2018-12-07 09:58:40.0697 DEBUG Executing the action: HelixGen.Model.timeAction
2018-12-07 09:58:50.0779 DEBUG Protocol: Execute step: HelixGen.Model.ProtocolStep line: 15
2018-12-07 09:58:50.0829 DEBUG Executing the action: HelixGen.Model.heaterAction
2018-12-07 09:58:50.2794 DEBUG Executing the action: HelixGen.Model.timeAction
2018-12-07 09:59:00.3255 DEBUG Protocol: Execute step: HelixGen.Model.ProtocolStep line: 16
2018-12-07 09:59:00.3255 DEBUG Executing the action: HelixGen.Model.heaterAction
2018-12-07 09:59:00.5370 DEBUG Executing the action: HelixGen.Model.timeAction
2018-12-07 09:59:10.6011 DEBUG Protocol: Execute step: HelixGen.Model.ProtocolStep line: 17
2018-12-07 09:59:10.6011 DEBUG Executing the action: HelixGen.Model.heaterAction
2018-12-07 09:59:10.7207 DEBUG Executing the action: HelixGen.Model.timeAction
2018-12-07 09:59:39.1462 DEBUG ----- Starting -----
2018-12-07 09:59:58.9376 DEBUG Opening results file to: ..\..\Logs\Measurement\2018_12_07_09_59_58\Temperature Log.csv
2018-12-07 09:59:59.0054 DEBUG Protocol: Execute step: HelixGen.Model.ProtocolStep line: 13
2018-12-07 09:59:59.0054 DEBUG Executing the action: HelixGen.Model.heaterCtrlAction
2018-12-07 10:00:01.5985 DEBUG ReadCmd, got an exception: 操作已超时。
2018-12-07 10:00:01.6564 DEBUG Protocol: Execute step: HelixGen.Model.ProtocolStep line: 14
2018-12-07 10:00:01.6613 DEBUG Executing the action: HelixGen.Model.heaterAction
2018-12-07 10:00:01.8389 DEBUG Executing the action: HelixGen.Model.timeAction
2018-12-07 10:00:11.9501 DEBUG Protocol: Execute step: HelixGen.Model.ProtocolStep line: 15
2018-12-07 10:00:11.9501 DEBUG Executing the action: HelixGen.Model.heaterAction
2018-12-07 10:00:12.0319 DEBUG Executing the action: HelixGen.Model.timeAction
2018-12-07 10:00:22.0391 DEBUG Protocol: Execute step: HelixGen.Model.ProtocolStep line: 16
2018-12-07 10:00:22.0391 DEBUG Executing the action: HelixGen.Model.heaterAction
2018-12-07 10:01:04.0678 DEBUG ReadCmd, got an exception: 操作已超时。
2018-12-07 10:01:04.3909 DEBUG Executing the action: HelixGen.Model.timeAction
2018-12-07 10:01:14.3991 DEBUG Protocol: Execute step: HelixGen.Model.ProtocolStep line: 17
2018-12-07 10:01:14.3991 DEBUG Executing the action: HelixGen.Model.heaterAction
2018-12-07 10:01:35.1157 DEBUG Executing the action: HelixGen.Model.timeAction
2018-12-07 10:01:45.1210 DEBUG Protocol: Execute step: HelixGen.Model.ProtocolStep line: 18
2018-12-07 10:01:45.1210 DEBUG Executing the action: HelixGen.Model.heaterAction
2018-12-07 10:01:47.4188 DEBUG Executing the action: HelixGen.Model.timeAction
2018-12-07 10:01:57.4241 DEBUG Protocol: Execute step: HelixGen.Model.ProtocolStep line: 19
2018-12-07 10:01:57.4291 DEBUG Executing the action: HelixGen.Model.heaterAction
2018-12-07 10:02:00.6487 DEBUG Executing the action: HelixGen.Model.timeAction
2018-12-07 10:08:44.1632 DEBUG ----- Starting -----
2018-12-07 10:09:17.1889 DEBUG Opening results file to: ..\..\Logs\Measurement\2018_12_07_10_09_17\Temperature Log.csv
2018-12-07 10:09:17.1969 DEBUG Protocol: Execute step: HelixGen.Model.ProtocolStep line: 13
2018-12-07 10:09:17.2248 DEBUG Executing the action: HelixGen.Model.heaterCtrlAction
2018-12-07 10:09:19.9555 DEBUG ReadCmd, got an exception: 操作已超时。
2018-12-07 10:09:20.0921 DEBUG Protocol: Execute step: HelixGen.Model.ProtocolStep line: 14
2018-12-07 10:09:20.0921 DEBUG Executing the action: HelixGen.Model.heaterAction
2018-12-07 10:09:24.0715 DEBUG ReadCmd, got an exception: 操作已超时。
2018-12-07 10:09:24.3258 DEBUG Executing the action: HelixGen.Model.timeAction
2018-12-07 10:09:34.3321 DEBUG Protocol: Execute step: HelixGen.Model.ProtocolStep line: 15
2018-12-07 10:09:34.3370 DEBUG Executing the action: HelixGen.Model.heaterAction
2018-12-07 10:09:34.3919 DEBUG Executing the action: HelixGen.Model.timeAction
2018-12-07 10:09:44.3981 DEBUG Protocol: Execute step: HelixGen.Model.ProtocolStep line: 16
2018-12-07 10:09:44.3981 DEBUG Executing the action: HelixGen.Model.heaterAction
2018-12-07 10:09:44.4580 DEBUG Executing the action: HelixGen.Model.timeAction
2018-12-07 10:09:54.4662 DEBUG Protocol: Execute step: HelixGen.Model.ProtocolStep line: 17
2018-12-07 10:09:54.4662 DEBUG Executing the action: HelixGen.Model.heaterAction
2018-12-07 10:09:54.6677 DEBUG Executing the action: HelixGen.Model.timeAction
2018-12-07 10:10:04.6928 DEBUG Protocol: Execute step: HelixGen.Model.ProtocolStep line: 18
2018-12-07 10:10:04.6928 DEBUG Executing the action: HelixGen.Model.heaterAction
2018-12-07 10:10:04.7497 DEBUG Executing the action: HelixGen.Model.timeAction
2018-12-07 10:10:14.7550 DEBUG Protocol: Execute step: HelixGen.Model.ProtocolStep line: 19
2018-12-07 10:10:14.7550 DEBUG Executing the action: HelixGen.Model.heaterAction
2018-12-07 10:10:14.8637 DEBUG Executing the action: HelixGen.Model.timeAction
2018-12-07 10:16:31.7368 DEBUG ----- Starting -----
2018-12-07 10:16:45.2065 DEBUG Opening results file to: ..\..\Logs\Measurement\2018_12_07_10_16_45\Temperature Log.csv
2018-12-07 10:16:45.2255 DEBUG Protocol: Execute step: HelixGen.Model.ProtocolStep line: 13
2018-12-07 10:16:45.2255 DEBUG Executing the action: HelixGen.Model.heaterCtrlAction
2018-12-07 10:16:48.3930 DEBUG ReadCmd, got an exception: 操作已超时。
2018-12-07 10:16:48.4379 DEBUG Protocol: Execute step: HelixGen.Model.ProtocolStep line: 14
2018-12-07 10:16:48.4379 DEBUG Executing the action: HelixGen.Model.heaterAction
2018-12-07 10:16:54.4927 DEBUG Executing the action: HelixGen.Model.timeAction
2018-12-07 10:17:04.4999 DEBUG Protocol: Execute step: HelixGen.Model.ProtocolStep line: 15
2018-12-07 10:17:04.5049 DEBUG Executing the action: HelixGen.Model.heaterAction
2018-12-07 10:17:04.6066 DEBUG Executing the action: HelixGen.Model.timeAction
2018-12-07 10:17:14.6548 DEBUG Protocol: Execute step: HelixGen.Model.ProtocolStep line: 16
2018-12-07 10:17:14.6548 DEBUG Executing the action: HelixGen.Model.heaterAction
2018-12-07 10:17:14.8333 DEBUG Executing the action: HelixGen.Model.timeAction
2018-12-07 10:17:24.8864 DEBUG Protocol: Execute step: HelixGen.Model.ProtocolStep line: 17
2018-12-07 10:17:24.8864 DEBUG Executing the action: HelixGen.Model.heaterAction
2018-12-07 10:17:25.0260 DEBUG Executing the action: HelixGen.Model.timeAction
2018-12-07 10:17:35.0602 DEBUG Protocol: Execute step: HelixGen.Model.ProtocolStep line: 18
2018-12-07 10:17:35.0602 DEBUG Executing the action: HelixGen.Model.heaterAction
2018-12-07 10:17:35.1559 DEBUG Executing the action: HelixGen.Model.timeAction
2018-12-07 10:17:45.1791 DEBUG Protocol: Execute step: HelixGen.Model.ProtocolStep line: 19
2018-12-07 10:17:45.1791 DEBUG Executing the action: HelixGen.Model.heaterAction
2018-12-07 10:17:45.4464 DEBUG Executing the action: HelixGen.Model.timeAction
2018-12-07 10:17:56.7343 DEBUG ReadCmd, got an exception: 对端口的访问被拒绝。
2018-12-07 10:17:56.7512 DEBUG ReadCmd, got an exception: 端口被关闭。
2018-12-07 10:17:56.7672 DEBUG ReadCmd, got an exception: 端口被关闭。
2018-12-07 10:30:53.8533 DEBUG ----- Starting -----
2018-12-07 10:31:06.0577 DEBUG Opening results file to: ..\..\Logs\Measurement\2018_12_07_10_31_06\Temperature Log.csv
2018-12-07 10:31:06.0577 DEBUG Protocol: Execute step: HelixGen.Model.ProtocolStep line: 13
2018-12-07 10:31:06.0697 DEBUG Executing the action: HelixGen.Model.heaterCtrlAction
2018-12-07 10:31:08.6697 DEBUG ReadCmd, got an exception: 操作已超时。
2018-12-07 10:31:08.8133 DEBUG Protocol: Execute step: HelixGen.Model.ProtocolStep line: 14
2018-12-07 10:31:08.8173 DEBUG Executing the action: HelixGen.Model.heaterAction
2018-12-07 10:31:09.1634 DEBUG Executing the action: HelixGen.Model.timeAction
2018-12-07 10:31:19.1676 DEBUG Protocol: Execute step: HelixGen.Model.ProtocolStep line: 15
2018-12-07 10:31:19.1676 DEBUG Executing the action: HelixGen.Model.heaterAction
2018-12-07 10:31:19.2135 DEBUG Executing the action: HelixGen.Model.timeAction
2018-12-07 10:31:29.2189 DEBUG Protocol: Execute step: HelixGen.Model.ProtocolStep line: 16
2018-12-07 10:31:29.2237 DEBUG Executing the action: HelixGen.Model.heaterAction
2018-12-07 10:31:29.3584 DEBUG Executing the action: HelixGen.Model.timeAction
2018-12-07 10:31:39.3975 DEBUG Protocol: Execute step: HelixGen.Model.ProtocolStep line: 17
2018-12-07 10:31:39.3975 DEBUG Executing the action: HelixGen.Model.heaterAction
2018-12-07 10:31:39.4564 DEBUG Executing the action: HelixGen.Model.timeAction
2018-12-07 10:31:49.4656 DEBUG Protocol: Execute step: HelixGen.Model.ProtocolStep line: 18
2018-12-07 10:31:49.4656 DEBUG Executing the action: HelixGen.Model.heaterAction
2018-12-07 10:31:49.5225 DEBUG Executing the action: HelixGen.Model.timeAction
2018-12-07 10:31:59.5278 DEBUG Protocol: Execute step: HelixGen.Model.ProtocolStep line: 19
2018-12-07 10:31:59.5278 DEBUG Executing the action: HelixGen.Model.heaterAction
2018-12-07 10:31:59.5726 DEBUG Executing the action: HelixGen.Model.timeAction
2018-12-07 10:33:21.1963 DEBUG ReadCmd, got an exception: 对端口的访问被拒绝。
2018-12-07 10:33:21.2123 DEBUG ReadCmd, got an exception: 端口被关闭。
2018-12-07 10:33:21.2282 DEBUG ReadCmd, got an exception: 端口被关闭。
2018-12-07 10:36:40.6965 DEBUG ----- Starting -----
2018-12-07 10:36:51.2703 DEBUG Opening results file to: ..\..\Logs\Measurement\2018_12_07_10_36_51\Temperature Log.csv
2018-12-07 10:36:51.2703 DEBUG Protocol: Execute step: HelixGen.Model.ProtocolStep line: 13
2018-12-07 10:36:51.2703 DEBUG Executing the action: HelixGen.Model.heaterCtrlAction
2018-12-07 10:36:53.1961 DEBUG ReadCmd, got an exception: 操作已超时。
2018-12-07 10:36:53.2120 DEBUG Protocol: Execute step: HelixGen.Model.ProtocolStep line: 14
2018-12-07 10:36:53.2120 DEBUG Executing the action: HelixGen.Model.heaterAction
2018-12-07 10:36:53.7666 DEBUG Executing the action: HelixGen.Model.timeAction
2018-12-07 10:37:03.7718 DEBUG Protocol: Execute step: HelixGen.Model.ProtocolStep line: 15
2018-12-07 10:37:03.7718 DEBUG Executing the action: HelixGen.Model.heaterAction
2018-12-07 10:37:03.8157 DEBUG Executing the action: HelixGen.Model.timeAction
2018-12-07 10:37:13.8229 DEBUG Protocol: Execute step: HelixGen.Model.ProtocolStep line: 16
2018-12-07 10:37:13.8229 DEBUG Executing the action: HelixGen.Model.heaterAction
2018-12-07 10:37:13.8808 DEBUG Executing the action: HelixGen.Model.timeAction
2018-12-07 10:37:23.8970 DEBUG Protocol: Execute step: HelixGen.Model.ProtocolStep line: 17
2018-12-07 10:37:23.8970 DEBUG Executing the action: HelixGen.Model.heaterAction
2018-12-07 10:37:23.9937 DEBUG Executing the action: HelixGen.Model.timeAction
2018-12-07 10:37:34.0439 DEBUG Protocol: Execute step: HelixGen.Model.ProtocolStep line: 18
2018-12-07 10:37:34.0439 DEBUG Executing the action: HelixGen.Model.heaterAction
2018-12-07 10:37:34.1236 DEBUG Executing the action: HelixGen.Model.timeAction
2018-12-07 10:37:44.1977 DEBUG Protocol: Execute step: HelixGen.Model.ProtocolStep line: 19
2018-12-07 10:37:44.1977 DEBUG Executing the action: HelixGen.Model.heaterAction
2018-12-07 10:37:44.3333 DEBUG Executing the action: HelixGen.Model.timeAction
2018-12-07 10:38:04.1583 DEBUG ReadCmd, got an exception: 由于线程退出或应用程序请求，已中止 I/O 操作。

2018-12-07 10:38:04.2102 DEBUG ReadCmd, got an exception: 端口被关闭。
2018-12-07 10:38:04.2481 DEBUG ReadCmd, got an exception: 端口被关闭。
2018-12-07 10:39:31.3905 DEBUG ----- Starting -----
2018-12-07 10:39:41.6890 DEBUG Opening results file to: ..\..\Logs\Measurement\2018_12_07_10_39_41\Temperature Log.csv
2018-12-07 10:39:41.7329 DEBUG Protocol: Execute step: HelixGen.Model.ProtocolStep line: 13
2018-12-07 10:39:41.7329 DEBUG Executing the action: HelixGen.Model.heaterCtrlAction
2018-12-07 10:39:44.2482 DEBUG Protocol: Execute step: HelixGen.Model.ProtocolStep line: 14
2018-12-07 10:39:44.2482 DEBUG Executing the action: HelixGen.Model.heaterAction
2018-12-07 10:39:44.4705 DEBUG Executing the action: HelixGen.Model.timeAction
2018-12-07 10:39:54.5925 DEBUG Protocol: Execute step: HelixGen.Model.ProtocolStep line: 15
2018-12-07 10:39:54.5925 DEBUG Executing the action: HelixGen.Model.heaterAction
2018-12-07 10:39:54.6792 DEBUG Executing the action: HelixGen.Model.timeAction
2018-12-07 10:40:04.7034 DEBUG Protocol: Execute step: HelixGen.Model.ProtocolStep line: 16
2018-12-07 10:40:04.7084 DEBUG Executing the action: HelixGen.Model.heaterAction
2018-12-07 10:40:04.7762 DEBUG Executing the action: HelixGen.Model.timeAction
2018-12-07 10:40:14.8135 DEBUG Protocol: Execute step: HelixGen.Model.ProtocolStep line: 17
2018-12-07 10:40:14.8184 DEBUG Executing the action: HelixGen.Model.heaterAction
2018-12-07 10:40:14.9052 DEBUG Executing the action: HelixGen.Model.timeAction
2018-12-07 10:40:24.9404 DEBUG Protocol: Execute step: HelixGen.Model.ProtocolStep line: 18
2018-12-07 10:40:24.9453 DEBUG Executing the action: HelixGen.Model.heaterAction
2018-12-07 10:40:25.0022 DEBUG Executing the action: HelixGen.Model.timeAction
2018-12-07 10:40:35.0084 DEBUG Protocol: Execute step: HelixGen.Model.ProtocolStep line: 19
2018-12-07 10:40:35.0084 DEBUG Executing the action: HelixGen.Model.heaterAction
2018-12-07 10:40:35.1311 DEBUG Executing the action: HelixGen.Model.timeAction
2018-12-07 10:43:01.1805 DEBUG ReadCmd, got an exception: 对端口的访问被拒绝。
2018-12-07 10:43:01.1985 DEBUG ReadCmd, got an exception: 端口被关闭。
2018-12-07 10:43:01.2164 DEBUG ReadCmd, got an exception: 端口被关闭。
2018-12-07 10:48:50.2524 DEBUG ----- Starting -----
2018-12-07 10:49:01.0894 DEBUG Opening results file to: ..\..\Logs\Measurement\2018_12_07_10_49_01\Temperature Log.csv
2018-12-07 10:49:01.0984 DEBUG Protocol: Execute step: HelixGen.Model.ProtocolStep line: 13
2018-12-07 10:49:01.0984 DEBUG Executing the action: HelixGen.Model.heaterCtrlAction
2018-12-07 10:49:03.9896 DEBUG ReadCmd, got an exception: 操作已超时。
2018-12-07 10:49:04.2091 DEBUG Protocol: Execute step: HelixGen.Model.ProtocolStep line: 14
2018-12-07 10:49:04.2091 DEBUG Executing the action: HelixGen.Model.heaterAction
2018-12-07 10:49:04.5671 DEBUG Executing the action: HelixGen.Model.timeAction
2018-12-07 10:49:14.5733 DEBUG Protocol: Execute step: HelixGen.Model.ProtocolStep line: 15
2018-12-07 10:49:14.5733 DEBUG Executing the action: HelixGen.Model.heaterAction
2018-12-07 10:49:14.6721 DEBUG Executing the action: HelixGen.Model.timeAction
2018-12-07 10:49:24.6943 DEBUG Protocol: Execute step: HelixGen.Model.ProtocolStep line: 16
2018-12-07 10:49:24.6943 DEBUG Executing the action: HelixGen.Model.heaterAction
2018-12-07 10:49:24.7541 DEBUG Executing the action: HelixGen.Model.timeAction
2018-12-07 10:49:26.9981 DEBUG ReadCmd, got an exception: 由于线程退出或应用程序请求，已中止 I/O 操作。

2018-12-07 10:49:27.0450 DEBUG ReadCmd, got an exception: 端口被关闭。
2018-12-07 10:49:27.0609 DEBUG ReadCmd, got an exception: 端口被关闭。
2018-12-07 10:55:05.8386 DEBUG ----- Starting -----
2018-12-07 10:55:17.5901 DEBUG Opening results file to: ..\..\Logs\Measurement\2018_12_07_10_55_17\Temperature Log.csv
2018-12-07 10:55:17.5901 DEBUG Protocol: Execute step: HelixGen.Model.ProtocolStep line: 13
2018-12-07 10:55:17.6021 DEBUG Executing the action: HelixGen.Model.heaterCtrlAction
2018-12-07 10:55:27.7250 DEBUG ReadCmd, got an exception: 操作已超时。
2018-12-07 10:55:27.8888 DEBUG Protocol: Execute step: HelixGen.Model.ProtocolStep line: 14
2018-12-07 10:55:27.9935 DEBUG Executing the action: HelixGen.Model.heaterAction
2018-12-07 10:55:28.4632 DEBUG Executing the action: HelixGen.Model.timeAction
2018-12-07 10:55:38.4685 DEBUG Protocol: Execute step: HelixGen.Model.ProtocolStep line: 15
2018-12-07 10:55:38.4735 DEBUG Executing the action: HelixGen.Model.heaterAction
2018-12-07 10:55:38.5603 DEBUG Executing the action: HelixGen.Model.timeAction
2018-12-07 10:55:40.1959 DEBUG ReadCmd, got an exception: 对端口的访问被拒绝。
2018-12-07 10:55:40.2088 DEBUG ReadCmd, got an exception: 端口被关闭。
2018-12-07 10:55:40.2088 DEBUG ReadCmd, got an exception: 端口被关闭。
2018-12-07 11:11:01.9451 DEBUG ----- Starting -----
2018-12-07 11:11:12.4674 DEBUG Opening results file to: ..\..\Logs\Measurement\2018_12_07_11_11_12\Temperature Log.csv
2018-12-07 11:11:12.5582 DEBUG Protocol: Execute step: HelixGen.Model.ProtocolStep line: 13
2018-12-07 11:11:12.6020 DEBUG Executing the action: HelixGen.Model.heaterCtrlAction
2018-12-07 11:11:15.4624 DEBUG ReadCmd, got an exception: 操作已超时。
2018-12-07 11:11:15.6240 DEBUG Protocol: Execute step: HelixGen.Model.ProtocolStep line: 14
2018-12-07 11:11:15.6240 DEBUG Executing the action: HelixGen.Model.heaterAction
2018-12-07 11:11:16.0219 DEBUG Executing the action: HelixGen.Model.timeAction
2018-12-07 11:11:26.0263 DEBUG Protocol: Execute step: HelixGen.Model.ProtocolStep line: 15
2018-12-07 11:11:26.0263 DEBUG Executing the action: HelixGen.Model.heaterAction
2018-12-07 11:11:26.0721 DEBUG Executing the action: HelixGen.Model.timeAction
2018-12-07 11:11:36.0763 DEBUG Protocol: Execute step: HelixGen.Model.ProtocolStep line: 16
2018-12-07 11:11:36.0763 DEBUG Executing the action: HelixGen.Model.heaterAction
2018-12-07 11:11:36.2169 DEBUG Executing the action: HelixGen.Model.timeAction
2018-12-07 11:11:46.2322 DEBUG Protocol: Execute step: HelixGen.Model.ProtocolStep line: 17
2018-12-07 11:11:46.2322 DEBUG Executing the action: HelixGen.Model.heaterAction
2018-12-07 11:11:46.2820 DEBUG Executing the action: HelixGen.Model.timeAction
2018-12-07 11:11:56.2883 DEBUG Protocol: Execute step: HelixGen.Model.ProtocolStep line: 18
2018-12-07 11:11:56.2883 DEBUG Executing the action: HelixGen.Model.heaterAction
2018-12-07 11:11:56.3322 DEBUG Executing the action: HelixGen.Model.timeAction
2018-12-07 11:14:36.9286 DEBUG ----- Starting -----
2018-12-07 11:14:47.3218 DEBUG Opening results file to: ..\..\Logs\Measurement\2018_12_07_11_14_47\Temperature Log.csv
2018-12-07 11:14:47.3218 DEBUG Protocol: Execute step: HelixGen.Model.ProtocolStep line: 13
2018-12-07 11:14:47.3338 DEBUG Executing the action: HelixGen.Model.heaterCtrlAction
2018-12-07 11:14:50.0485 DEBUG Protocol: Execute step: HelixGen.Model.ProtocolStep line: 14
2018-12-07 11:14:50.0665 DEBUG Executing the action: HelixGen.Model.heaterAction
2018-12-07 11:14:50.1622 DEBUG ReadCmd, got an exception: 操作已超时。
2018-12-07 11:14:50.5133 DEBUG Executing the action: HelixGen.Model.timeAction
2018-12-07 11:15:00.5255 DEBUG Protocol: Execute step: HelixGen.Model.ProtocolStep line: 15
2018-12-07 11:15:00.5255 DEBUG Executing the action: HelixGen.Model.heaterAction
2018-12-07 11:15:00.5943 DEBUG Executing the action: HelixGen.Model.timeAction
2018-12-07 11:15:10.6046 DEBUG Protocol: Execute step: HelixGen.Model.ProtocolStep line: 16
2018-12-07 11:15:10.6046 DEBUG Executing the action: HelixGen.Model.heaterAction
2018-12-07 11:15:10.6445 DEBUG Executing the action: HelixGen.Model.timeAction
2018-12-07 11:22:42.0535 DEBUG ----- Starting -----
2018-12-07 11:25:20.7213 DEBUG Opening results file to: ..\..\Logs\Measurement\2018_12_07_11_25_20\Temperature Log.csv
2018-12-07 11:25:20.7303 DEBUG Protocol: Execute step: HelixGen.Model.ProtocolStep line: 13
2018-12-07 11:25:20.7303 DEBUG Executing the action: HelixGen.Model.heaterCtrlAction
2018-12-07 11:25:23.1917 DEBUG ReadCmd, got an exception: 操作已超时。
2018-12-07 11:25:23.2126 DEBUG Protocol: Execute step: HelixGen.Model.ProtocolStep line: 14
2018-12-07 11:25:23.2126 DEBUG Executing the action: HelixGen.Model.heaterAction
2018-12-07 11:25:23.7681 DEBUG Protocol: Execute step: HelixGen.Model.ProtocolStep line: 15
2018-12-07 11:25:23.9097 DEBUG Executing the action: HelixGen.Model.heaterAction
2018-12-07 11:25:24.2179 DEBUG Protocol: Execute step: HelixGen.Model.ProtocolStep line: 16
2018-12-07 11:25:24.2179 DEBUG Executing the action: HelixGen.Model.heaterAction
2018-12-07 11:25:24.4882 DEBUG Protocol: Execute step: HelixGen.Model.ProtocolStep line: 17
2018-12-07 11:25:24.5002 DEBUG Executing the action: HelixGen.Model.heaterAction
2018-12-07 11:25:24.7106 DEBUG Protocol: Execute step: HelixGen.Model.ProtocolStep line: 18
2018-12-07 11:25:24.7106 DEBUG Executing the action: HelixGen.Model.heaterAction
2018-12-07 11:25:24.8662 DEBUG Protocol: Execute step: HelixGen.Model.ProtocolStep line: 19
2018-12-07 11:25:24.8662 DEBUG Executing the action: HelixGen.Model.heaterAction
2018-12-07 11:25:24.9779 DEBUG Protocol: Execute step: HelixGen.Model.ProtocolStep line: 20
2018-12-07 11:25:24.9779 DEBUG Executing the action: HelixGen.Model.heaterCtrlAction
2018-12-07 11:25:32.4898 ERROR fileOperation caught an exception; 未能找到文件“C:\HelixGen\Logs\Measurement\2018_12_07_11_25_20\Melt Curve logging.csv”。
2018-12-07 11:25:32.5237 ERROR fileOperation caught an exception; 文件“C:\HelixGen\Logs\Measurement\2018_12_07_11_25_20\Temperature Log.csv”正由另一进程使用，因此该进程无法访问此文件。
2018-12-07 11:25:32.5496 ERROR fileOperation caught an exception; 未能找到文件“C:\HelixGen\Logs\Measurement\2018_12_07_11_25_20\Melt Curve logging.csv”。
2018-12-07 11:25:32.5716 ERROR fileOperation caught an exception; 文件“C:\HelixGen\Logs\Measurement\2018_12_07_11_25_20\Temperature Log.csv”正由另一进程使用，因此该进程无法访问此文件。
2018-12-07 11:26:00.0262 DEBUG ----- Starting -----
2018-12-07 11:26:14.4057 DEBUG Opening results file to: ..\..\Logs\Measurement\2018_12_07_11_26_14\Temperature Log.csv
2018-12-07 11:26:14.4137 DEBUG Protocol: Execute step: HelixGen.Model.ProtocolStep line: 13
2018-12-07 11:26:14.4137 DEBUG Executing the action: HelixGen.Model.heaterCtrlAction
2018-12-07 11:26:16.9948 DEBUG ReadCmd, got an exception: 操作已超时。
2018-12-07 11:26:17.0267 DEBUG Protocol: Execute step: HelixGen.Model.ProtocolStep line: 14
2018-12-07 11:26:17.0267 DEBUG Executing the action: HelixGen.Model.heaterAction
2018-12-07 11:26:20.7986 DEBUG ReadCmd, got an exception: 操作已超时。
2018-12-07 11:26:27.1706 DEBUG ReadCmd, got an exception: 操作已超时。
2018-12-07 11:26:48.3214 DEBUG ----- Starting -----
2018-12-07 11:27:53.7983 DEBUG ----- Starting -----
2018-12-07 11:28:15.9521 DEBUG Opening results file to: ..\..\Logs\Measurement\2018_12_07_11_28_15\Temperature Log.csv
2018-12-07 11:28:15.9591 DEBUG Protocol: Execute step: HelixGen.Model.ProtocolStep line: 13
2018-12-07 11:28:15.9591 DEBUG Executing the action: HelixGen.Model.heaterCtrlAction
2018-12-07 11:28:18.1761 DEBUG ReadCmd, got an exception: 操作已超时。
2018-12-07 11:28:18.1921 DEBUG Protocol: Execute step: HelixGen.Model.ProtocolStep line: 14
2018-12-07 11:28:18.1921 DEBUG Executing the action: HelixGen.Model.heaterAction
2018-12-07 11:28:22.4891 DEBUG ReadCmd, got an exception: 操作已超时。
2018-12-07 11:28:25.3794 DEBUG ReadCmd, got an exception: 操作已超时。
2018-12-07 11:28:27.6094 DEBUG ReadCmd, got an exception: 操作已超时。
2018-12-07 11:28:45.1315 DEBUG ReadCmd, got an exception: 操作已超时。
2018-12-07 11:28:57.4097 DEBUG Protocol: Execute step: HelixGen.Model.ProtocolStep line: 15
2018-12-07 11:28:58.1228 DEBUG Executing the action: HelixGen.Model.heaterAction
2018-12-07 11:29:01.8229 DEBUG ReadCmd, got an exception: 操作已超时。
2018-12-07 11:29:04.4299 DEBUG ReadCmd, got an exception: 操作已超时。
2018-12-07 11:29:21.8603 DEBUG ReadCmd, got an exception: 操作已超时。
2018-12-07 11:29:26.0730 DEBUG ReadCmd, got an exception: 操作已超时。
2018-12-07 11:29:26.0730 DEBUG Protocol: Execute step: HelixGen.Model.ProtocolStep line: 16
2018-12-07 11:29:26.1259 DEBUG Executing the action: HelixGen.Model.heaterAction
2018-12-07 11:29:34.6481 DEBUG ReadCmd, got an exception: 操作已超时。
2018-12-07 11:29:36.5071 DEBUG ReadCmd, got an exception: 操作已超时。
2018-12-07 11:29:47.1626 DEBUG ReadCmd, got an exception: 操作已超时。
2018-12-07 11:29:47.1626 DEBUG Protocol: Execute step: HelixGen.Model.ProtocolStep line: 17
2018-12-07 11:29:47.1826 DEBUG Executing the action: HelixGen.Model.heaterAction
2018-12-07 11:29:49.6238 DEBUG ReadCmd, got an exception: 操作已超时。
2018-12-07 11:29:52.1051 DEBUG ReadCmd, got an exception: 操作已超时。
2018-12-07 11:34:52.0122 DEBUG ----- Starting -----
2018-12-07 11:35:01.0381 DEBUG Opening results file to: ..\..\Logs\Measurement\2018_12_07_11_35_01\Temperature Log.csv
2018-12-07 11:35:01.0381 DEBUG Protocol: Execute step: HelixGen.Model.ProtocolStep line: 13
2018-12-07 11:35:01.0510 DEBUG Executing the action: HelixGen.Model.heaterCtrlAction
2018-12-07 11:35:01.4470 DEBUG Protocol: Execute step: HelixGen.Model.ProtocolStep line: 14
2018-12-07 11:35:01.4470 DEBUG Executing the action: HelixGen.Model.heaterAction
2018-12-07 11:35:08.9549 DEBUG ReadCmd, got an exception: 操作已超时。
2018-12-07 11:35:09.1155 DEBUG Executing the action: HelixGen.Model.timeAction
2018-12-07 11:35:19.2474 DEBUG Protocol: Execute step: HelixGen.Model.ProtocolStep line: 15
2018-12-07 11:35:19.2474 DEBUG Executing the action: HelixGen.Model.heaterAction
2018-12-07 11:35:24.3906 DEBUG Executing the action: HelixGen.Model.timeAction
2018-12-07 11:35:34.3960 DEBUG Protocol: Execute step: HelixGen.Model.ProtocolStep line: 16
2018-12-07 11:35:34.3960 DEBUG Executing the action: HelixGen.Model.heaterAction
2018-12-07 11:37:16.6345 DEBUG ----- Starting -----
2018-12-07 11:37:25.6527 DEBUG Opening results file to: ..\..\Logs\Measurement\2018_12_07_11_37_25\Temperature Log.csv
2018-12-07 11:37:25.6617 DEBUG Protocol: Execute step: HelixGen.Model.ProtocolStep line: 13
2018-12-07 11:37:25.6617 DEBUG Executing the action: HelixGen.Model.heaterCtrlAction
2018-12-07 11:37:29.9562 DEBUG ReadCmd, got an exception: 操作已超时。
2018-12-07 11:37:37.9289 DEBUG ReadCmd, got an exception: 操作已超时。
2018-12-07 11:37:40.4242 DEBUG ReadCmd, got an exception: 操作已超时。
2018-12-07 11:37:57.9473 DEBUG ReadCmd, got an exception: 操作已超时。
2018-12-07 11:38:09.9064 DEBUG ReadCmd, got an exception: 操作已超时。
2018-12-07 11:38:35.3583 DEBUG ReadCmd, got an exception: 操作已超时。
2018-12-07 11:39:23.1179 DEBUG ReadCmd, got an exception: 操作已超时。
2018-12-07 11:39:31.0061 DEBUG ReadCmd, got an exception: 操作已超时。
2018-12-07 11:40:10.8017 DEBUG Protocol: Execute step: HelixGen.Model.ProtocolStep line: 14
2018-12-07 11:40:10.8017 DEBUG Executing the action: HelixGen.Model.heaterAction
2018-12-07 11:40:19.2920 DEBUG ReadCmd, got an exception: 操作已超时。
2018-12-07 11:40:27.7624 DEBUG ReadCmd, got an exception: 操作已超时。
2018-12-07 11:40:29.7760 DEBUG ReadCmd, got an exception: 操作已超时。
2018-12-07 11:40:31.6649 DEBUG ReadCmd, got an exception: 操作已超时。
2018-12-07 11:40:31.6649 DEBUG Executing the action: HelixGen.Model.timeAction
2018-12-07 11:40:39.6306 DEBUG ReadCmd, got an exception: 操作已超时。
2018-12-07 11:40:41.6832 DEBUG Protocol: Execute step: HelixGen.Model.ProtocolStep line: 15
2018-12-07 11:40:41.6832 DEBUG Executing the action: HelixGen.Model.heaterAction
2018-12-07 11:40:48.8430 DEBUG ReadCmd, got an exception: 操作已超时。
2018-12-07 11:41:38.7276 DEBUG ----- Starting -----
2018-12-07 11:41:48.7129 DEBUG Opening results file to: ..\..\Logs\Measurement\2018_12_07_11_41_48\Temperature Log.csv
2018-12-07 11:41:48.7129 DEBUG Protocol: Execute step: HelixGen.Model.ProtocolStep line: 13
2018-12-07 11:41:48.7259 DEBUG Executing the action: HelixGen.Model.heaterCtrlAction
2018-12-07 11:41:52.2395 DEBUG ReadCmd, got an exception: 操作已超时。
2018-12-07 11:41:58.9276 DEBUG ReadCmd, got an exception: 操作已超时。
2018-12-07 11:42:02.6187 DEBUG ReadCmd, got an exception: 操作已超时。
2018-12-07 11:51:25.3278 DEBUG ----- Starting -----
2018-12-07 11:51:35.0318 DEBUG Opening results file to: ..\..\Logs\Measurement\2018_12_07_11_51_35\Temperature Log.csv
2018-12-07 11:51:35.0398 DEBUG Protocol: Execute step: HelixGen.Model.ProtocolStep line: 13
2018-12-07 11:51:35.0398 DEBUG Executing the action: HelixGen.Model.heaterCtrlAction
2018-12-07 11:51:38.7778 DEBUG Protocol: Execute step: HelixGen.Model.ProtocolStep line: 14
2018-12-07 11:51:38.7778 DEBUG Executing the action: HelixGen.Model.heaterAction
2018-12-07 11:51:44.2881 DEBUG Executing the action: HelixGen.Model.timeAction
2018-12-07 11:51:54.2933 DEBUG Protocol: Execute step: HelixGen.Model.ProtocolStep line: 15
2018-12-07 11:51:54.2933 DEBUG Executing the action: HelixGen.Model.heaterAction
2018-12-07 11:51:54.5925 DEBUG Executing the action: HelixGen.Model.timeAction
2018-12-07 11:52:04.5988 DEBUG Protocol: Execute step: HelixGen.Model.ProtocolStep line: 16
2018-12-07 11:52:04.5988 DEBUG Executing the action: HelixGen.Model.heaterAction
2018-12-07 11:52:04.6586 DEBUG Executing the action: HelixGen.Model.timeAction
2018-12-07 11:52:14.6641 DEBUG Protocol: Execute step: HelixGen.Model.ProtocolStep line: 17
2018-12-07 11:52:14.6641 DEBUG Executing the action: HelixGen.Model.heaterAction
2018-12-07 11:52:14.7240 DEBUG Executing the action: HelixGen.Model.timeAction
2018-12-07 11:52:24.7292 DEBUG Protocol: Execute step: HelixGen.Model.ProtocolStep line: 18
2018-12-07 11:52:24.7292 DEBUG Executing the action: HelixGen.Model.heaterAction
2018-12-07 11:52:24.7881 DEBUG Executing the action: HelixGen.Model.timeAction
2018-12-07 11:52:34.7943 DEBUG Protocol: Execute step: HelixGen.Model.ProtocolStep line: 19
2018-12-07 11:52:34.7943 DEBUG Executing the action: HelixGen.Model.heaterAction
2018-12-07 11:52:34.8532 DEBUG Executing the action: HelixGen.Model.timeAction
2018-12-07 11:53:26.2368 DEBUG ReadCmd, got an exception: 对端口的访问被拒绝。
2018-12-07 11:53:26.2527 DEBUG ReadCmd, got an exception: 端口被关闭。
2018-12-07 11:53:26.2667 DEBUG ReadCmd, got an exception: 端口被关闭。
2018-12-07 13:04:49.2917 DEBUG ----- Starting -----
2018-12-07 13:05:12.5774 DEBUG Opening results file to: ..\..\Logs\Measurement\2018_12_07_13_05_12\Temperature Log.csv
2018-12-07 13:05:12.5864 DEBUG Protocol: Execute step: HelixGen.Model.ProtocolStep line: 13
2018-12-07 13:05:12.5864 DEBUG Executing the action: HelixGen.Model.heaterCtrlAction
2018-12-07 13:05:16.4750 DEBUG Protocol: Execute step: HelixGen.Model.ProtocolStep line: 14
2018-12-07 13:05:16.4750 DEBUG Executing the action: HelixGen.Model.heaterAction
2018-12-07 13:05:16.5538 DEBUG Executing the action: HelixGen.Model.timeAction
2018-12-07 13:05:26.5600 DEBUG Protocol: Execute step: HelixGen.Model.ProtocolStep line: 15
2018-12-07 13:05:26.5600 DEBUG Executing the action: HelixGen.Model.heaterAction
2018-12-07 13:05:26.6668 DEBUG Executing the action: HelixGen.Model.timeAction
2018-12-07 15:59:31.2945 DEBUG ----- Starting -----
