2018-10-19 09:38:29.9061 DEBUG ----- Starting -----
2018-10-19 09:39:02.9053 DEBUG ----- Starting -----
2018-10-19 09:42:21.3526 DEBUG ----- Starting -----
2018-10-19 09:42:32.9297 DEBUG Opening results file to: ..\..\Logs\Measurement\2018_10_19_09_42_32\Temperature Log.csv
2018-10-19 09:42:32.9506 DEBUG Protocol: Execute step: HelixGen.Model.MeltCurveStep line: 20
2018-10-19 09:42:32.9506 DEBUG gotoTempAndStay: temperature = 45 time = 60 ms
2018-10-19 09:42:32.9646 DEBUG Setting the temperature to 45
2018-10-19 09:42:33.0733 DEBUG Got a _model_PCRCyclerSetpointTemperature; temperature: 45
2018-10-19 09:42:33.2329 DEBUG DevicePCRCycler SetToAppropriateBand, finding a new band, curTemp is 25.703 to temp is 95
2018-10-19 09:42:33.2329 DEBUG DevicePCRCycler SelectThermalParameters, found a plan; curTemp is 25.703 making settings for the temperature range: From: 0-90 To: 90-110
2018-10-19 09:42:33.2419 DEBUG SetChannelSettings; Channel: 4 OvershootOffset: 1, OvershootDuration: 1 P: 40 I: 0.05 D: 400
2018-10-19 09:42:33.3765 DEBUG TEC; setting the overshootDuration to 1
2018-10-19 09:42:33.4403 DEBUG TEC; setting the overshootoffset to 1
2018-10-19 09:42:33.4723 DEBUG TEC; setting the overshootDuration to 1
2018-10-19 09:42:33.5361 DEBUG TEC; setting the overshootoffset to 1
2018-10-19 09:42:40.0935 DEBUG At temperature.
2018-10-19 09:42:40.0935 DEBUG gotoTempAndStay: at temperature = 45, sleeping ...
2018-10-19 09:42:40.2152 DEBUG Meltcurve: setting the ramprate to 0.1
2018-10-19 09:42:40.3269 DEBUG Setting the temperature to 85
2018-10-19 09:42:40.3429 DEBUG Got a _model_PCRCyclerSetpointTemperature; temperature: 85
2018-10-19 09:42:40.3598 DEBUG Opening melt results file to: ..\..\Logs\Measurement\2018_10_19_09_42_32\Melt Curve logging.csv
2018-10-19 09:42:40.4237 DEBUG In meltcurve, curTemp = 44.564998626709
2018-10-19 09:42:40.4386 DEBUG In meltcurve, curTemp = 44.564998626709
2018-10-19 09:42:41.5437 DEBUG opticReadCmd, got an exception: 操作已超时。
2018-10-19 09:42:41.7012 DEBUG In meltcurve, curTemp = 44.5789985656738
2018-10-19 09:42:42.7684 DEBUG opticReadCmd, got an exception: 操作已超时。
2018-10-19 09:42:42.8682 DEBUG In meltcurve, curTemp = 44.4210014343262
2018-10-19 09:42:43.8854 DEBUG opticReadCmd, got an exception: 操作已超时。
2018-10-19 09:42:44.0191 DEBUG In meltcurve, curTemp = 44.3470001220703
2018-10-19 09:42:45.0443 DEBUG opticReadCmd, got an exception: 操作已超时。
2018-10-19 09:42:45.3605 DEBUG In meltcurve, curTemp = 44.4169998168945
2018-10-19 09:42:46.4017 DEBUG opticReadCmd, got an exception: 操作已超时。
2018-10-19 09:42:46.4157 DEBUG In meltcurve, curTemp = 44.3569984436035
2018-10-19 09:42:47.4449 DEBUG opticReadCmd, got an exception: 操作已超时。
2018-10-19 09:42:47.5496 DEBUG In meltcurve, curTemp = 44.4609985351563
2018-10-19 09:42:48.5898 DEBUG opticReadCmd, got an exception: 操作已超时。
2018-10-19 09:42:48.6048 DEBUG In meltcurve, curTemp = 44.7200012207031
2018-10-19 09:42:49.6291 DEBUG opticReadCmd, got an exception: 操作已超时。
2018-10-19 09:42:49.6909 DEBUG In meltcurve, curTemp = 44.9850006103516
2018-10-19 09:42:50.7112 DEBUG opticReadCmd, got an exception: 操作已超时。
2018-10-19 09:42:50.8578 DEBUG In meltcurve, curTemp = 45.0849990844727
2018-10-19 09:42:51.2248 DEBUG In meltcurve, curTemp = 45.0209999084473
2018-10-19 09:42:51.2896 DEBUG In meltcurve, curTemp = 45.0209999084473
2018-10-19 09:42:51.3375 DEBUG In meltcurve, curTemp = 44.9560012817383
2018-10-19 09:42:51.3854 DEBUG In meltcurve, curTemp = 44.9560012817383
2018-10-19 09:42:51.5450 DEBUG In meltcurve, curTemp = 44.8650016784668
2018-10-19 09:42:52.5782 DEBUG opticReadCmd, got an exception: 操作已超时。
2018-10-19 09:42:52.6151 DEBUG In meltcurve, curTemp = 45.109001159668
2018-10-19 09:42:52.7906 DEBUG In meltcurve, curTemp = 45.0460014343262
2018-10-19 09:42:52.9353 DEBUG In meltcurve, curTemp = 44.9980010986328
2018-10-19 09:42:53.0789 DEBUG In meltcurve, curTemp = 45.023998260498
2018-10-19 09:42:53.2384 DEBUG In meltcurve, curTemp = 45.1640014648438
2018-10-19 09:42:53.3980 DEBUG In meltcurve, curTemp = 45.2519989013672
2018-10-19 09:42:54.4173 DEBUG opticReadCmd, got an exception: 操作已超时。
2018-10-19 09:42:54.4533 DEBUG In meltcurve, curTemp = 45.2029991149902
2018-10-19 09:42:54.4692 DEBUG In meltcurve, curTemp = 45.2029991149902
2018-10-19 09:42:54.4852 DEBUG In meltcurve, curTemp = 45.2029991149902
2018-10-19 09:42:54.5171 DEBUG In meltcurve, curTemp = 45.2779998779297
2018-10-19 09:42:54.6457 DEBUG In meltcurve, curTemp = 45.3680000305176
2018-10-19 09:42:55.6679 DEBUG opticReadCmd, got an exception: 操作已超时。
2018-10-19 09:42:55.8275 DEBUG In meltcurve, curTemp = 45.3969993591309
2018-10-19 09:42:56.0988 DEBUG In meltcurve, curTemp = 45.5620002746582
2018-10-19 09:42:56.1147 DEBUG In meltcurve, curTemp = 45.6230010986328
2018-10-19 09:42:56.1307 DEBUG In meltcurve, curTemp = 45.6230010986328
2018-10-19 09:42:56.1467 DEBUG In meltcurve, curTemp = 45.6230010986328
2018-10-19 09:42:56.3710 DEBUG In meltcurve, curTemp = 45.6510009765625
2018-10-19 09:42:57.3993 DEBUG opticReadCmd, got an exception: 操作已超时。
2018-10-19 09:42:57.4890 DEBUG In meltcurve, curTemp = 45.7480010986328
2018-10-19 09:42:57.8880 DEBUG In meltcurve, curTemp = 45.7130012512207
2018-10-19 09:42:57.9518 DEBUG In meltcurve, curTemp = 45.6520004272461
2018-10-19 09:42:58.1124 DEBUG In meltcurve, curTemp = 45.5519981384277
2018-10-19 09:42:58.1603 DEBUG In meltcurve, curTemp = 45.5519981384277
2018-10-19 09:42:58.3517 DEBUG In meltcurve, curTemp = 45.568000793457
2018-10-19 09:42:59.3760 DEBUG opticReadCmd, got an exception: 操作已超时。
2018-10-19 09:42:59.4388 DEBUG In meltcurve, curTemp = 45.6949996948242
2018-10-19 09:42:59.5825 DEBUG In meltcurve, curTemp = 45.6759986877441
2018-10-19 09:42:59.6463 DEBUG In meltcurve, curTemp = 45.693000793457
2018-10-19 09:42:59.7739 DEBUG In meltcurve, curTemp = 45.7449989318848
2018-10-19 09:42:59.9016 DEBUG In meltcurve, curTemp = 45.8199996948242
2018-10-19 09:43:00.9378 DEBUG opticReadCmd, got an exception: 操作已超时。
2018-10-19 09:43:01.0366 DEBUG In meltcurve, curTemp = 45.8660011291504
2018-10-19 09:43:01.1323 DEBUG In meltcurve, curTemp = 45.9379997253418
2018-10-19 09:43:01.2919 DEBUG In meltcurve, curTemp = 46.0219993591309
2018-10-19 09:43:01.3557 DEBUG In meltcurve, curTemp = 46.1020011901855
2018-10-19 09:43:01.3876 DEBUG In meltcurve, curTemp = 46.1020011901855
2018-10-19 09:43:01.5153 DEBUG In meltcurve, curTemp = 46.1990013122559
2018-10-19 09:43:02.5346 DEBUG opticReadCmd, got an exception: 操作已超时。
2018-10-19 09:43:02.6822 DEBUG In meltcurve, curTemp = 46.2190017700195
2018-10-19 09:43:02.7620 DEBUG In meltcurve, curTemp = 46.2869987487793
2018-10-19 09:43:02.7779 DEBUG In meltcurve, curTemp = 46.2869987487793
2018-10-19 09:43:02.7939 DEBUG In meltcurve, curTemp = 46.2869987487793
2018-10-19 09:43:02.8098 DEBUG In meltcurve, curTemp = 46.3279991149902
2018-10-19 09:43:02.9385 DEBUG In meltcurve, curTemp = 46.3320007324219
2018-10-19 09:43:03.9697 DEBUG opticReadCmd, got an exception: 操作已超时。
2018-10-19 09:43:04.0884 DEBUG In meltcurve, curTemp = 46.4070014953613
2018-10-19 09:43:04.4086 DEBUG In meltcurve, curTemp = 46.451000213623
2018-10-19 09:43:04.4245 DEBUG In meltcurve, curTemp = 46.4080009460449
2018-10-19 09:43:04.4405 DEBUG In meltcurve, curTemp = 46.4080009460449
2018-10-19 09:43:04.4564 DEBUG In meltcurve, curTemp = 46.4080009460449
2018-10-19 09:43:04.5841 DEBUG In meltcurve, curTemp = 46.3429985046387
2018-10-19 09:43:05.6083 DEBUG opticReadCmd, got an exception: 操作已超时。
2018-10-19 09:43:05.6861 DEBUG In meltcurve, curTemp = 46.5919990539551
2018-10-19 09:43:06.1339 DEBUG In meltcurve, curTemp = 46.3559989929199
2018-10-19 09:43:06.1978 DEBUG In meltcurve, curTemp = 46.3559989929199
2018-10-19 09:43:06.2456 DEBUG In meltcurve, curTemp = 46.3619995117188
2018-10-19 09:43:06.3893 DEBUG In meltcurve, curTemp = 46.4049987792969
2018-10-19 09:43:06.5498 DEBUG In meltcurve, curTemp = 46.5550003051758
2018-10-19 09:43:07.5691 DEBUG opticReadCmd, got an exception: 操作已超时。
2018-10-19 09:43:07.5881 DEBUG In meltcurve, curTemp = 46.4910011291504
2018-10-19 09:43:07.7955 DEBUG In meltcurve, curTemp = 46.5870018005371
2018-10-19 09:43:07.8593 DEBUG In meltcurve, curTemp = 46.6660003662109
2018-10-19 09:43:07.9870 DEBUG In meltcurve, curTemp = 46.7519989013672
2018-10-19 09:43:08.1466 DEBUG In meltcurve, curTemp = 46.8610000610352
2018-10-19 09:43:08.4029 DEBUG In meltcurve, curTemp = 46.8450012207031
2018-10-19 09:43:09.4371 DEBUG opticReadCmd, got an exception: 操作已超时。
2018-10-19 09:43:09.4890 DEBUG In meltcurve, curTemp = 46.992000579834
2018-10-19 09:43:09.5219 DEBUG In meltcurve, curTemp = 47.0060005187988
2018-10-19 09:43:09.5378 DEBUG In meltcurve, curTemp = 47.0060005187988
2018-10-19 09:43:09.5538 DEBUG In meltcurve, curTemp = 47.0060005187988
2018-10-19 09:43:09.6805 DEBUG In meltcurve, curTemp = 46.9900016784668
2018-10-19 09:43:10.7187 DEBUG opticReadCmd, got an exception: 操作已超时。
2018-10-19 09:43:10.7676 DEBUG In meltcurve, curTemp = 47.1129989624023
2018-10-19 09:43:11.1994 DEBUG In meltcurve, curTemp = 47.0369987487793
2018-10-19 09:43:11.2473 DEBUG In meltcurve, curTemp = 46.9770011901855
2018-10-19 09:43:11.2632 DEBUG In meltcurve, curTemp = 46.9770011901855
2018-10-19 09:43:11.2792 DEBUG In meltcurve, curTemp = 46.9770011901855
2018-10-19 09:43:11.5186 DEBUG In meltcurve, curTemp = 46.8950004577637
2018-10-19 09:43:12.5368 DEBUG opticReadCmd, got an exception: 操作已超时。
2018-10-19 09:43:12.5568 DEBUG In meltcurve, curTemp = 47.1240005493164
2018-10-19 09:43:12.8929 DEBUG In meltcurve, curTemp = 47.0250015258789
2018-10-19 09:43:12.9567 DEBUG In meltcurve, curTemp = 47.0540008544922
2018-10-19 09:43:13.0844 DEBUG In meltcurve, curTemp = 47.1160011291504
2018-10-19 09:43:13.1482 DEBUG In meltcurve, curTemp = 47.1949996948242
2018-10-19 09:43:13.3566 DEBUG In meltcurve, curTemp = 47.3540000915527
2018-10-19 09:43:14.3759 DEBUG opticReadCmd, got an exception: 操作已超时。
2018-10-19 09:43:14.4268 DEBUG In meltcurve, curTemp = 47.3089981079102
2018-10-19 09:43:14.5704 DEBUG In meltcurve, curTemp = 47.3979988098145
2018-10-19 09:43:14.6183 DEBUG In meltcurve, curTemp = 47.3979988098145
2018-10-19 09:43:14.8108 DEBUG In meltcurve, curTemp = 47.5260009765625
2018-10-19 09:43:14.9414 DEBUG In meltcurve, curTemp = 47.5279998779297
2018-10-19 09:43:15.9687 DEBUG opticReadCmd, got an exception: 操作已超时。
2018-10-19 09:43:16.0564 DEBUG In meltcurve, curTemp = 47.648998260498
2018-10-19 09:43:16.1362 DEBUG In meltcurve, curTemp = 47.6749992370605
2018-10-19 09:43:16.2010 DEBUG In meltcurve, curTemp = 47.6749992370605
2018-10-19 09:43:16.3449 DEBUG In meltcurve, curTemp = 47.6339988708496
2018-10-19 09:43:16.4087 DEBUG In meltcurve, curTemp = 47.6339988708496
2018-10-19 09:43:16.5371 DEBUG In meltcurve, curTemp = 47.5139999389648
2018-10-19 09:43:17.5624 DEBUG opticReadCmd, got an exception: 操作已超时。
2018-10-19 09:43:17.7030 DEBUG In meltcurve, curTemp = 47.7809982299805
2018-10-19 09:43:17.7669 DEBUG In meltcurve, curTemp = 47.7290000915527
2018-10-19 09:43:17.7828 DEBUG In meltcurve, curTemp = 47.7290000915527
2018-10-19 09:43:17.7988 DEBUG In meltcurve, curTemp = 47.7290000915527
2018-10-19 09:43:17.8147 DEBUG In meltcurve, curTemp = 47.7290000915527
2018-10-19 09:43:17.9424 DEBUG In meltcurve, curTemp = 47.6049995422363
2018-10-19 09:43:18.9716 DEBUG opticReadCmd, got an exception: 操作已超时。
2018-10-19 09:43:19.0773 DEBUG In meltcurve, curTemp = 47.8800010681152
2018-10-19 09:43:19.4125 DEBUG In meltcurve, curTemp = 47.7080001831055
2018-10-19 09:43:19.5401 DEBUG In meltcurve, curTemp = 47.7060012817383
2018-10-19 09:43:19.6040 DEBUG In meltcurve, curTemp = 47.7060012817383
2018-10-19 09:43:19.6359 DEBUG In meltcurve, curTemp = 47.7060012817383
2018-10-19 09:43:19.7954 DEBUG In meltcurve, curTemp = 47.8349990844727
2018-10-19 09:43:20.8147 DEBUG opticReadCmd, got an exception: 操作已超时。
2018-10-19 09:43:20.8347 DEBUG In meltcurve, curTemp = 47.8339996337891
2018-10-19 09:43:21.1857 DEBUG In meltcurve, curTemp = 48.0299987792969
2018-10-19 09:43:21.2495 DEBUG In meltcurve, curTemp = 48.1119995117188
2018-10-19 09:43:21.4101 DEBUG In meltcurve, curTemp = 48.1769981384277
2018-10-19 09:43:21.4739 DEBUG In meltcurve, curTemp = 48.2089996337891
2018-10-19 09:43:21.6176 DEBUG In meltcurve, curTemp = 48.2080001831055
2018-10-19 09:43:22.6378 DEBUG opticReadCmd, got an exception: 操作已超时。
2018-10-19 09:43:22.6558 DEBUG In meltcurve, curTemp = 48.298999786377
2018-10-19 09:43:22.8004 DEBUG In meltcurve, curTemp = 48.3390007019043
2018-10-19 09:43:22.8642 DEBUG In meltcurve, curTemp = 48.3460006713867
2018-10-19 09:43:22.9919 DEBUG In meltcurve, curTemp = 48.3219985961914
2018-10-19 09:43:23.1515 DEBUG In meltcurve, curTemp = 48.2089996337891
2018-10-19 09:43:23.3270 DEBUG In meltcurve, curTemp = 48.1450004577637
2018-10-19 09:43:24.3692 DEBUG opticReadCmd, got an exception: 操作已超时。
2018-10-19 09:43:24.5258 DEBUG In meltcurve, curTemp = 48.3660011291504
2018-10-19 09:43:24.5417 DEBUG In meltcurve, curTemp = 48.3030014038086
2018-10-19 09:43:24.5577 DEBUG In meltcurve, curTemp = 48.3030014038086
2018-10-19 09:43:24.5737 DEBUG In meltcurve, curTemp = 48.3030014038086
2018-10-19 09:43:24.7013 DEBUG In meltcurve, curTemp = 48.2470016479492
2018-10-19 09:43:25.7216 DEBUG opticReadCmd, got an exception: 操作已超时。
2018-10-19 09:43:25.7725 DEBUG In meltcurve, curTemp = 48.5180015563965
2018-10-19 09:43:26.1395 DEBUG In meltcurve, curTemp = 48.3619995117188
2018-10-19 09:43:26.1554 DEBUG In meltcurve, curTemp = 48.3619995117188
2018-10-19 09:43:26.1724 DEBUG In meltcurve, curTemp = 48.3619995117188
2018-10-19 09:43:26.1874 DEBUG In meltcurve, curTemp = 48.3619995117188
2018-10-19 09:43:26.4596 DEBUG In meltcurve, curTemp = 48.548999786377
2018-10-19 09:43:27.4769 DEBUG opticReadCmd, got an exception: 操作已超时。
2018-10-19 09:43:27.5138 DEBUG In meltcurve, curTemp = 48.4900016784668
2018-10-19 09:43:27.7691 DEBUG In meltcurve, curTemp = 48.6549987792969
2018-10-19 09:43:27.9297 DEBUG In meltcurve, curTemp = 48.7430000305176
2018-10-19 09:43:27.9935 DEBUG In meltcurve, curTemp = 48.8170013427734
2018-10-19 09:43:28.1212 DEBUG In meltcurve, curTemp = 48.867000579834
2018-10-19 09:43:28.3605 DEBUG In meltcurve, curTemp = 48.8170013427734
2018-10-19 09:43:29.3798 DEBUG opticReadCmd, got an exception: 操作已超时。
2018-10-19 09:43:29.5274 DEBUG In meltcurve, curTemp = 49.0169982910156
2018-10-19 09:43:29.6870 DEBUG In meltcurve, curTemp = 48.9690017700195
2018-10-19 09:43:29.7668 DEBUG In meltcurve, curTemp = 48.9090003967285
2018-10-19 09:43:29.8944 DEBUG In meltcurve, curTemp = 48.8419990539551
2018-10-19 09:43:30.0221 DEBUG In meltcurve, curTemp = 48.7890014648438
2018-10-19 09:43:31.0394 DEBUG opticReadCmd, got an exception: 操作已超时。
2018-10-19 09:43:31.1092 DEBUG In meltcurve, curTemp = 49.0660018920898
2018-10-19 09:43:31.1730 DEBUG In meltcurve, curTemp = 48.9990005493164
2018-10-19 09:43:31.2209 DEBUG In meltcurve, curTemp = 48.9990005493164
2018-10-19 09:43:31.3645 DEBUG In meltcurve, curTemp = 48.8950004577637
2018-10-19 09:43:31.4932 DEBUG In meltcurve, curTemp = 48.8880004882813
2018-10-19 09:43:32.5184 DEBUG opticReadCmd, got an exception: 操作已超时。
2018-10-19 09:43:32.5793 DEBUG In meltcurve, curTemp = 49.0849990844727
2018-10-19 09:43:32.8027 DEBUG In meltcurve, curTemp = 49.0200004577637
2018-10-19 09:43:32.8346 DEBUG In meltcurve, curTemp = 49.0200004577637
2018-10-19 09:43:32.8665 DEBUG In meltcurve, curTemp = 49.0379981994629
2018-10-19 09:43:32.8824 DEBUG In meltcurve, curTemp = 49.0379981994629
2018-10-19 09:43:33.0111 DEBUG In meltcurve, curTemp = 49.0950012207031
2018-10-19 09:43:34.0344 DEBUG opticReadCmd, got an exception: 操作已超时。
2018-10-19 09:43:34.1610 DEBUG In meltcurve, curTemp = 49.1640014648438
2018-10-19 09:43:34.4163 DEBUG In meltcurve, curTemp = 49.2809982299805
2018-10-19 09:43:34.4323 DEBUG In meltcurve, curTemp = 49.2809982299805
2018-10-19 09:43:34.4493 DEBUG In meltcurve, curTemp = 49.367000579834
2018-10-19 09:43:34.4642 DEBUG In meltcurve, curTemp = 49.367000579834
2018-10-19 09:43:34.5929 DEBUG In meltcurve, curTemp = 49.4599990844727
2018-10-19 09:43:35.6122 DEBUG opticReadCmd, got an exception: 操作已超时。
2018-10-19 09:43:35.7109 DEBUG In meltcurve, curTemp = 49.3880004882813
2018-10-19 09:43:36.2066 DEBUG In meltcurve, curTemp = 49.689998626709
2018-10-19 09:43:36.3502 DEBUG In meltcurve, curTemp = 49.6129989624023
2018-10-19 09:43:36.4140 DEBUG In meltcurve, curTemp = 49.6129989624023
2018-10-19 09:43:36.5736 DEBUG In meltcurve, curTemp = 49.4809989929199
2018-10-19 09:43:36.7661 DEBUG In meltcurve, curTemp = 49.4189987182617
2018-10-19 09:43:37.7565 DEBUG In meltcurve, curTemp = 49.701000213623
2018-10-19 09:43:37.7724 DEBUG In meltcurve, curTemp = 49.701000213623
2018-10-19 09:43:37.7884 DEBUG In meltcurve, curTemp = 49.701000213623
2018-10-19 09:43:37.8043 DEBUG In meltcurve, curTemp = 49.701000213623
2018-10-19 09:43:37.9329 DEBUG In meltcurve, curTemp = 49.6310005187988
2018-10-19 09:43:38.9522 DEBUG opticReadCmd, got an exception: 操作已超时。
2018-10-19 09:43:39.2105 DEBUG In meltcurve, curTemp = 49.7840003967285
2018-10-19 09:43:39.4349 DEBUG In meltcurve, curTemp = 49.6910018920898
2018-10-19 09:43:39.4509 DEBUG In meltcurve, curTemp = 49.6889991760254
2018-10-19 09:43:39.5147 DEBUG In meltcurve, curTemp = 49.6889991760254
2018-10-19 09:43:39.5786 DEBUG In meltcurve, curTemp = 49.7280006408691
2018-10-19 09:43:39.7382 DEBUG In meltcurve, curTemp = 49.7970008850098
2018-10-19 09:43:40.7604 DEBUG opticReadCmd, got an exception: 操作已超时。
2018-10-19 09:43:40.7933 DEBUG In meltcurve, curTemp = 49.8170013427734
2018-10-19 09:43:41.2242 DEBUG In meltcurve, curTemp = 50.0789985656738
2018-10-19 09:43:41.3837 DEBUG In meltcurve, curTemp = 50.2140007019043
2018-10-19 09:43:41.5922 DEBUG In meltcurve, curTemp = 50.2099990844727
2018-10-19 09:43:41.6560 DEBUG In meltcurve, curTemp = 50.1609992980957
2018-10-19 09:43:41.8156 DEBUG In meltcurve, curTemp = 50.0919990539551
2018-10-19 09:43:42.7591 DEBUG In meltcurve, curTemp = 50.3639984130859
2018-10-19 09:43:42.7910 DEBUG In meltcurve, curTemp = 50.3639984130859
2018-10-19 09:43:42.9505 DEBUG In meltcurve, curTemp = 50.3530006408691
2018-10-19 09:43:43.0144 DEBUG In meltcurve, curTemp = 50.3129997253418
2018-10-19 09:43:43.1899 DEBUG In meltcurve, curTemp = 50.181999206543
2018-10-19 09:43:44.2082 DEBUG opticReadCmd, got an exception: 操作已超时。
2018-10-19 09:43:44.2600 DEBUG In meltcurve, curTemp = 50.4620018005371
2018-10-19 09:43:44.4685 DEBUG In meltcurve, curTemp = 50.3349990844727
2018-10-19 09:43:44.5961 DEBUG In meltcurve, curTemp = 50.2690010070801
2018-10-19 09:43:44.6440 DEBUG In meltcurve, curTemp = 50.2690010070801
2018-10-19 09:43:44.7877 DEBUG In meltcurve, curTemp = 50.2169990539551
2018-10-19 09:43:44.9153 DEBUG In meltcurve, curTemp = 50.2449989318848
2018-10-19 09:43:45.9395 DEBUG opticReadCmd, got an exception: 操作已超时。
2018-10-19 09:43:46.0024 DEBUG In meltcurve, curTemp = 50.3680000305176
2018-10-19 09:43:46.1620 DEBUG In meltcurve, curTemp = 50.3650016784668
2018-10-19 09:43:46.2258 DEBUG In meltcurve, curTemp = 50.3650016784668
2018-10-19 09:43:46.4013 DEBUG In meltcurve, curTemp = 50.5040016174316
2018-10-19 09:43:46.4651 DEBUG In meltcurve, curTemp = 50.5979995727539
2018-10-19 09:43:46.5938 DEBUG In meltcurve, curTemp = 50.6870002746582
2018-10-19 09:43:47.6111 DEBUG opticReadCmd, got an exception: 操作已超时。
2018-10-19 09:43:47.7597 DEBUG In meltcurve, curTemp = 50.7050018310547
2018-10-19 09:43:47.8076 DEBUG In meltcurve, curTemp = 50.7050018310547
2018-10-19 09:43:47.8395 DEBUG In meltcurve, curTemp = 50.7050018310547
2018-10-19 09:43:47.8724 DEBUG In meltcurve, curTemp = 50.798999786377
2018-10-19 09:43:48.0000 DEBUG In meltcurve, curTemp = 50.8699989318848
2018-10-19 09:43:49.0233 DEBUG opticReadCmd, got an exception: 操作已超时。
2018-10-19 09:43:49.1021 DEBUG In meltcurve, curTemp = 50.8120002746582
2018-10-19 09:43:49.4372 DEBUG In meltcurve, curTemp = 51.0270004272461
2018-10-19 09:43:49.4532 DEBUG In meltcurve, curTemp = 51.0270004272461
2018-10-19 09:43:49.4692 DEBUG In meltcurve, curTemp = 51.0359992980957
2018-10-19 09:43:49.4851 DEBUG In meltcurve, curTemp = 51.0359992980957
2018-10-19 09:43:49.6128 DEBUG In meltcurve, curTemp = 51.0060005187988
2018-10-19 09:43:50.6330 DEBUG opticReadCmd, got an exception: 操作已超时。
2018-10-19 09:43:50.6839 DEBUG In meltcurve, curTemp = 51.1479988098145
2018-10-19 09:43:51.1786 DEBUG In meltcurve, curTemp = 50.9679985046387
2018-10-19 09:43:51.4828 DEBUG In meltcurve, curTemp = 50.8899993896484
2018-10-19 09:43:51.5466 DEBUG In meltcurve, curTemp = 50.8899993896484
2018-10-19 09:43:51.5945 DEBUG In meltcurve, curTemp = 50.9370002746582
2018-10-19 09:43:51.7221 DEBUG In meltcurve, curTemp = 51.0200004577637
2018-10-19 09:43:52.7404 DEBUG opticReadCmd, got an exception: 操作已超时。
2018-10-19 09:43:52.7933 DEBUG In meltcurve, curTemp = 51.0149993896484
2018-10-19 09:43:52.8571 DEBUG In meltcurve, curTemp = 51.0149993896484
2018-10-19 09:43:53.0167 DEBUG In meltcurve, curTemp = 51.1199989318848
2018-10-19 09:43:53.1603 DEBUG In meltcurve, curTemp = 51.2089996337891
2018-10-19 09:43:53.3358 DEBUG In meltcurve, curTemp = 51.3880004882813
2018-10-19 09:43:54.3551 DEBUG opticReadCmd, got an exception: 操作已超时。
2018-10-19 09:43:54.4070 DEBUG In meltcurve, curTemp = 51.3139991760254
2018-10-19 09:43:54.4867 DEBUG In meltcurve, curTemp = 51.4140014648438
2018-10-19 09:43:54.5506 DEBUG In meltcurve, curTemp = 51.4140014648438
2018-10-19 09:43:54.6144 DEBUG In meltcurve, curTemp = 51.5009994506836
2018-10-19 09:43:54.6304 DEBUG In meltcurve, curTemp = 51.5009994506836
2018-10-19 09:43:54.7580 DEBUG In meltcurve, curTemp = 51.5579986572266
2018-10-19 09:43:55.7773 DEBUG opticReadCmd, got an exception: 操作已超时。
2018-10-19 09:43:55.8292 DEBUG In meltcurve, curTemp = 51.5180015563965
2018-10-19 09:43:56.2919 DEBUG In meltcurve, curTemp = 51.6609992980957
2018-10-19 09:43:56.3398 DEBUG In meltcurve, curTemp = 51.6609992980957
2018-10-19 09:43:56.3567 DEBUG In meltcurve, curTemp = 51.6609992980957
2018-10-19 09:43:56.3727 DEBUG In meltcurve, curTemp = 51.5989990234375
2018-10-19 09:43:56.6121 DEBUG In meltcurve, curTemp = 51.4570007324219
2018-10-19 09:43:57.6393 DEBUG opticReadCmd, got an exception: 操作已超时。
2018-10-19 09:43:57.6673 DEBUG In meltcurve, curTemp = 51.8129997253418
2018-10-19 09:43:57.7630 DEBUG In meltcurve, curTemp = 51.7569999694824
2018-10-19 09:43:57.7789 DEBUG In meltcurve, curTemp = 51.6809997558594
2018-10-19 09:43:57.9385 DEBUG In meltcurve, curTemp = 51.6049995422363
2018-10-19 09:43:58.0024 DEBUG In meltcurve, curTemp = 51.5579986572266
2018-10-19 09:43:58.1619 DEBUG In meltcurve, curTemp = 51.5400009155273
2018-10-19 09:43:59.1792 DEBUG opticReadCmd, got an exception: 操作已超时。
2018-10-19 09:43:59.2490 DEBUG In meltcurve, curTemp = 51.7649993896484
2018-10-19 09:43:59.4565 DEBUG In meltcurve, curTemp = 51.6759986877441
2018-10-19 09:43:59.5841 DEBUG In meltcurve, curTemp = 51.7410011291504
2018-10-19 09:43:59.6479 DEBUG In meltcurve, curTemp = 51.7410011291504
2018-10-19 09:43:59.7756 DEBUG In meltcurve, curTemp = 51.9269981384277
2018-10-19 09:43:59.9043 DEBUG In meltcurve, curTemp = 52.023998260498
2018-10-19 09:44:00.9295 DEBUG opticReadCmd, got an exception: 操作已超时。
2018-10-19 09:44:01.1978 DEBUG In meltcurve, curTemp = 52.1279983520508
2018-10-19 09:44:01.2457 DEBUG In meltcurve, curTemp = 52.1279983520508
2018-10-19 09:44:01.3095 DEBUG In meltcurve, curTemp = 52.2029991149902
2018-10-19 09:44:01.4860 DEBUG In meltcurve, curTemp = 52.2490005493164
2018-10-19 09:44:01.6456 DEBUG In meltcurve, curTemp = 52.2159996032715
2018-10-19 09:44:02.6629 DEBUG opticReadCmd, got an exception: 操作已超时。
2018-10-19 09:44:02.7158 DEBUG In meltcurve, curTemp = 52.3699989318848
2018-10-19 09:44:02.8444 DEBUG In meltcurve, curTemp = 52.3860015869141
2018-10-19 09:44:02.9082 DEBUG In meltcurve, curTemp = 52.3650016784668
2018-10-19 09:44:03.0359 DEBUG In meltcurve, curTemp = 52.3089981079102
2018-10-19 09:44:03.0998 DEBUG In meltcurve, curTemp = 52.2400016784668
2018-10-19 09:44:03.2593 DEBUG In meltcurve, curTemp = 52.1570014953613
2018-10-19 09:44:04.2786 DEBUG opticReadCmd, got an exception: 操作已超时。
2018-10-19 09:44:04.3464 DEBUG In meltcurve, curTemp = 52.4659996032715
2018-10-19 09:44:04.5379 DEBUG In meltcurve, curTemp = 52.3170013427734
2018-10-19 09:44:04.6975 DEBUG In meltcurve, curTemp = 52.2120018005371
2018-10-19 09:44:04.7134 DEBUG In meltcurve, curTemp = 52.2120018005371
2018-10-19 09:44:04.7294 DEBUG In meltcurve, curTemp = 52.2120018005371
2018-10-19 09:44:04.8570 DEBUG In meltcurve, curTemp = 52.2130012512207
2018-10-19 09:44:05.9242 DEBUG opticReadCmd, got an exception: 操作已超时。
2018-10-19 09:44:06.1995 DEBUG In meltcurve, curTemp = 52.3689994812012
2018-10-19 09:44:06.3430 DEBUG In meltcurve, curTemp = 52.4370002746582
2018-10-19 09:44:06.4867 DEBUG In meltcurve, curTemp = 52.6230010986328
2018-10-19 09:44:06.5505 DEBUG In meltcurve, curTemp = 52.6230010986328
2018-10-19 09:44:06.6792 DEBUG In meltcurve, curTemp = 52.7140007019043
2018-10-19 09:44:07.6974 DEBUG opticReadCmd, got an exception: 操作已超时。
2018-10-19 09:44:07.7493 DEBUG In meltcurve, curTemp = 52.6259994506836
2018-10-19 09:44:07.8132 DEBUG In meltcurve, curTemp = 52.7270011901855
2018-10-19 09:44:07.9408 DEBUG In meltcurve, curTemp = 52.8219985961914
2018-10-19 09:44:08.0854 DEBUG In meltcurve, curTemp = 52.9189987182617
2018-10-19 09:44:08.2131 DEBUG In meltcurve, curTemp = 52.9049987792969
2018-10-19 09:44:09.2493 DEBUG opticReadCmd, got an exception: 操作已超时。
2018-10-19 09:44:09.4109 DEBUG In meltcurve, curTemp = 53.0429992675781
2018-10-19 09:44:09.4268 DEBUG In meltcurve, curTemp = 53.0429992675781
2018-10-19 09:44:09.4757 DEBUG In meltcurve, curTemp = 53.0429992675781
2018-10-19 09:44:09.5395 DEBUG In meltcurve, curTemp = 53.0460014343262
2018-10-19 09:44:09.6672 DEBUG In meltcurve, curTemp = 53.0130004882813
2018-10-19 09:44:10.7543 DEBUG opticReadCmd, got an exception: 操作已超时。
2018-10-19 09:44:10.8979 DEBUG In meltcurve, curTemp = 53.1619987487793
2018-10-19 09:44:11.2330 DEBUG In meltcurve, curTemp = 52.9560012817383
2018-10-19 09:44:11.3766 DEBUG In meltcurve, curTemp = 52.8950004577637
2018-10-19 09:44:11.4245 DEBUG In meltcurve, curTemp = 52.8699989318848
2018-10-19 09:44:11.4405 DEBUG In meltcurve, curTemp = 52.8699989318848
2018-10-19 09:44:11.5691 DEBUG In meltcurve, curTemp = 52.882999420166
2018-10-19 09:44:12.5874 DEBUG opticReadCmd, got an exception: 操作已超时。
2018-10-19 09:44:12.6075 DEBUG In meltcurve, curTemp = 53.0480003356934
2018-10-19 09:44:12.7669 DEBUG In meltcurve, curTemp = 53.0060005187988
2018-10-19 09:44:12.7988 DEBUG In meltcurve, curTemp = 53.0050010681152
2018-10-19 09:44:12.9584 DEBUG In meltcurve, curTemp = 53.0499992370605
2018-10-19 09:44:13.0222 DEBUG In meltcurve, curTemp = 53.1269989013672
2018-10-19 09:44:13.4062 DEBUG In meltcurve, curTemp = 53.4539985656738
2018-10-19 09:44:14.4125 DEBUG In meltcurve, curTemp = 53.3269996643066
2018-10-19 09:44:14.4284 DEBUG In meltcurve, curTemp = 53.3269996643066
2018-10-19 09:44:14.4923 DEBUG In meltcurve, curTemp = 53.4329986572266
2018-10-19 09:44:14.5561 DEBUG In meltcurve, curTemp = 53.4329986572266
2018-10-19 09:44:14.7326 DEBUG In meltcurve, curTemp = 53.5789985656738
2018-10-19 09:44:15.7539 DEBUG opticReadCmd, got an exception: 操作已超时。
2018-10-19 09:44:15.7709 DEBUG In meltcurve, curTemp = 53.4249992370605
2018-10-19 09:44:16.1379 DEBUG In meltcurve, curTemp = 53.7309989929199
2018-10-19 09:44:16.2027 DEBUG In meltcurve, curTemp = 53.7200012207031
2018-10-19 09:44:16.2506 DEBUG In meltcurve, curTemp = 53.7200012207031
2018-10-19 09:44:16.2984 DEBUG In meltcurve, curTemp = 53.6749992370605
2018-10-19 09:44:16.4580 DEBUG In meltcurve, curTemp = 53.6020011901855
2018-10-19 09:44:17.4843 DEBUG opticReadCmd, got an exception: 操作已超时。
2018-10-19 09:44:17.6399 DEBUG In meltcurve, curTemp = 53.8339996337891
2018-10-19 09:44:17.8164 DEBUG In meltcurve, curTemp = 53.6889991760254
2018-10-19 09:44:17.8804 DEBUG In meltcurve, curTemp = 53.6889991760254
2018-10-19 09:44:17.8963 DEBUG In meltcurve, curTemp = 53.6129989624023
2018-10-19 09:44:17.9123 DEBUG In meltcurve, curTemp = 53.6129989624023
2018-10-19 09:44:18.0398 DEBUG In meltcurve, curTemp = 53.5530014038086
2018-10-19 09:44:19.1099 DEBUG opticReadCmd, got an exception: 操作已超时。
2018-10-19 09:44:19.2067 DEBUG In meltcurve, curTemp = 53.7700004577637
2018-10-19 09:44:19.4301 DEBUG In meltcurve, curTemp = 53.6710014343262
2018-10-19 09:44:19.4939 DEBUG In meltcurve, curTemp = 53.6780014038086
2018-10-19 09:44:19.5099 DEBUG In meltcurve, curTemp = 53.6780014038086
2018-10-19 09:44:19.5258 DEBUG In meltcurve, curTemp = 53.6780014038086
2018-10-19 09:44:19.6545 DEBUG In meltcurve, curTemp = 53.7360000610352
2018-10-19 09:44:20.6708 DEBUG opticReadCmd, got an exception: 操作已超时。
2018-10-19 09:44:20.7885 DEBUG In meltcurve, curTemp = 53.8059997558594
2018-10-19 09:44:21.1076 DEBUG In meltcurve, curTemp = 54.0200004577637
2018-10-19 09:44:21.1714 DEBUG In meltcurve, curTemp = 54.0200004577637
2018-10-19 09:44:21.2193 DEBUG In meltcurve, curTemp = 54.1259994506836
2018-10-19 09:44:21.3629 DEBUG In meltcurve, curTemp = 54.2150001525879
2018-10-19 09:44:21.5714 DEBUG In meltcurve, curTemp = 54.2709999084473
2018-10-19 09:44:22.5896 DEBUG opticReadCmd, got an exception: 操作已超时。
2018-10-19 09:44:22.6106 DEBUG In meltcurve, curTemp = 54.3269996643066
2018-10-19 09:44:22.7382 DEBUG In meltcurve, curTemp = 54.3889999389648
2018-10-19 09:44:22.7701 DEBUG In meltcurve, curTemp = 54.3889999389648
2018-10-19 09:44:22.8340 DEBUG In meltcurve, curTemp = 54.4099998474121
2018-10-19 09:44:23.0893 DEBUG In meltcurve, curTemp = 54.3320007324219
2018-10-19 09:44:23.2329 DEBUG In meltcurve, curTemp = 54.1640014648438
2018-10-19 09:44:23.3925 DEBUG In meltcurve, curTemp = 54.0999984741211
2018-10-19 09:44:24.4098 DEBUG opticReadCmd, got an exception: 操作已超时。
2018-10-19 09:44:24.5753 DEBUG In meltcurve, curTemp = 54.3370018005371
2018-10-19 09:44:24.6392 DEBUG In meltcurve, curTemp = 54.2599983215332
2018-10-19 09:44:24.7030 DEBUG In meltcurve, curTemp = 54.2099990844727
2018-10-19 09:44:24.7668 DEBUG In meltcurve, curTemp = 54.2099990844727
2018-10-19 09:44:24.8955 DEBUG In meltcurve, curTemp = 54.2019996643066
2018-10-19 09:44:25.9157 DEBUG opticReadCmd, got an exception: 操作已超时。
2018-10-19 09:44:25.9337 DEBUG In meltcurve, curTemp = 54.4220008850098
2018-10-19 09:44:26.1252 DEBUG In meltcurve, curTemp = 54.3339996337891
2018-10-19 09:44:26.2848 DEBUG In meltcurve, curTemp = 54.3540000915527
2018-10-19 09:44:26.3486 DEBUG In meltcurve, curTemp = 54.4129981994629
2018-10-19 09:44:26.5720 DEBUG In meltcurve, curTemp = 54.6209983825684
2018-10-19 09:44:26.7645 DEBUG In meltcurve, curTemp = 54.7869987487793
2018-10-19 09:44:27.7708 DEBUG In meltcurve, curTemp = 54.609001159668
2018-10-19 09:44:27.8346 DEBUG In meltcurve, curTemp = 54.7140007019043
2018-10-19 09:44:27.8665 DEBUG In meltcurve, curTemp = 54.7140007019043
2018-10-19 09:44:28.0261 DEBUG In meltcurve, curTemp = 54.9020004272461
2018-10-19 09:44:28.2186 DEBUG In meltcurve, curTemp = 54.9420013427734
2018-10-19 09:44:29.2369 DEBUG opticReadCmd, got an exception: 操作已超时。
2018-10-19 09:44:29.3207 DEBUG In meltcurve, curTemp = 55.0120010375977
2018-10-19 09:44:29.4653 DEBUG In meltcurve, curTemp = 55.0699996948242
2018-10-19 09:44:29.5291 DEBUG In meltcurve, curTemp = 55.0820007324219
2018-10-19 09:44:29.6727 DEBUG In meltcurve, curTemp = 55.0519981384277
2018-10-19 09:44:29.7366 DEBUG In meltcurve, curTemp = 54.9910011291504
2018-10-19 09:44:29.8961 DEBUG In meltcurve, curTemp = 54.9039993286133
2018-10-19 09:44:30.9154 DEBUG opticReadCmd, got an exception: 操作已超时。
2018-10-19 09:44:31.0311 DEBUG In meltcurve, curTemp = 55.148998260498
2018-10-19 09:44:31.2066 DEBUG In meltcurve, curTemp = 54.984001159668
2018-10-19 09:44:31.2545 DEBUG In meltcurve, curTemp = 54.984001159668
2018-10-19 09:44:31.3183 DEBUG In meltcurve, curTemp = 54.9090003967285
2018-10-19 09:44:31.4779 DEBUG In meltcurve, curTemp = 54.867000579834
2018-10-19 09:44:31.6055 DEBUG In meltcurve, curTemp = 54.9199981689453
2018-10-19 09:44:32.6238 DEBUG opticReadCmd, got an exception: 操作已超时。
2018-10-19 09:44:32.8522 DEBUG In meltcurve, curTemp = 54.9980010986328
2018-10-19 09:44:32.9160 DEBUG In meltcurve, curTemp = 55.0289993286133
2018-10-19 09:44:32.9320 DEBUG In meltcurve, curTemp = 55.0289993286133
2018-10-19 09:44:32.9479 DEBUG In meltcurve, curTemp = 55.0289993286133
2018-10-19 09:44:33.0756 DEBUG In meltcurve, curTemp = 55.1069984436035
2018-10-19 09:44:34.0949 DEBUG opticReadCmd, got an exception: 操作已超时。
2018-10-19 09:44:34.1947 DEBUG In meltcurve, curTemp = 55.1319999694824
2018-10-19 09:44:34.4659 DEBUG In meltcurve, curTemp = 55.2960014343262
2018-10-19 09:44:34.5148 DEBUG In meltcurve, curTemp = 55.4010009765625
2018-10-19 09:44:34.5307 DEBUG In meltcurve, curTemp = 55.4010009765625
2018-10-19 09:44:34.5467 DEBUG In meltcurve, curTemp = 55.4010009765625
2018-10-19 09:44:34.6753 DEBUG In meltcurve, curTemp = 55.5099983215332
2018-10-19 09:44:35.6966 DEBUG opticReadCmd, got an exception: 操作已超时。
2018-10-19 09:44:35.8083 DEBUG In meltcurve, curTemp = 55.4939994812012
2018-10-19 09:44:36.0966 DEBUG In meltcurve, curTemp = 55.6889991760254
2018-10-19 09:44:36.1125 DEBUG In meltcurve, curTemp = 55.7369995117188
2018-10-19 09:44:36.2082 DEBUG In meltcurve, curTemp = 55.7369995117188
2018-10-19 09:44:36.3678 DEBUG In meltcurve, curTemp = 55.7029991149902
2018-10-19 09:44:36.5753 DEBUG In meltcurve, curTemp = 55.5530014038086
2018-10-19 09:44:37.6195 DEBUG opticReadCmd, got an exception: 操作已超时。
2018-10-19 09:44:37.6464 DEBUG In meltcurve, curTemp = 55.859001159668
2018-10-19 09:44:37.7581 DEBUG In meltcurve, curTemp = 55.7970008850098
2018-10-19 09:44:37.8060 DEBUG In meltcurve, curTemp = 55.7970008850098
2018-10-19 09:44:37.8538 DEBUG In meltcurve, curTemp = 55.7200012207031
2018-10-19 09:44:37.9177 DEBUG In meltcurve, curTemp = 55.6319999694824
2018-10-19 09:44:38.1092 DEBUG In meltcurve, curTemp = 55.5610008239746
2018-10-19 09:44:39.1274 DEBUG opticReadCmd, got an exception: 操作已超时。
2018-10-19 09:44:39.2761 DEBUG In meltcurve, curTemp = 55.7960014343262
2018-10-19 09:44:39.5154 DEBUG In meltcurve, curTemp = 55.6609992980957
2018-10-19 09:44:39.5802 DEBUG In meltcurve, curTemp = 55.6609992980957
2018-10-19 09:44:39.6440 DEBUG In meltcurve, curTemp = 55.7039985656738
2018-10-19 09:44:39.6600 DEBUG In meltcurve, curTemp = 55.7039985656738
2018-10-19 09:44:39.7879 DEBUG In meltcurve, curTemp = 55.7849998474121
2018-10-19 09:44:40.8079 DEBUG opticReadCmd, got an exception: 操作已超时。
2018-10-19 09:44:40.8578 DEBUG In meltcurve, curTemp = 55.7929992675781
2018-10-19 09:44:41.1301 DEBUG In meltcurve, curTemp = 55.9819984436035
2018-10-19 09:44:41.3056 DEBUG In meltcurve, curTemp = 56.1020011901855
2018-10-19 09:44:41.4492 DEBUG In meltcurve, curTemp = 56.2690010070801
2018-10-19 09:44:41.4971 DEBUG In meltcurve, curTemp = 56.2690010070801
2018-10-19 09:44:41.7534 DEBUG In meltcurve, curTemp = 56.2140007019043
2018-10-19 09:44:42.7598 DEBUG In meltcurve, curTemp = 56.3839988708496
2018-10-19 09:44:42.7757 DEBUG In meltcurve, curTemp = 56.3839988708496
2018-10-19 09:44:42.7916 DEBUG In meltcurve, curTemp = 56.3839988708496
2018-10-19 09:44:42.8076 DEBUG In meltcurve, curTemp = 56.3839988708496
2018-10-19 09:44:43.1597 DEBUG In meltcurve, curTemp = 56.3009986877441
2018-10-19 09:44:44.1779 DEBUG opticReadCmd, got an exception: 操作已超时。
2018-10-19 09:44:44.2777 DEBUG In meltcurve, curTemp = 56.5610008239746
2018-10-19 09:44:44.4692 DEBUG In meltcurve, curTemp = 56.4659996032715
2018-10-19 09:44:44.5021 DEBUG In meltcurve, curTemp = 56.4659996032715
2018-10-19 09:44:44.5340 DEBUG In meltcurve, curTemp = 56.382999420166
2018-10-19 09:44:44.5659 DEBUG In meltcurve, curTemp = 56.382999420166
2018-10-19 09:44:44.6936 DEBUG In meltcurve, curTemp = 56.2890014648438
2018-10-19 09:44:45.7138 DEBUG opticReadCmd, got an exception: 操作已超时。
2018-10-19 09:44:45.7318 DEBUG In meltcurve, curTemp = 56.6300010681152
2018-10-19 09:44:46.1157 DEBUG In meltcurve, curTemp = 56.3779983520508
2018-10-19 09:44:46.1636 DEBUG In meltcurve, curTemp = 56.3330001831055
2018-10-19 09:44:46.2115 DEBUG In meltcurve, curTemp = 56.3330001831055
2018-10-19 09:44:46.3551 DEBUG In meltcurve, curTemp = 56.3790016174316
2018-10-19 09:44:46.5785 DEBUG In meltcurve, curTemp = 56.5779991149902
2018-10-19 09:44:47.5978 DEBUG opticReadCmd, got an exception: 操作已超时。
2018-10-19 09:44:47.6177 DEBUG In meltcurve, curTemp = 56.4589996337891
2018-10-19 09:44:47.8092 DEBUG In meltcurve, curTemp = 56.5610008239746
2018-10-19 09:44:47.9369 DEBUG In meltcurve, curTemp = 56.7820014953613
2018-10-19 09:44:48.0007 DEBUG In meltcurve, curTemp = 56.7820014953613
2018-10-19 09:44:48.1284 DEBUG In meltcurve, curTemp = 56.9539985656738
2018-10-19 09:44:48.3049 DEBUG In meltcurve, curTemp = 56.976001739502
2018-10-19 09:44:49.3242 DEBUG opticReadCmd, got an exception: 操作已超时。
2018-10-19 09:44:49.3751 DEBUG In meltcurve, curTemp = 56.9860000610352
2018-10-19 09:44:49.4708 DEBUG In meltcurve, curTemp = 57.0709991455078
2018-10-19 09:44:49.5985 DEBUG In meltcurve, curTemp = 57.1119995117188
2018-10-19 09:44:49.7590 DEBUG In meltcurve, curTemp = 57.0519981384277
2018-10-19 09:44:49.7909 DEBUG In meltcurve, curTemp = 57.0519981384277
2018-10-19 09:44:49.9505 DEBUG In meltcurve, curTemp = 56.8790016174316
2018-10-19 09:44:50.9678 DEBUG opticReadCmd, got an exception: 操作已超时。
2018-10-19 09:44:51.1014 DEBUG In meltcurve, curTemp = 57.2130012512207
2018-10-19 09:44:51.2612 DEBUG In meltcurve, curTemp = 57.0480003356934
2018-10-19 09:44:51.3248 DEBUG In meltcurve, curTemp = 56.9589996337891
2018-10-19 09:44:51.4685 DEBUG In meltcurve, curTemp = 56.890998840332
2018-10-19 09:44:51.6280 DEBUG In meltcurve, curTemp = 56.8819999694824
2018-10-19 09:44:52.6473 DEBUG opticReadCmd, got an exception: 操作已超时。
2018-10-19 09:44:52.6992 DEBUG In meltcurve, curTemp = 57.1279983520508
2018-10-19 09:44:52.7630 DEBUG In meltcurve, curTemp = 57.048999786377
2018-10-19 09:44:52.7790 DEBUG In meltcurve, curTemp = 57.048999786377
2018-10-19 09:44:52.7949 DEBUG In meltcurve, curTemp = 57.048999786377
2018-10-19 09:44:52.8109 DEBUG In meltcurve, curTemp = 57.048999786377
2018-10-19 09:44:52.9385 DEBUG In meltcurve, curTemp = 57.0009994506836
2018-10-19 09:44:53.9588 DEBUG opticReadCmd, got an exception: 操作已超时。
2018-10-19 09:44:53.9927 DEBUG In meltcurve, curTemp = 57.298999786377
2018-10-19 09:44:54.5044 DEBUG In meltcurve, curTemp = 57.234001159668
2018-10-19 09:44:54.5682 DEBUG In meltcurve, curTemp = 57.3419990539551
2018-10-19 09:44:54.6479 DEBUG In meltcurve, curTemp = 57.4640007019043
2018-10-19 09:44:54.7756 DEBUG In meltcurve, curTemp = 57.5690002441406
2018-10-19 09:44:54.9202 DEBUG In meltcurve, curTemp = 57.632999420166
2018-10-19 09:44:55.9375 DEBUG opticReadCmd, got an exception: 操作已超时。
2018-10-19 09:44:55.9904 DEBUG In meltcurve, curTemp = 57.5540008544922
2018-10-19 09:44:56.1659 DEBUG In meltcurve, curTemp = 57.7480010986328
2018-10-19 09:44:56.3095 DEBUG In meltcurve, curTemp = 57.7869987487793
2018-10-19 09:44:56.4541 DEBUG In meltcurve, curTemp = 57.7210006713867
2018-10-19 09:44:56.5021 DEBUG In meltcurve, curTemp = 57.7210006713867
2018-10-19 09:44:56.6297 DEBUG In meltcurve, curTemp = 57.6370010375977
2018-10-19 09:44:57.6479 DEBUG opticReadCmd, got an exception: 操作已超时。
2018-10-19 09:44:57.6679 DEBUG In meltcurve, curTemp = 57.9179992675781
2018-10-19 09:44:57.7636 DEBUG In meltcurve, curTemp = 57.8769989013672
2018-10-19 09:44:57.7796 DEBUG In meltcurve, curTemp = 57.8769989013672
2018-10-19 09:44:57.7956 DEBUG In meltcurve, curTemp = 57.8769989013672
2018-10-19 09:44:57.8115 DEBUG In meltcurve, curTemp = 57.8769989013672
2018-10-19 09:44:58.0519 DEBUG In meltcurve, curTemp = 57.6230010986328
2018-10-19 09:44:59.0731 DEBUG opticReadCmd, got an exception: 操作已超时。
2018-10-19 09:44:59.2028 DEBUG In meltcurve, curTemp = 57.9739990234375
2018-10-19 09:44:59.4262 DEBUG In meltcurve, curTemp = 57.7900009155273
2018-10-19 09:44:59.4412 DEBUG In meltcurve, curTemp = 57.7120018005371
2018-10-19 09:44:59.5060 DEBUG In meltcurve, curTemp = 57.7120018005371
2018-10-19 09:44:59.7294 DEBUG In meltcurve, curTemp = 57.6640014648438
2018-10-19 09:44:59.8889 DEBUG In meltcurve, curTemp = 57.8110008239746
2018-10-19 09:45:00.9082 DEBUG opticReadCmd, got an exception: 操作已超时。
2018-10-19 09:45:01.0559 DEBUG In meltcurve, curTemp = 57.8250007629395
2018-10-19 09:45:01.2314 DEBUG In meltcurve, curTemp = 57.9080009460449
2018-10-19 09:45:01.2952 DEBUG In meltcurve, curTemp = 58.0190010070801
2018-10-19 09:45:01.3590 DEBUG In meltcurve, curTemp = 58.148998260498
2018-10-19 09:45:01.5026 DEBUG In meltcurve, curTemp = 58.2519989013672
2018-10-19 09:45:01.6313 DEBUG In meltcurve, curTemp = 58.3190002441406
2018-10-19 09:45:02.6496 DEBUG opticReadCmd, got an exception: 操作已超时。
2018-10-19 09:45:02.7174 DEBUG In meltcurve, curTemp = 58.2309989929199
2018-10-19 09:45:02.8929 DEBUG In meltcurve, curTemp = 58.431999206543
2018-10-19 09:45:02.9567 DEBUG In meltcurve, curTemp = 58.4690017700195
2018-10-19 09:45:02.9727 DEBUG In meltcurve, curTemp = 58.4690017700195
2018-10-19 09:45:03.0046 DEBUG In meltcurve, curTemp = 58.4690017700195
2018-10-19 09:45:03.2928 DEBUG In meltcurve, curTemp = 58.3129997253418
2018-10-19 09:45:04.3131 DEBUG opticReadCmd, got an exception: 操作已超时。
2018-10-19 09:45:04.4757 DEBUG In meltcurve, curTemp = 58.560001373291
2018-10-19 09:45:04.7150 DEBUG In meltcurve, curTemp = 58.3889999389648
2018-10-19 09:45:04.7470 DEBUG In meltcurve, curTemp = 58.2970008850098
2018-10-19 09:45:04.7629 DEBUG In meltcurve, curTemp = 58.2970008850098
2018-10-19 09:45:04.8906 DEBUG In meltcurve, curTemp = 58.2220001220703
2018-10-19 09:45:05.9078 DEBUG opticReadCmd, got an exception: 操作已超时。
2018-10-19 09:45:05.9607 DEBUG In meltcurve, curTemp = 58.5589981079102
2018-10-19 09:45:06.0894 DEBUG In meltcurve, curTemp = 58.4599990844727
2018-10-19 09:45:06.1053 DEBUG In meltcurve, curTemp = 58.4599990844727
2018-10-19 09:45:06.1213 DEBUG In meltcurve, curTemp = 58.4599990844727
2018-10-19 09:45:06.1532 DEBUG In meltcurve, curTemp = 58.3819999694824
2018-10-19 09:45:06.3128 DEBUG In meltcurve, curTemp = 58.3310012817383
2018-10-19 09:45:07.3490 DEBUG opticReadCmd, got an exception: 操作已超时。
2018-10-19 09:45:07.4956 DEBUG In meltcurve, curTemp = 58.5429992675781
2018-10-19 09:45:07.7669 DEBUG In meltcurve, curTemp = 58.4959983825684
2018-10-19 09:45:07.7988 DEBUG In meltcurve, curTemp = 58.4959983825684
2018-10-19 09:45:07.8307 DEBUG In meltcurve, curTemp = 58.4959983825684
2018-10-19 09:45:07.8467 DEBUG In meltcurve, curTemp = 58.5769996643066
2018-10-19 09:45:08.0063 DEBUG In meltcurve, curTemp = 58.6920013427734
2018-10-19 09:45:09.0285 DEBUG opticReadCmd, got an exception: 操作已超时。
2018-10-19 09:45:09.0457 DEBUG In meltcurve, curTemp = 58.6100006103516
2018-10-19 09:45:09.5082 DEBUG In meltcurve, curTemp = 59.0200004577637
2018-10-19 09:45:09.5890 DEBUG In meltcurve, curTemp = 59.101001739502
2018-10-19 09:45:09.6369 DEBUG In meltcurve, curTemp = 59.101001739502
2018-10-19 09:45:09.6848 DEBUG In meltcurve, curTemp = 59.1360015869141
2018-10-19 09:45:09.8124 DEBUG In meltcurve, curTemp = 59.1220016479492
2018-10-19 09:45:10.8327 DEBUG opticReadCmd, got an exception: 操作已超时。
2018-10-19 09:45:10.8507 DEBUG In meltcurve, curTemp = 59.2109985351563
2018-10-19 09:45:11.1548 DEBUG In meltcurve, curTemp = 59.2290000915527
2018-10-19 09:45:11.3144 DEBUG In meltcurve, curTemp = 59.1469993591309
2018-10-19 09:45:11.4580 DEBUG In meltcurve, curTemp = 58.9570007324219
2018-10-19 09:45:11.4900 DEBUG In meltcurve, curTemp = 58.9570007324219
2018-10-19 09:45:11.7622 DEBUG In meltcurve, curTemp = 58.8880004882813
2018-10-19 09:45:12.7685 DEBUG In meltcurve, curTemp = 59.1230010986328
2018-10-19 09:45:12.7845 DEBUG In meltcurve, curTemp = 59.1230010986328
2018-10-19 09:45:12.8005 DEBUG In meltcurve, curTemp = 59.1230010986328
2018-10-19 09:45:12.8164 DEBUG In meltcurve, curTemp = 59.1230010986328
2018-10-19 09:45:13.0717 DEBUG In meltcurve, curTemp = 59.0019989013672
2018-10-19 09:45:14.1059 DEBUG opticReadCmd, got an exception: 操作已超时。
2018-10-19 09:45:14.2227 DEBUG In meltcurve, curTemp = 59.2029991149902
2018-10-19 09:45:14.4301 DEBUG In meltcurve, curTemp = 59.1300010681152
2018-10-19 09:45:14.4620 DEBUG In meltcurve, curTemp = 59.1679992675781
2018-10-19 09:45:14.5258 DEBUG In meltcurve, curTemp = 59.1679992675781
2018-10-19 09:45:14.5896 DEBUG In meltcurve, curTemp = 59.2569999694824
2018-10-19 09:45:14.7502 DEBUG In meltcurve, curTemp = 59.5009994506836
2018-10-19 09:45:15.7675 DEBUG opticReadCmd, got an exception: 操作已超时。
2018-10-19 09:45:15.7884 DEBUG In meltcurve, curTemp = 59.2799987792969
2018-10-19 09:45:16.2043 DEBUG In meltcurve, curTemp = 59.7060012817383
2018-10-19 09:45:16.3479 DEBUG In meltcurve, curTemp = 59.7900009155273
2018-10-19 09:45:16.4118 DEBUG In meltcurve, curTemp = 59.8219985961914
2018-10-19 09:45:16.5713 DEBUG In meltcurve, curTemp = 59.7369995117188
2018-10-19 09:45:16.7788 DEBUG In meltcurve, curTemp = 59.5410003662109
2018-10-19 09:45:17.8499 DEBUG In meltcurve, curTemp = 59.9519996643066
2018-10-19 09:45:17.8659 DEBUG In meltcurve, curTemp = 59.9039993286133
2018-10-19 09:45:18.0414 DEBUG In meltcurve, curTemp = 59.8139991760254
2018-10-19 09:45:18.1062 DEBUG In meltcurve, curTemp = 59.7190017700195
2018-10-19 09:45:18.3137 DEBUG In meltcurve, curTemp = 59.5470008850098
2018-10-19 09:45:19.3459 DEBUG opticReadCmd, got an exception: 操作已超时。
2018-10-19 09:45:19.4317 DEBUG In meltcurve, curTemp = 59.8930015563965
2018-10-19 09:45:19.4796 DEBUG In meltcurve, curTemp = 59.7939987182617
2018-10-19 09:45:19.5274 DEBUG In meltcurve, curTemp = 59.7939987182617
2018-10-19 09:45:19.5913 DEBUG In meltcurve, curTemp = 59.7089996337891
2018-10-19 09:45:19.7199 DEBUG In meltcurve, curTemp = 59.6640014648438
2018-10-19 09:45:20.7392 DEBUG opticReadCmd, got an exception: 操作已超时。
2018-10-19 09:45:20.8539 DEBUG In meltcurve, curTemp = 59.9679985046387
2018-10-19 09:45:21.0943 DEBUG In meltcurve, curTemp = 59.7980003356934
2018-10-19 09:45:21.1103 DEBUG In meltcurve, curTemp = 59.7980003356934
2018-10-19 09:45:21.1262 DEBUG In meltcurve, curTemp = 59.7980003356934
2018-10-19 09:45:21.1421 DEBUG In meltcurve, curTemp = 59.7980003356934
2018-10-19 09:45:21.3815 DEBUG In meltcurve, curTemp = 60.0519981384277
2018-10-19 09:45:22.3998 DEBUG opticReadCmd, got an exception: 操作已超时。
2018-10-19 09:45:22.4835 DEBUG In meltcurve, curTemp = 59.9490013122559
2018-10-19 09:45:22.7718 DEBUG In meltcurve, curTemp = 60.2680015563965
2018-10-19 09:45:22.7877 DEBUG In meltcurve, curTemp = 60.2680015563965
2018-10-19 09:45:22.8516 DEBUG In meltcurve, curTemp = 60.2680015563965
2018-10-19 09:45:22.9154 DEBUG In meltcurve, curTemp = 60.3889999389648
2018-10-19 09:45:23.1228 DEBUG In meltcurve, curTemp = 60.5060005187988
2018-10-19 09:45:24.1561 DEBUG opticReadCmd, got an exception: 操作已超时。
2018-10-19 09:45:24.2578 DEBUG In meltcurve, curTemp = 60.4790000915527
2018-10-19 09:45:24.4652 DEBUG In meltcurve, curTemp = 60.6360015869141
2018-10-19 09:45:24.6089 DEBUG In meltcurve, curTemp = 60.5849990844727
2018-10-19 09:45:24.6567 DEBUG In meltcurve, curTemp = 60.5849990844727
2018-10-19 09:45:24.7206 DEBUG In meltcurve, curTemp = 60.5029983520508
2018-10-19 09:45:24.8492 DEBUG In meltcurve, curTemp = 60.3959999084473
2018-10-19 09:45:25.8705 DEBUG opticReadCmd, got an exception: 操作已超时。
2018-10-19 09:45:25.9194 DEBUG In meltcurve, curTemp = 60.7080001831055
2018-10-19 09:45:26.1757 DEBUG In meltcurve, curTemp = 60.4599990844727
2018-10-19 09:45:26.3193 DEBUG In meltcurve, curTemp = 60.3779983520508
2018-10-19 09:45:26.4789 DEBUG In meltcurve, curTemp = 60.3479995727539
2018-10-19 09:45:26.5587 DEBUG In meltcurve, curTemp = 60.3479995727539
2018-10-19 09:45:26.8299 DEBUG In meltcurve, curTemp = 60.6300010681152
2018-10-19 09:45:27.7415 DEBUG In meltcurve, curTemp = 60.476001739502
2018-10-19 09:45:27.7574 DEBUG In meltcurve, curTemp = 60.476001739502
2018-10-19 09:45:27.7894 DEBUG In meltcurve, curTemp = 60.4640007019043
2018-10-19 09:45:27.8053 DEBUG In meltcurve, curTemp = 60.4640007019043
2018-10-19 09:45:27.8213 DEBUG In meltcurve, curTemp = 60.4640007019043
2018-10-19 09:45:27.9489 DEBUG In meltcurve, curTemp = 60.507999420166
2018-10-19 09:45:29.0061 DEBUG opticReadCmd, got an exception: 操作已超时。
2018-10-19 09:45:29.1158 DEBUG In meltcurve, curTemp = 60.5929985046387
2018-10-19 09:45:29.4509 DEBUG In meltcurve, curTemp = 60.7879981994629
2018-10-19 09:45:29.4828 DEBUG In meltcurve, curTemp = 60.9259986877441
2018-10-19 09:45:29.4988 DEBUG In meltcurve, curTemp = 60.9259986877441
2018-10-19 09:45:29.5626 DEBUG In meltcurve, curTemp = 60.9259986877441
2018-10-19 09:45:29.7392 DEBUG In meltcurve, curTemp = 61.1310005187988
2018-10-19 09:45:30.7554 DEBUG opticReadCmd, got an exception: 操作已超时。
2018-10-19 09:45:30.7774 DEBUG In meltcurve, curTemp = 61.0120010375977
2018-10-19 09:45:31.1294 DEBUG In meltcurve, curTemp = 61.2970008850098
2018-10-19 09:45:31.2890 DEBUG In meltcurve, curTemp = 61.2480010986328
2018-10-19 09:45:31.5124 DEBUG In meltcurve, curTemp = 61.0530014038086
2018-10-19 09:45:31.5762 DEBUG In meltcurve, curTemp = 60.9580001831055
2018-10-19 09:45:31.7039 DEBUG In meltcurve, curTemp = 60.8819999694824
2018-10-19 09:45:32.7212 DEBUG opticReadCmd, got an exception: 操作已超时。
2018-10-19 09:45:32.7750 DEBUG In meltcurve, curTemp = 61.234001159668
2018-10-19 09:45:32.9346 DEBUG In meltcurve, curTemp = 61.1269989013672
2018-10-19 09:45:32.9994 DEBUG In meltcurve, curTemp = 61.0439987182617
2018-10-19 09:45:33.0314 DEBUG In meltcurve, curTemp = 61.0439987182617
2018-10-19 09:45:33.1750 DEBUG In meltcurve, curTemp = 61.0069999694824
2018-10-19 09:45:34.1922 DEBUG opticReadCmd, got an exception: 操作已超时。
2018-10-19 09:45:34.2771 DEBUG In meltcurve, curTemp = 61.2029991149902
2018-10-19 09:45:34.5164 DEBUG In meltcurve, curTemp = 61.1269989013672
2018-10-19 09:45:34.5643 DEBUG In meltcurve, curTemp = 61.1269989013672
2018-10-19 09:45:34.6121 DEBUG In meltcurve, curTemp = 61.1699981689453
2018-10-19 09:45:34.6281 DEBUG In meltcurve, curTemp = 61.1699981689453
2018-10-19 09:45:34.7567 DEBUG In meltcurve, curTemp = 61.2709999084473
2018-10-19 09:45:35.7780 DEBUG opticReadCmd, got an exception: 操作已超时。
2018-10-19 09:45:35.9067 DEBUG In meltcurve, curTemp = 61.2859992980957
2018-10-19 09:45:36.0992 DEBUG In meltcurve, curTemp = 61.4749984741211
2018-10-19 09:45:36.1151 DEBUG In meltcurve, curTemp = 61.4749984741211
2018-10-19 09:45:36.1311 DEBUG In meltcurve, curTemp = 61.4749984741211
2018-10-19 09:45:36.1470 DEBUG In meltcurve, curTemp = 61.4749984741211
2018-10-19 09:45:36.5140 DEBUG In meltcurve, curTemp = 61.8699989318848
2018-10-19 09:45:37.5533 DEBUG opticReadCmd, got an exception: 操作已超时。
2018-10-19 09:45:37.6012 DEBUG In meltcurve, curTemp = 61.8359985351563
2018-10-19 09:45:37.7607 DEBUG In meltcurve, curTemp = 61.9449996948242
2018-10-19 09:45:37.7928 DEBUG In meltcurve, curTemp = 62.0019989013672
2018-10-19 09:45:37.8087 DEBUG In meltcurve, curTemp = 62.0019989013672
2018-10-19 09:45:37.8245 DEBUG In meltcurve, curTemp = 62.0019989013672
2018-10-19 09:45:37.9841 DEBUG In meltcurve, curTemp = 61.9459991455078
2018-10-19 09:45:39.0034 DEBUG opticReadCmd, got an exception: 操作已超时。
2018-10-19 09:45:39.0233 DEBUG In meltcurve, curTemp = 62.0419998168945
2018-10-19 09:45:39.4702 DEBUG In meltcurve, curTemp = 62.0340003967285
2018-10-19 09:45:39.6138 DEBUG In meltcurve, curTemp = 61.810001373291
2018-10-19 09:45:39.6786 DEBUG In meltcurve, curTemp = 61.7179985046387
2018-10-19 09:45:39.7265 DEBUG In meltcurve, curTemp = 61.7179985046387
2018-10-19 09:45:39.8541 DEBUG In meltcurve, curTemp = 61.6699981689453
2018-10-19 09:45:40.8724 DEBUG opticReadCmd, got an exception: 操作已超时。
2018-10-19 09:45:40.9243 DEBUG In meltcurve, curTemp = 61.9889984130859
2018-10-19 09:45:41.3082 DEBUG In meltcurve, curTemp = 61.8470001220703
2018-10-19 09:45:41.4678 DEBUG In meltcurve, curTemp = 61.951000213623
2018-10-19 09:45:41.5157 DEBUG In meltcurve, curTemp = 62.0820007324219
2018-10-19 09:45:41.5317 DEBUG In meltcurve, curTemp = 62.0820007324219
2018-10-19 09:45:41.7710 DEBUG In meltcurve, curTemp = 62.3409996032715
2018-10-19 09:45:42.7623 DEBUG In meltcurve, curTemp = 62.0400009155273
2018-10-19 09:45:42.7943 DEBUG In meltcurve, curTemp = 62.1559982299805
2018-10-19 09:45:42.8102 DEBUG In meltcurve, curTemp = 62.1559982299805
2018-10-19 09:45:42.8262 DEBUG In meltcurve, curTemp = 62.1559982299805
2018-10-19 09:45:42.9538 DEBUG In meltcurve, curTemp = 62.3160018920898
2018-10-19 09:45:43.9731 DEBUG opticReadCmd, got an exception: 操作已超时。
2018-10-19 09:45:44.1207 DEBUG In meltcurve, curTemp = 62.2400016784668
2018-10-19 09:45:44.4399 DEBUG In meltcurve, curTemp = 62.6290016174316
2018-10-19 09:45:44.4718 DEBUG In meltcurve, curTemp = 62.6290016174316
2018-10-19 09:45:44.4878 DEBUG In meltcurve, curTemp = 62.6839981079102
2018-10-19 09:45:44.5037 DEBUG In meltcurve, curTemp = 62.6839981079102
2018-10-19 09:45:44.7271 DEBUG In meltcurve, curTemp = 62.6230010986328
2018-10-19 09:45:45.7484 DEBUG opticReadCmd, got an exception: 操作已超时。
2018-10-19 09:45:45.7665 DEBUG In meltcurve, curTemp = 62.7270011901855
2018-10-19 09:45:46.2610 DEBUG In meltcurve, curTemp = 62.5960006713867
2018-10-19 09:45:46.3248 DEBUG In meltcurve, curTemp = 62.4850006103516
2018-10-19 09:45:46.3896 DEBUG In meltcurve, curTemp = 62.3860015869141
2018-10-19 09:45:46.5333 DEBUG In meltcurve, curTemp = 62.3409996032715
2018-10-19 09:45:46.6609 DEBUG In meltcurve, curTemp = 62.3520011901855
2018-10-19 09:45:47.6792 DEBUG opticReadCmd, got an exception: 操作已超时。
2018-10-19 09:45:47.7311 DEBUG In meltcurve, curTemp = 62.5499992370605
2018-10-19 09:45:47.8916 DEBUG In meltcurve, curTemp = 62.4679985046387
2018-10-19 09:45:47.9555 DEBUG In meltcurve, curTemp = 62.4679985046387
2018-10-19 09:45:47.9714 DEBUG In meltcurve, curTemp = 62.4679985046387
2018-10-19 09:45:48.0991 DEBUG In meltcurve, curTemp = 62.6199989318848
2018-10-19 09:45:48.2746 DEBUG In meltcurve, curTemp = 62.765998840332
2018-10-19 09:45:49.3138 DEBUG opticReadCmd, got an exception: 操作已超时。
2018-10-19 09:45:49.3777 DEBUG In meltcurve, curTemp = 62.6290016174316
2018-10-19 09:45:49.4575 DEBUG In meltcurve, curTemp = 62.7140007019043
2018-10-19 09:45:49.5851 DEBUG In meltcurve, curTemp = 62.9869995117188
2018-10-19 09:45:49.6330 DEBUG In meltcurve, curTemp = 62.9869995117188
2018-10-19 09:45:49.7607 DEBUG In meltcurve, curTemp = 63.1199989318848
2018-10-19 09:45:49.8893 DEBUG In meltcurve, curTemp = 63.242000579834
2018-10-19 09:45:50.9495 DEBUG opticReadCmd, got an exception: 操作已超时。
2018-10-19 09:45:51.0552 DEBUG In meltcurve, curTemp = 63.201000213623
2018-10-19 09:45:51.1031 DEBUG In meltcurve, curTemp = 63.3079986572266
2018-10-19 09:45:51.1190 DEBUG In meltcurve, curTemp = 63.3079986572266
2018-10-19 09:45:51.1350 DEBUG In meltcurve, curTemp = 63.3079986572266
2018-10-19 09:45:51.1509 DEBUG In meltcurve, curTemp = 63.3079986572266
2018-10-19 09:45:51.3753 DEBUG In meltcurve, curTemp = 63.3610000610352
2018-10-19 09:45:52.3936 DEBUG opticReadCmd, got an exception: 操作已超时。
2018-10-19 09:45:52.4455 DEBUG In meltcurve, curTemp = 63.4129981994629
2018-10-19 09:45:52.7646 DEBUG In meltcurve, curTemp = 63.4580001831055
2018-10-19 09:45:52.7816 DEBUG In meltcurve, curTemp = 63.4580001831055
2018-10-19 09:45:52.7965 DEBUG In meltcurve, curTemp = 63.3899993896484
2018-10-19 09:45:52.8135 DEBUG In meltcurve, curTemp = 63.3899993896484
2018-10-19 09:45:52.9731 DEBUG In meltcurve, curTemp = 63.2639999389648
2018-10-19 09:45:53.9933 DEBUG opticReadCmd, got an exception: 操作已超时。
2018-10-19 09:45:54.0113 DEBUG In meltcurve, curTemp = 63.6189994812012
2018-10-19 09:45:54.4591 DEBUG In meltcurve, curTemp = 63.2220001220703
2018-10-19 09:45:54.5229 DEBUG In meltcurve, curTemp = 63.1539993286133
2018-10-19 09:45:54.6665 DEBUG In meltcurve, curTemp = 63.1430015563965
2018-10-19 09:45:54.7304 DEBUG In meltcurve, curTemp = 63.1860008239746
2018-10-19 09:45:54.8580 DEBUG In meltcurve, curTemp = 63.2910003662109
2018-10-19 09:45:55.9022 DEBUG opticReadCmd, got an exception: 操作已超时。
2018-10-19 09:45:55.9611 DEBUG In meltcurve, curTemp = 63.2750015258789
2018-10-19 09:45:56.2164 DEBUG In meltcurve, curTemp = 63.4990005493164
2018-10-19 09:45:56.3600 DEBUG In meltcurve, curTemp = 63.6539993286133
2018-10-19 09:45:56.5206 DEBUG In meltcurve, curTemp = 63.8689994812012
2018-10-19 09:45:56.5684 DEBUG In meltcurve, curTemp = 63.8689994812012
2018-10-19 09:45:56.8238 DEBUG In meltcurve, curTemp = 63.8040008544922
2018-10-19 09:45:57.7662 DEBUG In meltcurve, curTemp = 63.8619995117188
2018-10-19 09:45:57.7832 DEBUG In meltcurve, curTemp = 63.8619995117188
2018-10-19 09:45:57.8151 DEBUG In meltcurve, curTemp = 63.9690017700195
2018-10-19 09:45:57.8311 DEBUG In meltcurve, curTemp = 63.9690017700195
2018-10-19 09:45:57.9577 DEBUG In meltcurve, curTemp = 64.0339965820313
2018-10-19 09:45:58.9760 DEBUG opticReadCmd, got an exception: 操作已超时。
2018-10-19 09:45:59.1087 DEBUG In meltcurve, curTemp = 64.0759963989258
2018-10-19 09:45:59.4278 DEBUG In meltcurve, curTemp = 64.1309967041016
2018-10-19 09:45:59.4438 DEBUG In meltcurve, curTemp = 64.1309967041016
2018-10-19 09:45:59.4597 DEBUG In meltcurve, curTemp = 64.1309967041016
2018-10-19 09:45:59.4757 DEBUG In meltcurve, curTemp = 64.1309967041016
2018-10-19 09:45:59.7160 DEBUG In meltcurve, curTemp = 63.8230018615723
2018-10-19 09:46:00.7742 DEBUG opticReadCmd, got an exception: 操作已超时。
2018-10-19 09:46:00.8500 DEBUG In meltcurve, curTemp = 64.2109985351563
2018-10-19 09:46:01.1063 DEBUG In meltcurve, curTemp = 63.882999420166
2018-10-19 09:46:01.2659 DEBUG In meltcurve, curTemp = 63.8170013427734
2018-10-19 09:46:01.3297 DEBUG In meltcurve, curTemp = 63.8079986572266
2018-10-19 09:46:01.3935 DEBUG In meltcurve, curTemp = 63.8079986572266
2018-10-19 09:46:01.5531 DEBUG In meltcurve, curTemp = 63.9679985046387
2018-10-19 09:46:02.5774 DEBUG opticReadCmd, got an exception: 操作已超时。
2018-10-19 09:46:02.6402 DEBUG In meltcurve, curTemp = 63.935001373291
2018-10-19 09:46:02.8157 DEBUG In meltcurve, curTemp = 64.0449981689453
2018-10-19 09:46:02.9594 DEBUG In meltcurve, curTemp = 64.1740036010742
2018-10-19 09:46:03.0232 DEBUG In meltcurve, curTemp = 64.3170013427734
2018-10-19 09:46:03.0551 DEBUG In meltcurve, curTemp = 64.3170013427734
2018-10-19 09:46:03.1828 DEBUG In meltcurve, curTemp = 64.4570007324219
2018-10-19 09:46:04.2180 DEBUG opticReadCmd, got an exception: 操作已超时。
2018-10-19 09:46:04.3177 DEBUG In meltcurve, curTemp = 64.3929977416992
2018-10-19 09:46:04.5571 DEBUG In meltcurve, curTemp = 64.6510009765625
2018-10-19 09:46:04.6050 DEBUG In meltcurve, curTemp = 64.7070007324219
2018-10-19 09:46:04.6528 DEBUG In meltcurve, curTemp = 64.7070007324219
2018-10-19 09:46:04.6688 DEBUG In meltcurve, curTemp = 64.7070007324219
2018-10-19 09:46:04.7974 DEBUG In meltcurve, curTemp = 64.7030029296875
2018-10-19 09:46:05.8157 DEBUG opticReadCmd, got an exception: 操作已超时。
2018-10-19 09:46:06.0431 DEBUG In meltcurve, curTemp = 64.8399963378906
2018-10-19 09:46:06.1069 DEBUG In meltcurve, curTemp = 64.7870025634766
2018-10-19 09:46:06.1229 DEBUG In meltcurve, curTemp = 64.7870025634766
2018-10-19 09:46:06.1389 DEBUG In meltcurve, curTemp = 64.7870025634766
2018-10-19 09:46:06.1548 DEBUG In meltcurve, curTemp = 64.7870025634766
2018-10-19 09:46:06.3952 DEBUG In meltcurve, curTemp = 64.6039962768555
2018-10-19 09:46:07.4135 DEBUG opticReadCmd, got an exception: 操作已超时。
2018-10-19 09:46:07.4653 DEBUG In meltcurve, curTemp = 64.9229965209961
2018-10-19 09:46:07.7695 DEBUG In meltcurve, curTemp = 64.6529998779297
2018-10-19 09:46:07.7855 DEBUG In meltcurve, curTemp = 64.6529998779297
2018-10-19 09:46:07.8175 DEBUG In meltcurve, curTemp = 64.5579986572266
2018-10-19 09:46:07.8335 DEBUG In meltcurve, curTemp = 64.5579986572266
2018-10-19 09:46:08.0089 DEBUG In meltcurve, curTemp = 64.4739990234375
2018-10-19 09:46:09.0271 DEBUG opticReadCmd, got an exception: 操作已超时。
2018-10-19 09:46:09.0501 DEBUG In meltcurve, curTemp = 64.8369979858398
2018-10-19 09:46:09.4630 DEBUG In meltcurve, curTemp = 64.6210021972656
2018-10-19 09:46:09.5268 DEBUG In meltcurve, curTemp = 64.6940002441406
2018-10-19 09:46:09.5747 DEBUG In meltcurve, curTemp = 64.6940002441406
2018-10-19 09:46:09.7183 DEBUG In meltcurve, curTemp = 64.9570007324219
2018-10-19 09:46:09.8470 DEBUG In meltcurve, curTemp = 65.0869979858398
2018-10-19 09:46:10.8672 DEBUG opticReadCmd, got an exception: 操作已超时。
2018-10-19 09:46:10.8852 DEBUG In meltcurve, curTemp = 64.7880020141602
2018-10-19 09:46:11.2043 DEBUG In meltcurve, curTemp = 65.1780014038086
2018-10-19 09:46:11.3480 DEBUG In meltcurve, curTemp = 65.3560028076172
2018-10-19 09:46:11.5085 DEBUG In meltcurve, curTemp = 65.3059997558594
2018-10-19 09:46:11.5564 DEBUG In meltcurve, curTemp = 65.3059997558594
2018-10-19 09:46:11.8117 DEBUG In meltcurve, curTemp = 64.9869995117188
2018-10-19 09:46:12.7711 DEBUG In meltcurve, curTemp = 65.5130004882813
2018-10-19 09:46:12.8031 DEBUG In meltcurve, curTemp = 65.5130004882813
2018-10-19 09:46:12.8350 DEBUG In meltcurve, curTemp = 65.4800033569336
2018-10-19 09:46:12.8669 DEBUG In meltcurve, curTemp = 65.4800033569336
2018-10-19 09:46:12.9945 DEBUG In meltcurve, curTemp = 65.4020004272461
2018-10-19 09:46:14.0407 DEBUG opticReadCmd, got an exception: 操作已超时。
2018-10-19 09:46:14.1604 DEBUG In meltcurve, curTemp = 65.6439971923828
2018-10-19 09:46:14.4806 DEBUG In meltcurve, curTemp = 65.359001159668
2018-10-19 09:46:14.4965 DEBUG In meltcurve, curTemp = 65.359001159668
2018-10-19 09:46:14.5125 DEBUG In meltcurve, curTemp = 65.2490005493164
2018-10-19 09:46:14.5284 DEBUG In meltcurve, curTemp = 65.2490005493164
2018-10-19 09:46:14.7678 DEBUG In meltcurve, curTemp = 65.1330032348633
2018-10-19 09:46:15.7871 DEBUG opticReadCmd, got an exception: 操作已超时。
2018-10-19 09:46:15.8070 DEBUG In meltcurve, curTemp = 65.5599975585938
2018-10-19 09:46:16.1581 DEBUG In meltcurve, curTemp = 65.2770004272461
2018-10-19 09:46:16.3177 DEBUG In meltcurve, curTemp = 65.4660034179688
2018-10-19 09:46:16.3815 DEBUG In meltcurve, curTemp = 65.4660034179688
2018-10-19 09:46:16.4294 DEBUG In meltcurve, curTemp = 65.6289978027344
2018-10-19 09:46:16.6059 DEBUG In meltcurve, curTemp = 65.7740020751953
2018-10-19 09:46:17.6252 DEBUG opticReadCmd, got an exception: 操作已超时。
2018-10-19 09:46:17.6761 DEBUG In meltcurve, curTemp = 65.552001953125
2018-10-19 09:46:17.8197 DEBUG In meltcurve, curTemp = 65.8509979248047
2018-10-19 09:46:17.8835 DEBUG In meltcurve, curTemp = 65.8509979248047
2018-10-19 09:46:18.0121 DEBUG In meltcurve, curTemp = 65.9830017089844
2018-10-19 09:46:18.0440 DEBUG In meltcurve, curTemp = 66.0609970092773
2018-10-19 09:46:18.2196 DEBUG In meltcurve, curTemp = 66.0279998779297
2018-10-19 09:46:19.2379 DEBUG opticReadCmd, got an exception: 操作已超时。
2018-10-19 09:46:19.3376 DEBUG In meltcurve, curTemp = 66.1660003662109
2018-10-19 09:46:19.5620 DEBUG In meltcurve, curTemp = 66.1949996948242
2018-10-19 09:46:19.6258 DEBUG In meltcurve, curTemp = 66.120002746582
2018-10-19 09:46:19.6737 DEBUG In meltcurve, curTemp = 66.120002746582
2018-10-19 09:46:19.6896 DEBUG In meltcurve, curTemp = 66.120002746582
2018-10-19 09:46:19.8183 DEBUG In meltcurve, curTemp = 66.0059967041016
2018-10-19 09:46:20.8406 DEBUG opticReadCmd, got an exception: 操作已超时。
2018-10-19 09:46:20.9682 DEBUG In meltcurve, curTemp = 66.2880020141602
2018-10-19 09:46:21.0799 DEBUG In meltcurve, curTemp = 66.1969985961914
2018-10-19 09:46:21.0959 DEBUG In meltcurve, curTemp = 66.1969985961914
2018-10-19 09:46:21.1119 DEBUG In meltcurve, curTemp = 66.1969985961914
2018-10-19 09:46:21.1278 DEBUG In meltcurve, curTemp = 66.0820007324219
2018-10-19 09:46:21.2555 DEBUG In meltcurve, curTemp = 65.9469985961914
2018-10-19 09:46:22.2737 DEBUG opticReadCmd, got an exception: 操作已超时。
2018-10-19 09:46:22.3745 DEBUG In meltcurve, curTemp = 66.3830032348633
2018-10-19 09:46:22.7576 DEBUG In meltcurve, curTemp = 65.9550018310547
2018-10-19 09:46:22.7734 DEBUG In meltcurve, curTemp = 65.9550018310547
2018-10-19 09:46:22.7894 DEBUG In meltcurve, curTemp = 65.9550018310547
2018-10-19 09:46:22.8053 DEBUG In meltcurve, curTemp = 65.9550018310547
2018-10-19 09:46:23.0457 DEBUG In meltcurve, curTemp = 66.1139984130859
2018-10-19 09:46:24.0630 DEBUG opticReadCmd, got an exception: 操作已超时。
2018-10-19 09:46:24.0839 DEBUG In meltcurve, curTemp = 66.1159973144531
2018-10-19 09:46:24.4679 DEBUG In meltcurve, curTemp = 66.3430023193359
2018-10-19 09:46:24.5317 DEBUG In meltcurve, curTemp = 66.4980010986328
2018-10-19 09:46:24.6753 DEBUG In meltcurve, curTemp = 66.640998840332
2018-10-19 09:46:24.7391 DEBUG In meltcurve, curTemp = 66.7310028076172
2018-10-19 09:46:24.8678 DEBUG In meltcurve, curTemp = 66.7639999389648
2018-10-19 09:46:25.8931 DEBUG opticReadCmd, got an exception: 操作已超时。
2018-10-19 09:46:25.9060 DEBUG In meltcurve, curTemp = 66.568000793457
2018-10-19 09:46:26.2092 DEBUG In meltcurve, curTemp = 66.8970031738281
2018-10-19 09:46:26.3529 DEBUG In meltcurve, curTemp = 66.8170013427734
2018-10-19 09:46:26.5124 DEBUG In meltcurve, curTemp = 66.7089996337891
2018-10-19 09:46:26.5613 DEBUG In meltcurve, curTemp = 66.5790023803711
2018-10-19 09:46:26.8166 DEBUG In meltcurve, curTemp = 66.3720016479492
2018-10-19 09:46:27.7910 DEBUG In meltcurve, curTemp = 66.9020004272461
2018-10-19 09:46:27.8867 DEBUG In meltcurve, curTemp = 66.7750015258789
2018-10-19 09:46:27.9027 DEBUG In meltcurve, curTemp = 66.7750015258789
2018-10-19 09:46:27.9186 DEBUG In meltcurve, curTemp = 66.7750015258789
2018-10-19 09:46:28.0473 DEBUG In meltcurve, curTemp = 66.5370025634766
2018-10-19 09:46:29.0666 DEBUG opticReadCmd, got an exception: 操作已超时。
2018-10-19 09:46:29.1973 DEBUG In meltcurve, curTemp = 66.9690017700195
2018-10-19 09:46:29.4845 DEBUG In meltcurve, curTemp = 66.6289978027344
2018-10-19 09:46:29.5323 DEBUG In meltcurve, curTemp = 66.6139984130859
2018-10-19 09:46:29.5493 DEBUG In meltcurve, curTemp = 66.6139984130859
2018-10-19 09:46:29.5652 DEBUG In meltcurve, curTemp = 66.6139984130859
2018-10-19 09:46:29.8046 DEBUG In meltcurve, curTemp = 66.7799987792969
2018-10-19 09:46:30.8239 DEBUG opticReadCmd, got an exception: 操作已超时。
2018-10-19 09:46:30.8429 DEBUG In meltcurve, curTemp = 66.7490005493164
2018-10-19 09:46:31.1789 DEBUG In meltcurve, curTemp = 67.0039978027344
2018-10-19 09:46:31.2428 DEBUG In meltcurve, curTemp = 67.1719970703125
2018-10-19 09:46:31.3704 DEBUG In meltcurve, curTemp = 67.322998046875
2018-10-19 09:46:31.4343 DEBUG In meltcurve, curTemp = 67.4250030517578
2018-10-19 09:46:31.6098 DEBUG In meltcurve, curTemp = 67.4670028686523
2018-10-19 09:46:32.6580 DEBUG opticReadCmd, got an exception: 操作已超时。
2018-10-19 09:46:32.8884 DEBUG In meltcurve, curTemp = 67.5979995727539
2018-10-19 09:46:32.9362 DEBUG In meltcurve, curTemp = 67.5940017700195
2018-10-19 09:46:33.0799 DEBUG In meltcurve, curTemp = 67.5230026245117
2018-10-19 09:46:33.1278 DEBUG In meltcurve, curTemp = 67.5230026245117
2018-10-19 09:46:33.2554 DEBUG In meltcurve, curTemp = 67.2750015258789
2018-10-19 09:46:34.2747 DEBUG opticReadCmd, got an exception: 操作已超时。
2018-10-19 09:46:34.3584 DEBUG In meltcurve, curTemp = 67.6920013427734
2018-10-19 09:46:34.4701 DEBUG In meltcurve, curTemp = 67.5989990234375
2018-10-19 09:46:34.6138 DEBUG In meltcurve, curTemp = 67.4700012207031
2018-10-19 09:46:34.6786 DEBUG In meltcurve, curTemp = 67.338996887207
2018-10-19 09:46:34.8064 DEBUG In meltcurve, curTemp = 67.2229995727539
2018-10-19 09:46:34.9339 DEBUG In meltcurve, curTemp = 67.1650009155273
2018-10-19 09:46:35.9552 DEBUG opticReadCmd, got an exception: 操作已超时。
2018-10-19 09:46:36.0040 DEBUG In meltcurve, curTemp = 67.5289993286133
2018-10-19 09:46:36.1636 DEBUG In meltcurve, curTemp = 67.3150024414063
2018-10-19 09:46:36.3242 DEBUG In meltcurve, curTemp = 67.2890014648438
2018-10-19 09:46:36.3880 DEBUG In meltcurve, curTemp = 67.3330001831055
2018-10-19 09:46:36.5316 DEBUG In meltcurve, curTemp = 67.4550018310547
2018-10-19 09:46:36.6912 DEBUG In meltcurve, curTemp = 67.7740020751953
2018-10-19 09:46:37.7095 DEBUG opticReadCmd, got an exception: 操作已超时。
2018-10-19 09:46:37.7304 DEBUG In meltcurve, curTemp = 67.4420013427734
2018-10-19 09:46:37.7623 DEBUG In meltcurve, curTemp = 67.5270004272461
2018-10-19 09:46:37.7783 DEBUG In meltcurve, curTemp = 67.5270004272461
2018-10-19 09:46:37.7943 DEBUG In meltcurve, curTemp = 67.5270004272461
2018-10-19 09:46:37.8102 DEBUG In meltcurve, curTemp = 67.5270004272461
2018-10-19 09:46:37.9698 DEBUG In meltcurve, curTemp = 67.8349990844727
2018-10-19 09:46:39.0020 DEBUG opticReadCmd, got an exception: 操作已超时。
2018-10-19 09:46:39.0409 DEBUG In meltcurve, curTemp = 67.620002746582
2018-10-19 09:46:39.4877 DEBUG In meltcurve, curTemp = 68.2050018310547
2018-10-19 09:46:39.5516 DEBUG In meltcurve, curTemp = 68.2779998779297
2018-10-19 09:46:39.6952 DEBUG In meltcurve, curTemp = 68.286003112793
2018-10-19 09:46:39.7590 DEBUG In meltcurve, curTemp = 68.2180023193359
2018-10-19 09:46:39.8877 DEBUG In meltcurve, curTemp = 68.1169967651367
2018-10-19 09:46:40.9069 DEBUG opticReadCmd, got an exception: 操作已超时。
2018-10-19 09:46:40.9259 DEBUG In meltcurve, curTemp = 68.3919982910156
2018-10-19 09:46:41.1333 DEBUG In meltcurve, curTemp = 68.3889999389648
2018-10-19 09:46:41.2610 DEBUG In meltcurve, curTemp = 68.1650009155273
2018-10-19 09:46:41.4056 DEBUG In meltcurve, curTemp = 68.0240020751953
2018-10-19 09:46:41.5652 DEBUG In meltcurve, curTemp = 67.8619995117188
2018-10-19 09:46:41.7248 DEBUG In meltcurve, curTemp = 67.875
2018-10-19 09:46:42.7430 DEBUG opticReadCmd, got an exception: 操作已超时。
2018-10-19 09:46:42.7949 DEBUG In meltcurve, curTemp = 68.0579986572266
2018-10-19 09:46:42.8109 DEBUG In meltcurve, curTemp = 68.0579986572266
2018-10-19 09:46:42.8278 DEBUG In meltcurve, curTemp = 68.0579986572266
2018-10-19 09:46:42.8438 DEBUG In meltcurve, curTemp = 67.9779968261719
2018-10-19 09:46:42.9714 DEBUG In meltcurve, curTemp = 67.963996887207
2018-10-19 09:46:44.0206 DEBUG opticReadCmd, got an exception: 操作已超时。
2018-10-19 09:46:44.0735 DEBUG In meltcurve, curTemp = 68.1920013427734
2018-10-19 09:46:44.5053 DEBUG In meltcurve, curTemp = 68.2099990844727
2018-10-19 09:46:44.5534 DEBUG In meltcurve, curTemp = 68.375
2018-10-19 09:46:44.5692 DEBUG In meltcurve, curTemp = 68.375
2018-10-19 09:46:44.5851 DEBUG In meltcurve, curTemp = 68.375
2018-10-19 09:46:44.8245 DEBUG In meltcurve, curTemp = 68.7239990234375
2018-10-19 09:46:45.8507 DEBUG opticReadCmd, got an exception: 操作已超时。
2018-10-19 09:46:45.8797 DEBUG In meltcurve, curTemp = 68.4929962158203
2018-10-19 09:46:46.1988 DEBUG In meltcurve, curTemp = 68.9850006103516
2018-10-19 09:46:46.2147 DEBUG In meltcurve, curTemp = 68.9850006103516
2018-10-19 09:46:46.2786 DEBUG In meltcurve, curTemp = 68.9990005493164
2018-10-19 09:46:46.4072 DEBUG In meltcurve, curTemp = 68.9700012207031
2018-10-19 09:46:46.6626 DEBUG In meltcurve, curTemp = 68.6760025024414
2018-10-19 09:46:47.6808 DEBUG opticReadCmd, got an exception: 操作已超时。
2018-10-19 09:46:47.7327 DEBUG In meltcurve, curTemp = 69.0380020141602
2018-10-19 09:46:47.8773 DEBUG In meltcurve, curTemp = 68.890998840332
2018-10-19 09:46:47.9412 DEBUG In meltcurve, curTemp = 68.890998840332
2018-10-19 09:46:48.0688 DEBUG In meltcurve, curTemp = 68.6559982299805
2018-10-19 09:46:48.1167 DEBUG In meltcurve, curTemp = 68.6559982299805
2018-10-19 09:46:48.2443 DEBUG In meltcurve, curTemp = 68.5650024414063
2018-10-19 09:46:49.2626 DEBUG opticReadCmd, got an exception: 操作已超时。
2018-10-19 09:46:49.3633 DEBUG In meltcurve, curTemp = 68.8079986572266
2018-10-19 09:46:49.4751 DEBUG In meltcurve, curTemp = 68.6969985961914
2018-10-19 09:46:49.6187 DEBUG In meltcurve, curTemp = 68.6320037841797
2018-10-19 09:46:49.6825 DEBUG In meltcurve, curTemp = 68.6309967041016
2018-10-19 09:46:49.7154 DEBUG In meltcurve, curTemp = 68.6309967041016
2018-10-19 09:46:49.8420 DEBUG In meltcurve, curTemp = 68.6949996948242
2018-10-19 09:46:50.8803 DEBUG opticReadCmd, got an exception: 操作已超时。
2018-10-19 09:46:51.0090 DEBUG In meltcurve, curTemp = 68.7440032958984
2018-10-19 09:46:51.0887 DEBUG In meltcurve, curTemp = 68.7779998779297
2018-10-19 09:46:51.1047 DEBUG In meltcurve, curTemp = 68.7779998779297
2018-10-19 09:46:51.1206 DEBUG In meltcurve, curTemp = 68.7779998779297
2018-10-19 09:46:51.1366 DEBUG In meltcurve, curTemp = 68.7779998779297
2018-10-19 09:46:51.2643 DEBUG In meltcurve, curTemp = 69.0210037231445
2018-10-19 09:46:52.3324 DEBUG opticReadCmd, got an exception: 操作已超时。
2018-10-19 09:46:52.5747 DEBUG In meltcurve, curTemp = 69.0759963989258
2018-10-19 09:46:52.7662 DEBUG In meltcurve, curTemp = 69.4199981689453
2018-10-19 09:46:52.7822 DEBUG In meltcurve, curTemp = 69.4199981689453
2018-10-19 09:46:52.7981 DEBUG In meltcurve, curTemp = 69.4199981689453
2018-10-19 09:46:52.8141 DEBUG In meltcurve, curTemp = 69.4199981689453
2018-10-19 09:46:52.9737 DEBUG In meltcurve, curTemp = 69.5920028686523
2018-10-19 09:46:53.9959 DEBUG opticReadCmd, got an exception: 操作已超时。
2018-10-19 09:46:54.0449 DEBUG In meltcurve, curTemp = 69.3519973754883
2018-10-19 09:46:54.5405 DEBUG In meltcurve, curTemp = 69.6729965209961
2018-10-19 09:46:54.5565 DEBUG In meltcurve, curTemp = 69.5930023193359
2018-10-19 09:46:54.6203 DEBUG In meltcurve, curTemp = 69.5930023193359
2018-10-19 09:46:54.7799 DEBUG In meltcurve, curTemp = 69.3030014038086
2018-10-19 09:46:54.9554 DEBUG In meltcurve, curTemp = 69.1959991455078
2018-10-19 09:46:55.9727 DEBUG opticReadCmd, got an exception: 操作已超时。
2018-10-19 09:46:55.9946 DEBUG In meltcurve, curTemp = 69.6429977416992
2018-10-19 09:46:56.0904 DEBUG In meltcurve, curTemp = 69.4929962158203
2018-10-19 09:46:56.1702 DEBUG In meltcurve, curTemp = 69.3669967651367
2018-10-19 09:46:56.2340 DEBUG In meltcurve, curTemp = 69.3669967651367
2018-10-19 09:46:56.2978 DEBUG In meltcurve, curTemp = 69.2949981689453
2018-10-19 09:46:56.4734 DEBUG In meltcurve, curTemp = 69.379997253418
2018-10-19 09:46:57.4896 DEBUG opticReadCmd, got an exception: 操作已超时。
2018-10-19 09:46:57.5445 DEBUG In meltcurve, curTemp = 69.536003112793
2018-10-19 09:46:57.7998 DEBUG In meltcurve, curTemp = 69.4729995727539
2018-10-19 09:46:57.8636 DEBUG In meltcurve, curTemp = 69.5940017700195
2018-10-19 09:46:57.9115 DEBUG In meltcurve, curTemp = 69.5940017700195
2018-10-19 09:46:57.9274 DEBUG In meltcurve, curTemp = 69.5940017700195
2018-10-19 09:46:58.0551 DEBUG In meltcurve, curTemp = 69.7760009765625
2018-10-19 09:46:59.0734 DEBUG opticReadCmd, got an exception: 操作已超时。
2018-10-19 09:46:59.0943 DEBUG In meltcurve, curTemp = 69.6449966430664
2018-10-19 09:46:59.5571 DEBUG In meltcurve, curTemp = 70.2269973754883
2018-10-19 09:46:59.6369 DEBUG In meltcurve, curTemp = 70.2269973754883
2018-10-19 09:46:59.7017 DEBUG In meltcurve, curTemp = 70.2679977416992
2018-10-19 09:46:59.8294 DEBUG In meltcurve, curTemp = 70.234001159668
2018-10-19 09:46:59.9890 DEBUG In meltcurve, curTemp = 70.0380020141602
2018-10-19 09:47:01.0102 DEBUG opticReadCmd, got an exception: 操作已超时。
2018-10-19 09:47:01.0282 DEBUG In meltcurve, curTemp = 70.3899993896484
2018-10-19 09:47:01.0920 DEBUG In meltcurve, curTemp = 70.3939971923828
2018-10-19 09:47:01.1079 DEBUG In meltcurve, curTemp = 70.3939971923828
2018-10-19 09:47:01.2675 DEBUG In meltcurve, curTemp = 70.2180023193359
2018-10-19 09:47:01.3313 DEBUG In meltcurve, curTemp = 70.2180023193359
2018-10-19 09:47:01.4909 DEBUG In meltcurve, curTemp = 69.9420013427734
2018-10-19 09:47:02.5082 DEBUG opticReadCmd, got an exception: 操作已超时。
2018-10-19 09:47:02.5770 DEBUG In meltcurve, curTemp = 70.4100036621094
2018-10-19 09:47:02.8014 DEBUG In meltcurve, curTemp = 70.1320037841797
2018-10-19 09:47:02.9450 DEBUG In meltcurve, curTemp = 70.0100021362305
2018-10-19 09:47:03.0089 DEBUG In meltcurve, curTemp = 69.9530029296875
2018-10-19 09:47:03.1365 DEBUG In meltcurve, curTemp = 69.9710006713867
2018-10-19 09:47:03.2642 DEBUG In meltcurve, curTemp = 70.0589981079102
2018-10-19 09:47:04.2845 DEBUG opticReadCmd, got an exception: 操作已超时。
2018-10-19 09:47:04.3034 DEBUG In meltcurve, curTemp = 70.0820007324219
2018-10-19 09:47:04.4630 DEBUG In meltcurve, curTemp = 70.129997253418
2018-10-19 09:47:04.5268 DEBUG In meltcurve, curTemp = 70.129997253418
2018-10-19 09:47:04.6225 DEBUG In meltcurve, curTemp = 70.2630004882813
2018-10-19 09:47:04.8140 DEBUG In meltcurve, curTemp = 70.6320037841797
2018-10-19 09:47:04.9427 DEBUG In meltcurve, curTemp = 70.7829971313477
2018-10-19 09:47:05.9580 DEBUG opticReadCmd, got an exception: 操作已超时。
2018-10-19 09:47:06.0767 DEBUG In meltcurve, curTemp = 70.6920013427734
2018-10-19 09:47:06.1415 DEBUG In meltcurve, curTemp = 70.6920013427734
2018-10-19 09:47:06.1564 DEBUG In meltcurve, curTemp = 70.6920013427734
2018-10-19 09:47:06.1724 DEBUG In meltcurve, curTemp = 70.8330001831055
2018-10-19 09:47:06.3011 DEBUG In meltcurve, curTemp = 70.9300003051758
2018-10-19 09:47:07.3193 DEBUG opticReadCmd, got an exception: 操作已超时。
2018-10-19 09:47:07.4350 DEBUG In meltcurve, curTemp = 70.7099990844727
2018-10-19 09:47:07.8350 DEBUG In meltcurve, curTemp = 71.0759963989258
2018-10-19 09:47:07.8509 DEBUG In meltcurve, curTemp = 71.0759963989258
2018-10-19 09:47:07.8669 DEBUG In meltcurve, curTemp = 70.9889984130859
2018-10-19 09:47:07.8828 DEBUG In meltcurve, curTemp = 70.9889984130859
2018-10-19 09:47:08.0105 DEBUG In meltcurve, curTemp = 70.8889999389648
2018-10-19 09:47:09.0288 DEBUG opticReadCmd, got an exception: 操作已超时。
2018-10-19 09:47:09.0816 DEBUG In meltcurve, curTemp = 71.2289962768555
2018-10-19 09:47:09.4646 DEBUG In meltcurve, curTemp = 70.9660034179688
2018-10-19 09:47:09.6082 DEBUG In meltcurve, curTemp = 70.6920013427734
2018-10-19 09:47:09.7040 DEBUG In meltcurve, curTemp = 70.6210021972656
2018-10-19 09:47:09.8476 DEBUG In meltcurve, curTemp = 70.6240005493164
2018-10-19 09:47:09.9762 DEBUG In meltcurve, curTemp = 70.6959991455078
2018-10-19 09:47:10.9955 DEBUG opticReadCmd, got an exception: 操作已超时。
2018-10-19 09:47:11.0145 DEBUG In meltcurve, curTemp = 70.7819976806641
2018-10-19 09:47:11.0943 DEBUG In meltcurve, curTemp = 70.7480010986328
2018-10-19 09:47:11.1102 DEBUG In meltcurve, curTemp = 70.7480010986328
2018-10-19 09:47:11.1741 DEBUG In meltcurve, curTemp = 70.7959976196289
2018-10-19 09:47:11.2379 DEBUG In meltcurve, curTemp = 70.7959976196289
2018-10-19 09:47:11.4463 DEBUG In meltcurve, curTemp = 71.0820007324219
2018-10-19 09:47:12.4656 DEBUG opticReadCmd, got an exception: 操作已超时。
2018-10-19 09:47:12.5643 DEBUG In meltcurve, curTemp = 70.9710006713867
2018-10-19 09:47:12.8047 DEBUG In meltcurve, curTemp = 71.3109970092773
2018-10-19 09:47:12.8685 DEBUG In meltcurve, curTemp = 71.3109970092773
2018-10-19 09:47:12.8845 DEBUG In meltcurve, curTemp = 71.4449996948242
2018-10-19 09:47:12.9004 DEBUG In meltcurve, curTemp = 71.4449996948242
2018-10-19 09:47:13.0281 DEBUG In meltcurve, curTemp = 71.5589981079102
2018-10-19 09:47:14.0553 DEBUG opticReadCmd, got an exception: 操作已超时。
2018-10-19 09:47:14.1142 DEBUG In meltcurve, curTemp = 71.3450012207031
2018-10-19 09:47:14.5620 DEBUG In meltcurve, curTemp = 71.7330017089844
2018-10-19 09:47:14.7375 DEBUG In meltcurve, curTemp = 71.5810012817383
2018-10-19 09:47:14.7854 DEBUG In meltcurve, curTemp = 71.4530029296875
2018-10-19 09:47:14.9130 DEBUG In meltcurve, curTemp = 71.3130035400391
2018-10-19 09:47:15.0896 DEBUG In meltcurve, curTemp = 71.1529998779297
2018-10-19 09:47:16.0959 DEBUG In meltcurve, curTemp = 71.6460037231445
2018-10-19 09:47:16.1278 DEBUG In meltcurve, curTemp = 71.6460037231445
2018-10-19 09:47:16.2874 DEBUG In meltcurve, curTemp = 71.379997253418
2018-10-19 09:47:16.3512 DEBUG In meltcurve, curTemp = 71.379997253418
2018-10-19 09:47:16.5277 DEBUG In meltcurve, curTemp = 71.2870025634766
2018-10-19 09:47:17.5460 DEBUG opticReadCmd, got an exception: 操作已超时。
2018-10-19 09:47:17.6138 DEBUG In meltcurve, curTemp = 71.572998046875
2018-10-19 09:47:17.8053 DEBUG In meltcurve, curTemp = 71.4199981689453
2018-10-19 09:47:17.9649 DEBUG In meltcurve, curTemp = 71.4459991455078
2018-10-19 09:47:17.9808 DEBUG In meltcurve, curTemp = 71.5449981689453
2018-10-19 09:47:18.0457 DEBUG In meltcurve, curTemp = 71.5449981689453
2018-10-19 09:47:18.2212 DEBUG In meltcurve, curTemp = 71.8840026855469
2018-10-19 09:47:19.2405 DEBUG opticReadCmd, got an exception: 操作已超时。
2018-10-19 09:47:19.2913 DEBUG In meltcurve, curTemp = 71.6360015869141
2018-10-19 09:47:19.7072 DEBUG In meltcurve, curTemp = 72.2720031738281
2018-10-19 09:47:19.8668 DEBUG In meltcurve, curTemp = 72.3460006713867
2018-10-19 09:47:19.8828 DEBUG In meltcurve, curTemp = 72.3290023803711
2018-10-19 09:47:19.8987 DEBUG In meltcurve, curTemp = 72.3290023803711
2018-10-19 09:47:20.0274 DEBUG In meltcurve, curTemp = 72.2570037841797
2018-10-19 09:47:21.0466 DEBUG opticReadCmd, got an exception: 操作已超时。
2018-10-19 09:47:21.0975 DEBUG In meltcurve, curTemp = 72.4150009155273
2018-10-19 09:47:21.2252 DEBUG In meltcurve, curTemp = 72.4369964599609
2018-10-19 09:47:21.3848 DEBUG In meltcurve, curTemp = 72.2949981689453
2018-10-19 09:47:21.4167 DEBUG In meltcurve, curTemp = 72.2949981689453
2018-10-19 09:47:21.5932 DEBUG In meltcurve, curTemp = 72.0220031738281
2018-10-19 09:47:22.6105 DEBUG opticReadCmd, got an exception: 操作已超时。
2018-10-19 09:47:22.6813 DEBUG In meltcurve, curTemp = 72.5410003662109
2018-10-19 09:47:22.7591 DEBUG In meltcurve, curTemp = 72.4609985351563
2018-10-19 09:47:22.7750 DEBUG In meltcurve, curTemp = 72.4609985351563
2018-10-19 09:47:22.7910 DEBUG In meltcurve, curTemp = 72.3410034179688
2018-10-19 09:47:22.8070 DEBUG In meltcurve, curTemp = 72.3410034179688
2018-10-19 09:47:22.9356 DEBUG In meltcurve, curTemp = 72.1869964599609
2018-10-19 09:47:23.9539 DEBUG opticReadCmd, got an exception: 操作已超时。
2018-10-19 09:47:24.0376 DEBUG In meltcurve, curTemp = 72.6350021362305
2018-10-19 09:47:24.5972 DEBUG In meltcurve, curTemp = 72.0910034179688
2018-10-19 09:47:24.7567 DEBUG In meltcurve, curTemp = 72.2099990844727
2018-10-19 09:47:24.9163 DEBUG In meltcurve, curTemp = 72.5400009155273
2018-10-19 09:47:24.9652 DEBUG In meltcurve, curTemp = 72.5400009155273
2018-10-19 09:47:25.0928 DEBUG In meltcurve, curTemp = 72.8190002441406
2018-10-19 09:47:26.0991 DEBUG In meltcurve, curTemp = 72.4100036621094
2018-10-19 09:47:26.1152 DEBUG In meltcurve, curTemp = 72.4100036621094
2018-10-19 09:47:26.1311 DEBUG In meltcurve, curTemp = 72.4100036621094
2018-10-19 09:47:26.1471 DEBUG In meltcurve, curTemp = 72.4100036621094
2018-10-19 09:47:26.3066 DEBUG In meltcurve, curTemp = 72.7819976806641
2018-10-19 09:47:27.3279 DEBUG opticReadCmd, got an exception: 操作已超时。
2018-10-19 09:47:27.4256 DEBUG In meltcurve, curTemp = 72.5390014648438
2018-10-19 09:47:27.8096 DEBUG In meltcurve, curTemp = 73.0749969482422
2018-10-19 09:47:27.8255 DEBUG In meltcurve, curTemp = 73.0749969482422
2018-10-19 09:47:27.8574 DEBUG In meltcurve, curTemp = 73.0749969482422
2018-10-19 09:47:27.9053 DEBUG In meltcurve, curTemp = 73.1070022583008
2018-10-19 09:47:28.0330 DEBUG In meltcurve, curTemp = 73.0640029907227
2018-10-19 09:47:29.0503 DEBUG opticReadCmd, got an exception: 操作已超时。
2018-10-19 09:47:29.0722 DEBUG In meltcurve, curTemp = 73.0449981689453
2018-10-19 09:47:29.5180 DEBUG In meltcurve, curTemp = 73.0309982299805
2018-10-19 09:47:29.6467 DEBUG In meltcurve, curTemp = 72.8860015869141
2018-10-19 09:47:29.7743 DEBUG In meltcurve, curTemp = 72.75
2018-10-19 09:47:29.9020 DEBUG In meltcurve, curTemp = 72.6259994506836
2018-10-19 09:47:30.0645 DEBUG In meltcurve, curTemp = 72.6699981689453
2018-10-19 09:47:31.1147 DEBUG opticReadCmd, got an exception: 操作已超时。
2018-10-19 09:47:31.2603 DEBUG In meltcurve, curTemp = 72.7620010375977
2018-10-19 09:47:31.3242 DEBUG In meltcurve, curTemp = 72.7770004272461
2018-10-19 09:47:31.4528 DEBUG In meltcurve, curTemp = 72.8690032958984
2018-10-19 09:47:31.5167 DEBUG In meltcurve, curTemp = 73.0039978027344
2018-10-19 09:47:31.7241 DEBUG In meltcurve, curTemp = 73.3619995117188
2018-10-19 09:47:32.7454 DEBUG opticReadCmd, got an exception: 操作已超时。
2018-10-19 09:47:32.8112 DEBUG In meltcurve, curTemp = 73.1070022583008
2018-10-19 09:47:32.9708 DEBUG In meltcurve, curTemp = 73.2600021362305
2018-10-19 09:47:33.0346 DEBUG In meltcurve, curTemp = 73.4039993286133
2018-10-19 09:47:33.1623 DEBUG In meltcurve, curTemp = 73.5339965820313
2018-10-19 09:47:33.2899 DEBUG In meltcurve, curTemp = 73.6070022583008
2018-10-19 09:47:34.3102 DEBUG opticReadCmd, got an exception: 操作已超时。
2018-10-19 09:47:34.5525 DEBUG In meltcurve, curTemp = 73.713996887207
2018-10-19 09:47:34.6164 DEBUG In meltcurve, curTemp = 73.7669982910156
2018-10-19 09:47:34.7759 DEBUG In meltcurve, curTemp = 73.7539978027344
2018-10-19 09:47:34.8238 DEBUG In meltcurve, curTemp = 73.6669998168945
2018-10-19 09:47:35.0961 DEBUG In meltcurve, curTemp = 73.2600021362305
2018-10-19 09:47:36.1503 DEBUG In meltcurve, curTemp = 73.8369979858398
2018-10-19 09:47:36.1822 DEBUG In meltcurve, curTemp = 73.8369979858398
2018-10-19 09:47:36.1991 DEBUG In meltcurve, curTemp = 73.7539978027344
2018-10-19 09:47:36.2151 DEBUG In meltcurve, curTemp = 73.7539978027344
2018-10-19 09:47:36.3428 DEBUG In meltcurve, curTemp = 73.5879974365234
2018-10-19 09:47:37.3600 DEBUG opticReadCmd, got an exception: 操作已超时。
2018-10-19 09:47:37.4448 DEBUG In meltcurve, curTemp = 74.0210037231445
2018-10-19 09:47:37.7650 DEBUG In meltcurve, curTemp = 73.6569976806641
2018-10-19 09:47:37.7969 DEBUG In meltcurve, curTemp = 73.6569976806641
2018-10-19 09:47:37.8128 DEBUG In meltcurve, curTemp = 73.5299987792969
2018-10-19 09:47:37.8288 DEBUG In meltcurve, curTemp = 73.5299987792969
2018-10-19 09:47:37.9565 DEBUG In meltcurve, curTemp = 73.4599990844727
2018-10-19 09:47:38.9738 DEBUG opticReadCmd, got an exception: 操作已超时。
2018-10-19 09:47:39.0426 DEBUG In meltcurve, curTemp = 73.8629989624023
2018-10-19 09:47:39.5063 DEBUG In meltcurve, curTemp = 73.7669982910156
2018-10-19 09:47:39.6659 DEBUG In meltcurve, curTemp = 73.9309997558594
2018-10-19 09:47:39.8255 DEBUG In meltcurve, curTemp = 74.2190017700195
2018-10-19 09:47:39.8893 DEBUG In meltcurve, curTemp = 74.2190017700195
2018-10-19 09:47:40.0179 DEBUG In meltcurve, curTemp = 74.3249969482422
2018-10-19 09:47:41.0372 DEBUG opticReadCmd, got an exception: 操作已超时。
2018-10-19 09:47:41.0881 DEBUG In meltcurve, curTemp = 74.1429977416992
2018-10-19 09:47:41.1519 DEBUG In meltcurve, curTemp = 74.2910003662109
2018-10-19 09:47:41.3125 DEBUG In meltcurve, curTemp = 74.4489974975586
2018-10-19 09:47:41.4562 DEBUG In meltcurve, curTemp = 74.4209976196289
2018-10-19 09:47:41.6317 DEBUG In meltcurve, curTemp = 74.2050018310547
2018-10-19 09:47:42.6549 DEBUG opticReadCmd, got an exception: 操作已超时。
2018-10-19 09:47:42.7656 DEBUG In meltcurve, curTemp = 74.6190032958984
2018-10-19 09:47:42.7815 DEBUG In meltcurve, curTemp = 74.6190032958984
2018-10-19 09:47:42.8295 DEBUG In meltcurve, curTemp = 74.5090026855469
2018-10-19 09:47:42.8933 DEBUG In meltcurve, curTemp = 74.5090026855469
2018-10-19 09:47:43.0219 DEBUG In meltcurve, curTemp = 74.254997253418
2018-10-19 09:47:44.0402 DEBUG opticReadCmd, got an exception: 操作已超时。
2018-10-19 09:47:44.0602 DEBUG In meltcurve, curTemp = 74.7460021972656
2018-10-19 09:47:44.4920 DEBUG In meltcurve, curTemp = 74.3669967651367
2018-10-19 09:47:44.6356 DEBUG In meltcurve, curTemp = 74.1920013427734
2018-10-19 09:47:44.6835 DEBUG In meltcurve, curTemp = 74.1920013427734
2018-10-19 09:47:44.7004 DEBUG In meltcurve, curTemp = 74.1920013427734
2018-10-19 09:47:44.9388 DEBUG In meltcurve, curTemp = 74.3440017700195
2018-10-19 09:47:45.9581 DEBUG opticReadCmd, got an exception: 操作已超时。
2018-10-19 09:47:45.9780 DEBUG In meltcurve, curTemp = 74.2600021362305
2018-10-19 09:47:46.0897 DEBUG In meltcurve, curTemp = 74.2409973144531
2018-10-19 09:47:46.1216 DEBUG In meltcurve, curTemp = 74.286003112793
2018-10-19 09:47:46.1376 DEBUG In meltcurve, curTemp = 74.286003112793
2018-10-19 09:47:46.1536 DEBUG In meltcurve, curTemp = 74.286003112793
2018-10-19 09:47:46.3131 DEBUG In meltcurve, curTemp = 74.5709991455078
2018-10-19 09:47:47.3314 DEBUG opticReadCmd, got an exception: 操作已超时。
2018-10-19 09:47:47.4800 DEBUG In meltcurve, curTemp = 74.3980026245117
2018-10-19 09:47:47.7991 DEBUG In meltcurve, curTemp = 74.818000793457
2018-10-19 09:47:47.8630 DEBUG In meltcurve, curTemp = 74.9700012207031
2018-10-19 09:47:47.9268 DEBUG In meltcurve, curTemp = 75.0849990844727
2018-10-19 09:47:47.9308 ERROR ABot2::clsOptics::ExecCMD throwing Exception Error: (AMB) response parsing error. Data: 0,0,0,0,0,0,0; command: >ST00; iteration: 3
