2018-12-10 11:19:28.2478 DEBUG ----- Starting -----
2018-12-10 11:26:10.3535 DEBUG ----- Starting -----
2018-12-10 11:27:25.5785 DEBUG ----- Starting -----
2018-12-10 11:28:22.1048 DEBUG ----- Starting -----
2018-12-10 11:30:02.0082 DEBUG ----- Starting -----
2018-12-10 11:32:20.5367 DEBUG ----- Starting -----
2018-12-10 11:33:20.5570 DEBUG ----- Starting -----
2018-12-10 11:38:59.7673 DEBUG ----- Starting -----
2018-12-10 11:39:51.4900 DEBUG ----- Starting -----
2018-12-10 11:46:38.0787 DEBUG ----- Starting -----
2018-12-10 11:48:08.5585 DEBUG ----- Starting -----
2018-12-10 11:49:19.9396 DEBUG ----- Starting -----
2018-12-10 11:51:13.7255 DEBUG ----- Starting -----
2018-12-10 13:30:05.9469 DEBUG ----- Starting -----
2018-12-10 13:30:43.2568 DEBUG ----- Starting -----
2018-12-10 13:33:02.8027 DEBUG ----- Starting -----
2018-12-10 13:34:31.2247 DEBUG ----- Starting -----
2018-12-10 13:39:16.7797 DEBUG ----- Starting -----
2018-12-10 13:40:19.7061 DEBUG ----- Starting -----
2018-12-10 13:41:00.6920 DEBUG ----- Starting -----
2018-12-10 13:43:01.3845 DEBUG ----- Starting -----
2018-12-10 13:44:40.4214 DEBUG ----- Starting -----
2018-12-10 13:45:49.5010 DEBUG ----- Starting -----
2018-12-10 13:46:46.2819 DEBUG ----- Starting -----
2018-12-10 13:59:11.1437 DEBUG ----- Starting -----
2018-12-10 14:00:02.1491 DEBUG ----- Starting -----
2018-12-10 14:01:51.0954 DEBUG ----- Starting -----
2018-12-10 14:02:23.1813 DEBUG ----- Starting -----
2018-12-10 14:04:50.3802 DEBUG ----- Starting -----
2018-12-10 14:06:32.5053 DEBUG ----- Starting -----
2018-12-10 14:07:38.9652 DEBUG ----- Starting -----
2018-12-10 14:08:46.6216 DEBUG ----- Starting -----
2018-12-10 14:11:00.2537 DEBUG ----- Starting -----
2018-12-10 14:11:37.3849 DEBUG ----- Starting -----
2018-12-10 14:14:17.6126 DEBUG ----- Starting -----
2018-12-10 14:15:05.5945 DEBUG ----- Starting -----
2018-12-10 14:18:31.8729 DEBUG ----- Starting -----
2018-12-10 14:19:12.3372 DEBUG ----- Starting -----
2018-12-10 14:28:03.3453 DEBUG ----- Starting -----
2018-12-10 14:28:42.3339 DEBUG ----- Starting -----
2018-12-10 14:32:15.9729 DEBUG ----- Starting -----
2018-12-10 14:33:31.0601 DEBUG ----- Starting -----
2018-12-10 14:43:20.1063 DEBUG ----- Starting -----
2018-12-10 14:45:56.1307 DEBUG ----- Starting -----
2018-12-10 15:09:32.8519 DEBUG ----- Starting -----
2018-12-10 15:19:08.7710 DEBUG ----- Starting -----
2018-12-10 15:21:51.0280 DEBUG ----- Starting -----
2018-12-10 15:23:34.1826 DEBUG ----- Starting -----
2018-12-10 15:26:39.4604 DEBUG ----- Starting -----
2018-12-10 15:28:28.1746 DEBUG ----- Starting -----
2018-12-10 15:33:35.8064 DEBUG ----- Starting -----
2018-12-10 15:34:15.2226 DEBUG ----- Starting -----
2018-12-10 15:35:10.5221 DEBUG Opening results file to: ..\..\Logs\Measurement\2018_12_10_15_35_10\Temperature Log.csv
2018-12-10 15:35:10.5221 DEBUG Protocol: Execute step: HelixGen.Model.ProtocolStep line: 22
2018-12-10 15:35:10.5360 DEBUG Executing the action: HelixGen.Model.r1RNPosition
2018-12-10 15:35:32.3222 DEBUG Protocol: Execute step: HelixGen.Model.ProtocolStep line: 23
2018-12-10 15:35:32.3222 DEBUG Executing the action: HelixGen.Model.r2RNPosition
2018-12-10 15:35:40.9352 DEBUG Protocol: Execute step: HelixGen.Model.CycleStep line: 25
2018-12-10 15:35:40.9412 DEBUG Cycle 0: Executing the step: HelixGen.Model.ProtocolStep
2018-12-10 15:35:40.9412 DEBUG Executing the action: HelixGen.Model.r1RNPosition
2018-12-10 15:35:41.4777 DEBUG Cycle 0: Executing the step: HelixGen.Model.ProtocolStep
2018-12-10 15:35:41.4777 DEBUG Executing the action: HelixGen.Model.timeAction
2018-12-10 15:35:41.9854 DEBUG Cycle 0: Executing the step: HelixGen.Model.ProtocolStep
2018-12-10 15:35:41.9884 DEBUG Executing the action: HelixGen.Model.r2RNPosition
2018-12-10 15:35:42.5160 DEBUG Cycle 0: Executing the step: HelixGen.Model.ProtocolStep
2018-12-10 15:35:42.5160 DEBUG Executing the action: HelixGen.Model.timeAction
2018-12-10 15:35:43.0227 DEBUG Cycle 1: Executing the step: HelixGen.Model.ProtocolStep
2018-12-10 15:35:43.0227 DEBUG Executing the action: HelixGen.Model.r1RNPosition
2018-12-10 15:35:43.5552 DEBUG Cycle 1: Executing the step: HelixGen.Model.ProtocolStep
2018-12-10 15:35:43.5552 DEBUG Executing the action: HelixGen.Model.timeAction
2018-12-10 15:35:44.0688 DEBUG Cycle 1: Executing the step: HelixGen.Model.ProtocolStep
2018-12-10 15:35:44.0688 DEBUG Executing the action: HelixGen.Model.r2RNPosition
2018-12-10 15:35:44.5934 DEBUG Cycle 1: Executing the step: HelixGen.Model.ProtocolStep
2018-12-10 15:35:44.5934 DEBUG Executing the action: HelixGen.Model.timeAction
2018-12-10 15:35:45.1220 DEBUG Cycle 2: Executing the step: HelixGen.Model.ProtocolStep
2018-12-10 15:35:45.1220 DEBUG Executing the action: HelixGen.Model.r1RNPosition
2018-12-10 15:35:45.6486 DEBUG Cycle 2: Executing the step: HelixGen.Model.ProtocolStep
2018-12-10 15:35:45.6486 DEBUG Executing the action: HelixGen.Model.timeAction
2018-12-10 15:35:46.1562 DEBUG Cycle 2: Executing the step: HelixGen.Model.ProtocolStep
2018-12-10 15:35:46.1602 DEBUG Executing the action: HelixGen.Model.r2RNPosition
2018-12-10 15:35:46.6868 DEBUG Cycle 2: Executing the step: HelixGen.Model.ProtocolStep
2018-12-10 15:35:46.6868 DEBUG Executing the action: HelixGen.Model.timeAction
2018-12-10 15:35:47.1975 DEBUG Cycle 3: Executing the step: HelixGen.Model.ProtocolStep
2018-12-10 15:35:47.1975 DEBUG Executing the action: HelixGen.Model.r1RNPosition
2018-12-10 15:35:47.7250 DEBUG Cycle 3: Executing the step: HelixGen.Model.ProtocolStep
2018-12-10 15:35:47.7250 DEBUG Executing the action: HelixGen.Model.timeAction
2018-12-10 15:35:48.2337 DEBUG Cycle 3: Executing the step: HelixGen.Model.ProtocolStep
2018-12-10 15:35:48.2337 DEBUG Executing the action: HelixGen.Model.r2RNPosition
2018-12-10 15:35:48.7762 DEBUG Cycle 3: Executing the step: HelixGen.Model.ProtocolStep
2018-12-10 15:35:48.8480 DEBUG Executing the action: HelixGen.Model.timeAction
2018-12-10 15:35:49.4444 DEBUG Cycle 4: Executing the step: HelixGen.Model.ProtocolStep
2018-12-10 15:35:49.4444 DEBUG Executing the action: HelixGen.Model.r1RNPosition
2018-12-10 15:35:49.9950 DEBUG Cycle 4: Executing the step: HelixGen.Model.ProtocolStep
2018-12-10 15:35:49.9950 DEBUG Executing the action: HelixGen.Model.timeAction
2018-12-10 15:35:50.5016 DEBUG Cycle 4: Executing the step: HelixGen.Model.ProtocolStep
2018-12-10 15:35:50.5046 DEBUG Executing the action: HelixGen.Model.r2RNPosition
2018-12-10 15:44:59.2750 DEBUG ----- Starting -----
2018-12-10 15:45:40.0550 DEBUG Opening results file to: ..\..\Logs\Measurement\2018_12_10_15_45_40\Temperature Log.csv
2018-12-10 15:45:40.0550 DEBUG Protocol: Execute step: HelixGen.Model.ProtocolStep line: 12
2018-12-10 15:45:40.0680 DEBUG Executing the action: HelixGen.Model.SlideNPosition
2018-12-10 15:45:43.2016 DEBUG Protocol: Execute step: HelixGen.Model.ProtocolStep line: 23
2018-12-10 15:45:43.2016 DEBUG Executing the action: HelixGen.Model.r1RNPosition
2018-12-10 15:46:03.1064 DEBUG ReadCmd, got an exception: 对端口的访问被拒绝。
2018-12-10 15:46:03.1064 DEBUG Protocol: Execute step: HelixGen.Model.ProtocolStep line: 24
2018-12-10 15:46:03.1243 DEBUG ReadCmd, got an exception: 端口被关闭。
2018-12-10 15:46:03.1333 DEBUG Executing the action: HelixGen.Model.r2RNPosition
2018-12-10 15:46:03.1453 DEBUG ReadCmd, got an exception: 端口被关闭。
2018-12-10 15:46:03.7486 DEBUG Protocol: Execute step: HelixGen.Model.CycleStep line: 26
2018-12-10 15:46:03.7756 DEBUG Cycle 0: Executing the step: HelixGen.Model.ProtocolStep
2018-12-10 15:46:03.7756 DEBUG Executing the action: HelixGen.Model.r1RNPosition
2018-12-10 15:48:56.0490 DEBUG ----- Starting -----
2018-12-10 15:49:15.8644 DEBUG ----- Starting -----
2018-12-10 15:49:54.7052 DEBUG Opening results file to: ..\..\Logs\Measurement\2018_12_10_15_49_54\Temperature Log.csv
2018-12-10 15:49:54.8079 DEBUG Protocol: Execute step: HelixGen.Model.ProtocolStep line: 12
2018-12-10 15:49:54.8428 DEBUG Executing the action: HelixGen.Model.SlideNPosition
2018-12-10 15:49:58.0851 DEBUG Protocol: Execute step: HelixGen.Model.ProtocolStep line: 23
2018-12-10 15:49:58.0851 DEBUG Executing the action: HelixGen.Model.r1RNPosition
2018-12-10 15:50:19.8769 DEBUG Protocol: Execute step: HelixGen.Model.ProtocolStep line: 24
2018-12-10 15:50:19.8799 DEBUG Executing the action: HelixGen.Model.r2RNPosition
2018-12-10 15:50:28.4579 DEBUG Protocol: Execute step: HelixGen.Model.CycleStep line: 26
2018-12-10 15:50:28.4579 DEBUG Cycle 0: Executing the step: HelixGen.Model.ProtocolStep
2018-12-10 15:50:28.4579 DEBUG Executing the action: HelixGen.Model.r1RNPosition
2018-12-10 15:50:29.0005 DEBUG Cycle 0: Executing the step: HelixGen.Model.ProtocolStep
2018-12-10 15:50:29.0035 DEBUG Executing the action: HelixGen.Model.timeAction
2018-12-10 15:50:29.5091 DEBUG Cycle 0: Executing the step: HelixGen.Model.ProtocolStep
2018-12-10 15:50:29.5091 DEBUG Executing the action: HelixGen.Model.r2RNPosition
2018-12-10 15:50:30.0387 DEBUG Cycle 0: Executing the step: HelixGen.Model.ProtocolStep
2018-12-10 15:50:30.0387 DEBUG Executing the action: HelixGen.Model.timeAction
2018-12-10 15:50:30.5483 DEBUG Cycle 1: Executing the step: HelixGen.Model.ProtocolStep
2018-12-10 15:50:30.5594 DEBUG Executing the action: HelixGen.Model.r1RNPosition
2018-12-10 15:50:31.0939 DEBUG Cycle 1: Executing the step: HelixGen.Model.ProtocolStep
2018-12-10 15:50:31.1168 DEBUG Executing the action: HelixGen.Model.timeAction
2018-12-10 15:50:31.6544 DEBUG Cycle 1: Executing the step: HelixGen.Model.ProtocolStep
2018-12-10 15:50:31.6544 DEBUG Executing the action: HelixGen.Model.r2RNPosition
2018-12-10 15:50:32.1800 DEBUG Cycle 1: Executing the step: HelixGen.Model.ProtocolStep
2018-12-10 15:50:32.1800 DEBUG Executing the action: HelixGen.Model.timeAction
2018-12-10 15:50:32.6886 DEBUG Cycle 2: Executing the step: HelixGen.Model.ProtocolStep
2018-12-10 15:50:32.6916 DEBUG Executing the action: HelixGen.Model.r1RNPosition
2018-12-10 15:50:33.2192 DEBUG Cycle 2: Executing the step: HelixGen.Model.ProtocolStep
2018-12-10 15:50:33.2242 DEBUG Executing the action: HelixGen.Model.timeAction
2018-12-10 15:50:33.7278 DEBUG Cycle 2: Executing the step: HelixGen.Model.ProtocolStep
2018-12-10 15:50:33.7278 DEBUG Executing the action: HelixGen.Model.r2RNPosition
2018-12-10 15:50:34.2574 DEBUG Cycle 2: Executing the step: HelixGen.Model.ProtocolStep
2018-12-10 15:50:34.2574 DEBUG Executing the action: HelixGen.Model.timeAction
2018-12-10 15:50:34.7651 DEBUG Cycle 3: Executing the step: HelixGen.Model.ProtocolStep
2018-12-10 15:50:34.7691 DEBUG Executing the action: HelixGen.Model.r1RNPosition
2018-12-10 15:50:35.2956 DEBUG Cycle 3: Executing the step: HelixGen.Model.ProtocolStep
2018-12-10 15:50:35.2956 DEBUG Executing the action: HelixGen.Model.timeAction
2018-12-10 15:50:35.8023 DEBUG Cycle 3: Executing the step: HelixGen.Model.ProtocolStep
2018-12-10 15:50:35.8023 DEBUG Executing the action: HelixGen.Model.r2RNPosition
2018-12-10 15:50:36.3478 DEBUG Cycle 3: Executing the step: HelixGen.Model.ProtocolStep
2018-12-10 15:50:36.4027 DEBUG Executing the action: HelixGen.Model.timeAction
2018-12-10 15:50:36.9941 DEBUG Cycle 4: Executing the step: HelixGen.Model.ProtocolStep
2018-12-10 15:50:37.0729 DEBUG Executing the action: HelixGen.Model.r1RNPosition
2018-12-10 15:50:37.5367 DEBUG Cycle 4: Executing the step: HelixGen.Model.ProtocolStep
2018-12-10 15:50:37.5367 DEBUG Executing the action: HelixGen.Model.timeAction
2018-12-10 15:50:38.0593 DEBUG Cycle 4: Executing the step: HelixGen.Model.ProtocolStep
2018-12-10 15:50:38.0593 DEBUG Executing the action: HelixGen.Model.r2RNPosition
2018-12-10 15:50:38.5878 DEBUG Cycle 4: Executing the step: HelixGen.Model.ProtocolStep
2018-12-10 15:50:38.5878 DEBUG Executing the action: HelixGen.Model.timeAction
2018-12-10 15:50:39.0975 DEBUG Cycle 5: Executing the step: HelixGen.Model.ProtocolStep
2018-12-10 15:50:39.0975 DEBUG Executing the action: HelixGen.Model.r1RNPosition
2018-12-10 15:50:39.6261 DEBUG Cycle 5: Executing the step: HelixGen.Model.ProtocolStep
2018-12-10 15:50:39.6919 DEBUG Executing the action: HelixGen.Model.timeAction
2018-12-10 15:50:40.2644 DEBUG Cycle 5: Executing the step: HelixGen.Model.ProtocolStep
2018-12-10 15:50:40.2644 DEBUG Executing the action: HelixGen.Model.r2RNPosition
2018-12-10 15:50:40.7929 DEBUG Cycle 5: Executing the step: HelixGen.Model.ProtocolStep
2018-12-10 15:50:40.7929 DEBUG Executing the action: HelixGen.Model.timeAction
2018-12-10 15:50:41.3016 DEBUG Cycle 6: Executing the step: HelixGen.Model.ProtocolStep
2018-12-10 15:50:41.3016 DEBUG Executing the action: HelixGen.Model.r1RNPosition
2018-12-10 15:50:41.8481 DEBUG Cycle 6: Executing the step: HelixGen.Model.ProtocolStep
2018-12-10 15:50:41.8481 DEBUG Executing the action: HelixGen.Model.timeAction
2018-12-10 15:50:42.3657 DEBUG Cycle 6: Executing the step: HelixGen.Model.ProtocolStep
2018-12-10 15:50:42.3657 DEBUG Executing the action: HelixGen.Model.r2RNPosition
2018-12-10 15:50:42.9023 DEBUG Cycle 6: Executing the step: HelixGen.Model.ProtocolStep
2018-12-10 15:50:42.9023 DEBUG Executing the action: HelixGen.Model.timeAction
2018-12-10 15:50:43.4109 DEBUG Cycle 7: Executing the step: HelixGen.Model.ProtocolStep
2018-12-10 15:50:43.4109 DEBUG Executing the action: HelixGen.Model.r1RNPosition
2018-12-10 15:50:43.9407 DEBUG Cycle 7: Executing the step: HelixGen.Model.ProtocolStep
2018-12-10 15:50:43.9445 DEBUG Executing the action: HelixGen.Model.timeAction
2018-12-10 15:50:44.4482 DEBUG Cycle 7: Executing the step: HelixGen.Model.ProtocolStep
2018-12-10 15:50:44.4482 DEBUG Executing the action: HelixGen.Model.r2RNPosition
2018-12-10 15:50:44.9798 DEBUG Cycle 7: Executing the step: HelixGen.Model.ProtocolStep
2018-12-10 15:50:44.9798 DEBUG Executing the action: HelixGen.Model.timeAction
2018-12-10 15:50:45.4874 DEBUG Cycle 8: Executing the step: HelixGen.Model.ProtocolStep
2018-12-10 15:50:45.4924 DEBUG Executing the action: HelixGen.Model.r1RNPosition
2018-12-10 15:50:46.0339 DEBUG Cycle 8: Executing the step: HelixGen.Model.ProtocolStep
2018-12-10 15:50:46.0379 DEBUG Executing the action: HelixGen.Model.timeAction
2018-12-10 15:50:46.5416 DEBUG Cycle 8: Executing the step: HelixGen.Model.ProtocolStep
2018-12-10 15:50:46.5416 DEBUG Executing the action: HelixGen.Model.r2RNPosition
2018-12-10 15:50:47.0722 DEBUG Cycle 8: Executing the step: HelixGen.Model.ProtocolStep
2018-12-10 15:50:47.0722 DEBUG Executing the action: HelixGen.Model.timeAction
2018-12-10 15:50:47.5818 DEBUG Cycle 9: Executing the step: HelixGen.Model.ProtocolStep
2018-12-10 15:50:47.5818 DEBUG Executing the action: HelixGen.Model.r1RNPosition
2018-12-10 15:50:48.1114 DEBUG Cycle 9: Executing the step: HelixGen.Model.ProtocolStep
2018-12-10 15:50:48.1144 DEBUG Executing the action: HelixGen.Model.timeAction
2018-12-10 15:50:48.6190 DEBUG Cycle 9: Executing the step: HelixGen.Model.ProtocolStep
2018-12-10 15:50:48.6190 DEBUG Executing the action: HelixGen.Model.r2RNPosition
2018-12-10 15:50:49.1496 DEBUG Cycle 9: Executing the step: HelixGen.Model.ProtocolStep
2018-12-10 15:50:49.1496 DEBUG Executing the action: HelixGen.Model.timeAction
2018-12-10 15:50:49.6852 DEBUG Cycle 10: Executing the step: HelixGen.Model.ProtocolStep
2018-12-10 15:50:49.7759 DEBUG Executing the action: HelixGen.Model.r1RNPosition
2018-12-10 15:50:50.3325 DEBUG Cycle 10: Executing the step: HelixGen.Model.ProtocolStep
2018-12-10 15:50:50.3325 DEBUG Executing the action: HelixGen.Model.timeAction
2018-12-10 15:50:50.8401 DEBUG Cycle 10: Executing the step: HelixGen.Model.ProtocolStep
2018-12-10 15:50:50.8401 DEBUG Executing the action: HelixGen.Model.r2RNPosition
2018-12-10 15:50:51.3707 DEBUG Cycle 10: Executing the step: HelixGen.Model.ProtocolStep
2018-12-10 15:50:51.3707 DEBUG Executing the action: HelixGen.Model.timeAction
2018-12-10 15:50:51.8843 DEBUG Cycle 11: Executing the step: HelixGen.Model.ProtocolStep
2018-12-10 15:50:51.8843 DEBUG Executing the action: HelixGen.Model.r1RNPosition
2018-12-10 15:50:52.4259 DEBUG Cycle 11: Executing the step: HelixGen.Model.ProtocolStep
2018-12-10 15:50:52.4259 DEBUG Executing the action: HelixGen.Model.timeAction
2018-12-10 15:50:52.9325 DEBUG Cycle 11: Executing the step: HelixGen.Model.ProtocolStep
2018-12-10 15:50:52.9325 DEBUG Executing the action: HelixGen.Model.r2RNPosition
2018-12-10 15:50:53.4641 DEBUG Cycle 11: Executing the step: HelixGen.Model.ProtocolStep
2018-12-10 15:50:53.4641 DEBUG Executing the action: HelixGen.Model.timeAction
2018-12-10 15:50:53.9757 DEBUG Cycle 12: Executing the step: HelixGen.Model.ProtocolStep
2018-12-10 15:50:53.9757 DEBUG Executing the action: HelixGen.Model.r1RNPosition
2018-12-10 15:50:54.5023 DEBUG Cycle 12: Executing the step: HelixGen.Model.ProtocolStep
2018-12-10 15:50:54.5143 DEBUG Executing the action: HelixGen.Model.timeAction
2018-12-10 15:50:55.0269 DEBUG Cycle 12: Executing the step: HelixGen.Model.ProtocolStep
2018-12-10 15:50:55.0269 DEBUG Executing the action: HelixGen.Model.r2RNPosition
2018-12-10 15:50:55.5575 DEBUG Cycle 12: Executing the step: HelixGen.Model.ProtocolStep
2018-12-10 15:50:55.5804 DEBUG Executing the action: HelixGen.Model.timeAction
2018-12-10 15:50:56.0851 DEBUG Cycle 13: Executing the step: HelixGen.Model.ProtocolStep
2018-12-10 15:50:56.0851 DEBUG Executing the action: HelixGen.Model.r1RNPosition
2018-12-10 15:50:56.6127 DEBUG Cycle 13: Executing the step: HelixGen.Model.ProtocolStep
2018-12-10 15:50:56.6226 DEBUG Executing the action: HelixGen.Model.timeAction
2018-12-10 15:50:57.1343 DEBUG Cycle 13: Executing the step: HelixGen.Model.ProtocolStep
2018-12-10 15:50:57.1343 DEBUG Executing the action: HelixGen.Model.r2RNPosition
2018-12-10 15:50:57.6668 DEBUG Cycle 13: Executing the step: HelixGen.Model.ProtocolStep
2018-12-10 15:50:57.6668 DEBUG Executing the action: HelixGen.Model.timeAction
2018-12-10 15:50:58.1765 DEBUG Cycle 14: Executing the step: HelixGen.Model.ProtocolStep
2018-12-10 15:50:58.1765 DEBUG Executing the action: HelixGen.Model.r1RNPosition
2018-12-10 15:50:58.7051 DEBUG Cycle 14: Executing the step: HelixGen.Model.ProtocolStep
2018-12-10 15:50:58.7140 DEBUG Executing the action: HelixGen.Model.timeAction
2018-12-10 15:50:59.2188 DEBUG Cycle 14: Executing the step: HelixGen.Model.ProtocolStep
2018-12-10 15:50:59.2227 DEBUG Executing the action: HelixGen.Model.r2RNPosition
2018-12-10 15:50:59.7443 DEBUG Cycle 14: Executing the step: HelixGen.Model.ProtocolStep
2018-12-10 15:50:59.7822 DEBUG Executing the action: HelixGen.Model.timeAction
2018-12-10 15:51:00.4015 DEBUG Cycle 15: Executing the step: HelixGen.Model.ProtocolStep
2018-12-10 15:51:00.4015 DEBUG Executing the action: HelixGen.Model.r1RNPosition
2018-12-10 15:51:00.9261 DEBUG Cycle 15: Executing the step: HelixGen.Model.ProtocolStep
2018-12-10 15:51:00.9261 DEBUG Executing the action: HelixGen.Model.timeAction
2018-12-10 15:51:01.4348 DEBUG Cycle 15: Executing the step: HelixGen.Model.ProtocolStep
2018-12-10 15:51:01.4637 DEBUG Executing the action: HelixGen.Model.r2RNPosition
2018-12-10 15:51:01.9972 DEBUG Cycle 15: Executing the step: HelixGen.Model.ProtocolStep
2018-12-10 15:51:01.9972 DEBUG Executing the action: HelixGen.Model.timeAction
2018-12-10 15:51:02.5228 DEBUG Cycle 16: Executing the step: HelixGen.Model.ProtocolStep
2018-12-10 15:51:02.5807 DEBUG Executing the action: HelixGen.Model.r1RNPosition
2018-12-10 15:51:03.1312 DEBUG Cycle 16: Executing the step: HelixGen.Model.ProtocolStep
2018-12-10 15:51:03.1312 DEBUG Executing the action: HelixGen.Model.timeAction
2018-12-10 15:51:03.6488 DEBUG Cycle 16: Executing the step: HelixGen.Model.ProtocolStep
2018-12-10 15:51:03.7456 DEBUG Executing the action: HelixGen.Model.r2RNPosition
2018-12-10 15:51:04.2662 DEBUG Cycle 16: Executing the step: HelixGen.Model.ProtocolStep
2018-12-10 15:51:04.2702 DEBUG Executing the action: HelixGen.Model.timeAction
2018-12-10 15:51:04.7778 DEBUG Cycle 17: Executing the step: HelixGen.Model.ProtocolStep
2018-12-10 15:51:04.7778 DEBUG Executing the action: HelixGen.Model.r1RNPosition
2018-12-10 15:51:05.3044 DEBUG Cycle 17: Executing the step: HelixGen.Model.ProtocolStep
2018-12-10 15:51:05.3044 DEBUG Executing the action: HelixGen.Model.timeAction
2018-12-10 15:51:05.8111 DEBUG Cycle 17: Executing the step: HelixGen.Model.ProtocolStep
2018-12-10 15:51:05.8111 DEBUG Executing the action: HelixGen.Model.r2RNPosition
2018-12-10 15:51:06.3436 DEBUG Cycle 17: Executing the step: HelixGen.Model.ProtocolStep
2018-12-10 15:51:06.3436 DEBUG Executing the action: HelixGen.Model.timeAction
2018-12-10 15:51:06.8513 DEBUG Cycle 18: Executing the step: HelixGen.Model.ProtocolStep
2018-12-10 15:51:06.8513 DEBUG Executing the action: HelixGen.Model.r1RNPosition
2018-12-10 15:51:07.3819 DEBUG Cycle 18: Executing the step: HelixGen.Model.ProtocolStep
2018-12-10 15:51:07.3819 DEBUG Executing the action: HelixGen.Model.timeAction
2018-12-10 15:51:07.8945 DEBUG Cycle 18: Executing the step: HelixGen.Model.ProtocolStep
2018-12-10 15:51:07.8945 DEBUG Executing the action: HelixGen.Model.r2RNPosition
2018-12-10 15:51:08.4211 DEBUG Cycle 18: Executing the step: HelixGen.Model.ProtocolStep
2018-12-10 15:51:08.4211 DEBUG Executing the action: HelixGen.Model.timeAction
2018-12-10 15:51:08.9287 DEBUG Cycle 19: Executing the step: HelixGen.Model.ProtocolStep
2018-12-10 15:51:08.9287 DEBUG Executing the action: HelixGen.Model.r1RNPosition
2018-12-10 15:51:09.4593 DEBUG Cycle 19: Executing the step: HelixGen.Model.ProtocolStep
2018-12-10 15:51:09.4593 DEBUG Executing the action: HelixGen.Model.timeAction
2018-12-10 15:51:09.9680 DEBUG Cycle 19: Executing the step: HelixGen.Model.ProtocolStep
2018-12-10 15:51:09.9680 DEBUG Executing the action: HelixGen.Model.r2RNPosition
2018-12-10 15:51:10.5135 DEBUG Cycle 19: Executing the step: HelixGen.Model.ProtocolStep
2018-12-10 15:51:10.5135 DEBUG Executing the action: HelixGen.Model.timeAction
2018-12-10 15:51:11.0231 DEBUG Cycle 20: Executing the step: HelixGen.Model.ProtocolStep
2018-12-10 15:51:11.0231 DEBUG Executing the action: HelixGen.Model.r1RNPosition
2018-12-10 15:51:11.5527 DEBUG Cycle 20: Executing the step: HelixGen.Model.ProtocolStep
2018-12-10 15:51:11.5527 DEBUG Executing the action: HelixGen.Model.timeAction
2018-12-10 15:51:12.0624 DEBUG Cycle 20: Executing the step: HelixGen.Model.ProtocolStep
2018-12-10 15:51:12.0663 DEBUG Executing the action: HelixGen.Model.r2RNPosition
2018-12-10 15:51:12.5929 DEBUG Cycle 20: Executing the step: HelixGen.Model.ProtocolStep
2018-12-10 15:51:12.6468 DEBUG Executing the action: HelixGen.Model.timeAction
2018-12-10 15:51:13.2073 DEBUG Cycle 21: Executing the step: HelixGen.Model.ProtocolStep
2018-12-10 15:51:13.2073 DEBUG Executing the action: HelixGen.Model.r1RNPosition
2018-12-10 15:51:13.7418 DEBUG Cycle 21: Executing the step: HelixGen.Model.ProtocolStep
2018-12-10 15:51:13.7418 DEBUG Executing the action: HelixGen.Model.timeAction
2018-12-10 15:51:14.2505 DEBUG Cycle 21: Executing the step: HelixGen.Model.ProtocolStep
2018-12-10 15:51:14.2545 DEBUG Executing the action: HelixGen.Model.r2RNPosition
2018-12-10 15:51:14.7801 DEBUG Cycle 21: Executing the step: HelixGen.Model.ProtocolStep
2018-12-10 15:51:14.7861 DEBUG Executing the action: HelixGen.Model.timeAction
2018-12-10 15:51:15.2917 DEBUG Cycle 22: Executing the step: HelixGen.Model.ProtocolStep
2018-12-10 15:51:15.2917 DEBUG Executing the action: HelixGen.Model.r1RNPosition
2018-12-10 15:51:15.8183 DEBUG Cycle 22: Executing the step: HelixGen.Model.ProtocolStep
2018-12-10 15:51:15.8183 DEBUG Executing the action: HelixGen.Model.timeAction
2018-12-10 15:51:16.3260 DEBUG Cycle 22: Executing the step: HelixGen.Model.ProtocolStep
2018-12-10 15:51:16.3260 DEBUG Executing the action: HelixGen.Model.r2RNPosition
2018-12-10 15:51:16.8575 DEBUG Cycle 22: Executing the step: HelixGen.Model.ProtocolStep
2018-12-10 15:51:16.8575 DEBUG Executing the action: HelixGen.Model.timeAction
2018-12-10 15:51:17.3672 DEBUG Cycle 23: Executing the step: HelixGen.Model.ProtocolStep
2018-12-10 15:51:17.3672 DEBUG Executing the action: HelixGen.Model.r1RNPosition
2018-12-10 15:51:17.8479 DEBUG Cycle 23: Executing the step: HelixGen.Model.ProtocolStep
2018-12-10 15:51:17.8479 DEBUG Executing the action: HelixGen.Model.timeAction
2018-12-10 15:51:18.3575 DEBUG Cycle 23: Executing the step: HelixGen.Model.ProtocolStep
2018-12-10 15:51:18.3575 DEBUG Executing the action: HelixGen.Model.r2RNPosition
2018-12-10 15:51:18.8871 DEBUG Cycle 23: Executing the step: HelixGen.Model.ProtocolStep
2018-12-10 15:51:18.8871 DEBUG Executing the action: HelixGen.Model.timeAction
2018-12-10 15:51:19.3967 DEBUG Cycle 24: Executing the step: HelixGen.Model.ProtocolStep
2018-12-10 15:51:19.3967 DEBUG Executing the action: HelixGen.Model.r1RNPosition
2018-12-10 15:51:19.9253 DEBUG Cycle 24: Executing the step: HelixGen.Model.ProtocolStep
2018-12-10 15:51:19.9253 DEBUG Executing the action: HelixGen.Model.timeAction
2018-12-10 15:51:20.4389 DEBUG Cycle 24: Executing the step: HelixGen.Model.ProtocolStep
2018-12-10 15:51:20.4419 DEBUG Executing the action: HelixGen.Model.r2RNPosition
2018-12-10 15:51:20.9645 DEBUG Cycle 24: Executing the step: HelixGen.Model.ProtocolStep
2018-12-10 15:51:20.9645 DEBUG Executing the action: HelixGen.Model.timeAction
2018-12-10 15:51:21.4732 DEBUG Cycle 25: Executing the step: HelixGen.Model.ProtocolStep
2018-12-10 15:51:21.4732 DEBUG Executing the action: HelixGen.Model.r1RNPosition
2018-12-10 15:51:22.0028 DEBUG Cycle 25: Executing the step: HelixGen.Model.ProtocolStep
2018-12-10 15:51:22.0068 DEBUG Executing the action: HelixGen.Model.timeAction
2018-12-10 15:51:22.5104 DEBUG Cycle 25: Executing the step: HelixGen.Model.ProtocolStep
2018-12-10 15:51:22.5104 DEBUG Executing the action: HelixGen.Model.r2RNPosition
2018-12-10 15:51:23.0430 DEBUG Cycle 25: Executing the step: HelixGen.Model.ProtocolStep
2018-12-10 15:51:23.0430 DEBUG Executing the action: HelixGen.Model.timeAction
2018-12-10 15:51:23.5676 DEBUG Cycle 26: Executing the step: HelixGen.Model.ProtocolStep
2018-12-10 15:51:23.5676 DEBUG Executing the action: HelixGen.Model.r1RNPosition
2018-12-10 15:51:24.0962 DEBUG Cycle 26: Executing the step: HelixGen.Model.ProtocolStep
2018-12-10 15:51:24.1001 DEBUG Executing the action: HelixGen.Model.timeAction
2018-12-10 15:51:24.6048 DEBUG Cycle 26: Executing the step: HelixGen.Model.ProtocolStep
2018-12-10 15:51:24.6048 DEBUG Executing the action: HelixGen.Model.r2RNPosition
2018-12-10 15:51:25.1364 DEBUG Cycle 26: Executing the step: HelixGen.Model.ProtocolStep
2018-12-10 15:51:25.1364 DEBUG Executing the action: HelixGen.Model.timeAction
2018-12-10 15:51:25.6460 DEBUG Cycle 27: Executing the step: HelixGen.Model.ProtocolStep
2018-12-10 15:51:25.6460 DEBUG Executing the action: HelixGen.Model.r1RNPosition
2018-12-10 15:51:26.1736 DEBUG Cycle 27: Executing the step: HelixGen.Model.ProtocolStep
2018-12-10 15:51:26.1806 DEBUG Executing the action: HelixGen.Model.timeAction
2018-12-10 15:51:26.6852 DEBUG Cycle 27: Executing the step: HelixGen.Model.ProtocolStep
2018-12-10 15:51:26.6852 DEBUG Executing the action: HelixGen.Model.r2RNPosition
2018-12-10 15:51:27.2119 DEBUG Cycle 27: Executing the step: HelixGen.Model.ProtocolStep
2018-12-10 15:51:27.2119 DEBUG Executing the action: HelixGen.Model.timeAction
2018-12-10 15:51:27.7354 DEBUG Cycle 28: Executing the step: HelixGen.Model.ProtocolStep
2018-12-10 15:51:27.8142 DEBUG Executing the action: HelixGen.Model.r1RNPosition
2018-12-10 15:51:28.3468 DEBUG Cycle 28: Executing the step: HelixGen.Model.ProtocolStep
2018-12-10 15:51:28.3508 DEBUG Executing the action: HelixGen.Model.timeAction
2018-12-10 15:51:28.8544 DEBUG Cycle 28: Executing the step: HelixGen.Model.ProtocolStep
2018-12-10 15:51:28.8544 DEBUG Executing the action: HelixGen.Model.r2RNPosition
2018-12-10 15:51:29.3851 DEBUG Cycle 28: Executing the step: HelixGen.Model.ProtocolStep
2018-12-10 15:51:29.3851 DEBUG Executing the action: HelixGen.Model.timeAction
2018-12-10 15:51:29.8947 DEBUG Cycle 29: Executing the step: HelixGen.Model.ProtocolStep
2018-12-10 15:51:29.8947 DEBUG Executing the action: HelixGen.Model.r1RNPosition
2018-12-10 15:51:30.4402 DEBUG Cycle 29: Executing the step: HelixGen.Model.ProtocolStep
2018-12-10 15:51:30.4631 DEBUG Executing the action: HelixGen.Model.timeAction
2018-12-10 15:51:30.9668 DEBUG Cycle 29: Executing the step: HelixGen.Model.ProtocolStep
2018-12-10 15:51:30.9668 DEBUG Executing the action: HelixGen.Model.r2RNPosition
2018-12-10 15:51:31.4944 DEBUG Cycle 29: Executing the step: HelixGen.Model.ProtocolStep
2018-12-10 15:51:31.5183 DEBUG Executing the action: HelixGen.Model.timeAction
2018-12-10 15:51:32.0270 DEBUG Cycle 30: Executing the step: HelixGen.Model.ProtocolStep
2018-12-10 15:51:32.0429 DEBUG Executing the action: HelixGen.Model.r1RNPosition
2018-12-10 15:51:32.5645 DEBUG Cycle 30: Executing the step: HelixGen.Model.ProtocolStep
2018-12-10 15:51:32.5695 DEBUG Executing the action: HelixGen.Model.timeAction
2018-12-10 15:51:33.0742 DEBUG Cycle 30: Executing the step: HelixGen.Model.ProtocolStep
2018-12-10 15:51:33.0742 DEBUG Executing the action: HelixGen.Model.r2RNPosition
2018-12-10 15:51:33.6037 DEBUG Cycle 30: Executing the step: HelixGen.Model.ProtocolStep
2018-12-10 15:51:33.6037 DEBUG Executing the action: HelixGen.Model.timeAction
2018-12-10 15:51:34.1124 DEBUG Cycle 31: Executing the step: HelixGen.Model.ProtocolStep
2018-12-10 15:51:34.1164 DEBUG Executing the action: HelixGen.Model.r1RNPosition
2018-12-10 15:51:34.6420 DEBUG Cycle 31: Executing the step: HelixGen.Model.ProtocolStep
2018-12-10 15:51:34.6459 DEBUG Executing the action: HelixGen.Model.timeAction
2018-12-10 15:51:35.1496 DEBUG Cycle 31: Executing the step: HelixGen.Model.ProtocolStep
2018-12-10 15:51:35.1496 DEBUG Executing the action: HelixGen.Model.r2RNPosition
2018-12-10 15:51:35.6972 DEBUG Cycle 31: Executing the step: HelixGen.Model.ProtocolStep
2018-12-10 15:51:35.6972 DEBUG Executing the action: HelixGen.Model.timeAction
2018-12-10 15:51:36.2068 DEBUG Protocol: Execute step: HelixGen.Model.ProtocolStep line: 35
2018-12-10 15:51:36.2068 DEBUG Executing the action: HelixGen.Model.r2RNNPosition
2018-12-10 15:51:44.8227 DEBUG Protocol: Execute step: HelixGen.Model.ProtocolStep line: 36
2018-12-10 15:51:44.8227 DEBUG Executing the action: HelixGen.Model.r1RNNPosition
2018-12-10 15:51:58.4682 DEBUG Protocol: Execute step: HelixGen.Model.ProtocolStep line: 37
2018-12-10 15:51:58.4722 DEBUG Executing the action: HelixGen.Model.timeAction
2018-12-10 15:53:58.4783 DEBUG Protocol: Execute step: HelixGen.Model.ProtocolStep line: 38
2018-12-10 15:53:58.4783 DEBUG Executing the action: HelixGen.Model.HeatNPosition
2018-12-10 15:54:31.2328 DEBUG Protocol: Execute step: HelixGen.Model.ProtocolStep line: 39
2018-12-10 15:54:31.2378 DEBUG Executing the action: HelixGen.Model.SlideNNPosition
2018-12-10 15:54:32.0366 DEBUG Protocol: Execute step: HelixGen.Model.ProtocolStep line: 40
2018-12-10 15:54:32.0366 DEBUG Executing the action: HelixGen.Model.chasisAction
2018-12-10 15:54:33.5296 DEBUG Protocol: Execute step: HelixGen.Model.ProtocolStep line: 41
2018-12-10 15:54:33.5296 DEBUG Executing the action: HelixGen.Model.timeAction
2018-12-10 15:54:36.5406 DEBUG Protocol: Execute step: HelixGen.Model.ProtocolStep line: 74
2018-12-10 15:54:36.5406 DEBUG Executing the action: HelixGen.Model.SlideNNPosition
2018-12-10 15:54:37.2357 DEBUG Protocol: Execute step: HelixGen.Model.ProtocolStep line: 75
2018-12-10 15:54:37.2397 DEBUG Executing the action: HelixGen.Model.HeatNPosition
2018-12-10 15:54:51.4148 DEBUG Protocol: Execute step: HelixGen.Model.ProtocolStep line: 76
2018-12-10 15:54:51.4148 DEBUG Executing the action: HelixGen.Model.timeAction
2018-12-10 15:54:58.3642 ERROR fileOperation caught an exception; 未能找到文件“C:\HelixGen\Logs\Measurement\2018_12_10_15_49_54\Melt Curve logging.csv”。
2018-12-10 15:54:58.4001 ERROR fileOperation caught an exception; 文件“C:\HelixGen\Logs\Measurement\2018_12_10_15_49_54\Temperature Log.csv”正由另一进程使用，因此该进程无法访问此文件。
2018-12-10 15:54:58.4260 ERROR fileOperation caught an exception; 未能找到文件“C:\HelixGen\Logs\Measurement\2018_12_10_15_49_54\Melt Curve logging.csv”。
2018-12-10 15:54:58.4530 ERROR fileOperation caught an exception; 文件“C:\HelixGen\Logs\Measurement\2018_12_10_15_49_54\Temperature Log.csv”正由另一进程使用，因此该进程无法访问此文件。
2018-12-10 15:56:13.5303 DEBUG ----- Starting -----
2018-12-10 15:57:51.3584 DEBUG Opening results file to: ..\..\Logs\Measurement\2018_12_10_15_57_51\Temperature Log.csv
2018-12-10 15:57:51.3773 DEBUG Protocol: Execute step: HelixGen.Model.ProtocolStep line: 12
2018-12-10 15:57:51.3813 DEBUG Executing the action: HelixGen.Model.SlideNPosition
2018-12-10 15:57:54.5897 DEBUG Protocol: Execute step: HelixGen.Model.ProtocolStep line: 23
2018-12-10 15:57:54.5897 DEBUG Executing the action: HelixGen.Model.r1RNPosition
2018-12-10 15:58:16.3794 DEBUG Protocol: Execute step: HelixGen.Model.ProtocolStep line: 24
2018-12-10 15:58:16.3794 DEBUG Executing the action: HelixGen.Model.r2RNPosition
2018-12-10 15:58:24.9605 DEBUG Protocol: Execute step: HelixGen.Model.CycleStep line: 26
2018-12-10 15:58:24.9605 DEBUG Cycle 0: Executing the step: HelixGen.Model.ProtocolStep
2018-12-10 15:58:24.9605 DEBUG Executing the action: HelixGen.Model.r1RNPosition
2018-12-10 15:58:25.5020 DEBUG Cycle 0: Executing the step: HelixGen.Model.ProtocolStep
2018-12-10 15:58:25.5070 DEBUG Executing the action: HelixGen.Model.timeAction
2018-12-10 15:58:26.0107 DEBUG Cycle 0: Executing the step: HelixGen.Model.ProtocolStep
2018-12-10 15:58:26.0107 DEBUG Executing the action: HelixGen.Model.r2RNPosition
2018-12-10 15:58:26.5413 DEBUG Cycle 0: Executing the step: HelixGen.Model.ProtocolStep
2018-12-10 15:58:26.5413 DEBUG Executing the action: HelixGen.Model.timeAction
2018-12-10 15:58:27.0489 DEBUG Cycle 1: Executing the step: HelixGen.Model.ProtocolStep
2018-12-10 15:58:27.0519 DEBUG Executing the action: HelixGen.Model.r1RNPosition
2018-12-10 15:58:27.5795 DEBUG Cycle 1: Executing the step: HelixGen.Model.ProtocolStep
2018-12-10 15:58:27.5994 DEBUG Executing the action: HelixGen.Model.timeAction
2018-12-10 15:58:28.1510 DEBUG Cycle 1: Executing the step: HelixGen.Model.ProtocolStep
2018-12-10 15:58:28.1599 DEBUG Executing the action: HelixGen.Model.r2RNPosition
2018-12-10 15:58:28.6815 DEBUG Cycle 1: Executing the step: HelixGen.Model.ProtocolStep
2018-12-10 15:58:28.6815 DEBUG Executing the action: HelixGen.Model.timeAction
2018-12-10 15:58:29.1922 DEBUG Cycle 2: Executing the step: HelixGen.Model.ProtocolStep
2018-12-10 15:58:29.1922 DEBUG Executing the action: HelixGen.Model.r1RNPosition
2018-12-10 15:58:29.7367 DEBUG Cycle 2: Executing the step: HelixGen.Model.ProtocolStep
2018-12-10 15:58:29.7407 DEBUG Executing the action: HelixGen.Model.timeAction
2018-12-10 15:58:30.2444 DEBUG Cycle 2: Executing the step: HelixGen.Model.ProtocolStep
2018-12-10 15:58:30.2444 DEBUG Executing the action: HelixGen.Model.r2RNPosition
2018-12-10 15:58:30.7750 DEBUG Cycle 2: Executing the step: HelixGen.Model.ProtocolStep
2018-12-10 15:58:30.7750 DEBUG Executing the action: HelixGen.Model.timeAction
2018-12-10 15:58:31.2836 DEBUG Cycle 3: Executing the step: HelixGen.Model.ProtocolStep
2018-12-10 15:58:31.2866 DEBUG Executing the action: HelixGen.Model.r1RNPosition
2018-12-10 15:58:31.8142 DEBUG Cycle 3: Executing the step: HelixGen.Model.ProtocolStep
2018-12-10 15:58:31.8222 DEBUG Executing the action: HelixGen.Model.timeAction
2018-12-10 15:58:32.3278 DEBUG Cycle 3: Executing the step: HelixGen.Model.ProtocolStep
2018-12-10 15:58:32.3318 DEBUG Executing the action: HelixGen.Model.r2RNPosition
2018-12-10 15:58:32.8524 DEBUG Cycle 3: Executing the step: HelixGen.Model.ProtocolStep
2018-12-10 15:58:32.8524 DEBUG Executing the action: HelixGen.Model.timeAction
2018-12-10 15:58:33.3610 DEBUG Cycle 4: Executing the step: HelixGen.Model.ProtocolStep
2018-12-10 15:58:33.3650 DEBUG Executing the action: HelixGen.Model.r1RNPosition
2018-12-10 15:58:33.8916 DEBUG Cycle 4: Executing the step: HelixGen.Model.ProtocolStep
2018-12-10 15:58:33.8996 DEBUG Executing the action: HelixGen.Model.timeAction
2018-12-10 15:58:34.4074 DEBUG Cycle 4: Executing the step: HelixGen.Model.ProtocolStep
2018-12-10 15:58:34.4112 DEBUG Executing the action: HelixGen.Model.r2RNPosition
2018-12-10 15:58:34.9298 DEBUG Cycle 4: Executing the step: HelixGen.Model.ProtocolStep
2018-12-10 15:58:34.9298 DEBUG Executing the action: HelixGen.Model.timeAction
2018-12-10 15:58:35.4375 DEBUG Cycle 5: Executing the step: HelixGen.Model.ProtocolStep
2018-12-10 15:58:35.4375 DEBUG Executing the action: HelixGen.Model.r1RNPosition
2018-12-10 15:58:35.9691 DEBUG Cycle 5: Executing the step: HelixGen.Model.ProtocolStep
2018-12-10 15:58:35.9731 DEBUG Executing the action: HelixGen.Model.timeAction
2018-12-10 15:58:36.4767 DEBUG Cycle 5: Executing the step: HelixGen.Model.ProtocolStep
2018-12-10 15:58:36.4767 DEBUG Executing the action: HelixGen.Model.r2RNPosition
2018-12-10 15:58:37.0073 DEBUG Cycle 5: Executing the step: HelixGen.Model.ProtocolStep
2018-12-10 15:58:37.0073 DEBUG Executing the action: HelixGen.Model.timeAction
2018-12-10 15:58:37.5159 DEBUG Cycle 6: Executing the step: HelixGen.Model.ProtocolStep
2018-12-10 15:58:37.5528 DEBUG Executing the action: HelixGen.Model.r1RNPosition
2018-12-10 15:58:38.0934 DEBUG Cycle 6: Executing the step: HelixGen.Model.ProtocolStep
2018-12-10 15:58:38.0974 DEBUG Executing the action: HelixGen.Model.timeAction
2018-12-10 15:58:38.6020 DEBUG Cycle 6: Executing the step: HelixGen.Model.ProtocolStep
2018-12-10 15:58:38.6020 DEBUG Executing the action: HelixGen.Model.r2RNPosition
2018-12-10 15:58:39.1327 DEBUG Cycle 6: Executing the step: HelixGen.Model.ProtocolStep
2018-12-10 15:58:39.1327 DEBUG Executing the action: HelixGen.Model.timeAction
2018-12-10 15:58:39.6413 DEBUG Cycle 7: Executing the step: HelixGen.Model.ProtocolStep
2018-12-10 15:58:39.6452 DEBUG Executing the action: HelixGen.Model.r1RNPosition
2018-12-10 15:58:40.1708 DEBUG Cycle 7: Executing the step: HelixGen.Model.ProtocolStep
2018-12-10 15:58:40.1708 DEBUG Executing the action: HelixGen.Model.timeAction
2018-12-10 15:58:40.6775 DEBUG Cycle 7: Executing the step: HelixGen.Model.ProtocolStep
2018-12-10 15:58:40.6775 DEBUG Executing the action: HelixGen.Model.r2RNPosition
2018-12-10 15:58:41.2100 DEBUG Cycle 7: Executing the step: HelixGen.Model.ProtocolStep
2018-12-10 15:58:41.2100 DEBUG Executing the action: HelixGen.Model.timeAction
2018-12-10 15:58:41.7177 DEBUG Cycle 8: Executing the step: HelixGen.Model.ProtocolStep
2018-12-10 15:58:41.7177 DEBUG Executing the action: HelixGen.Model.r1RNPosition
2018-12-10 15:58:42.2483 DEBUG Cycle 8: Executing the step: HelixGen.Model.ProtocolStep
2018-12-10 15:58:42.2483 DEBUG Executing the action: HelixGen.Model.timeAction
2018-12-10 15:58:42.7569 DEBUG Cycle 8: Executing the step: HelixGen.Model.ProtocolStep
2018-12-10 15:58:42.7569 DEBUG Executing the action: HelixGen.Model.r2RNPosition
2018-12-10 15:58:43.2875 DEBUG Cycle 8: Executing the step: HelixGen.Model.ProtocolStep
2018-12-10 15:58:43.2875 DEBUG Executing the action: HelixGen.Model.timeAction
2018-12-10 15:58:43.7951 DEBUG Cycle 9: Executing the step: HelixGen.Model.ProtocolStep
2018-12-10 15:58:43.7951 DEBUG Executing the action: HelixGen.Model.r1RNPosition
2018-12-10 15:58:44.3257 DEBUG Cycle 9: Executing the step: HelixGen.Model.ProtocolStep
2018-12-10 15:58:44.3257 DEBUG Executing the action: HelixGen.Model.timeAction
2018-12-10 15:58:44.8354 DEBUG Cycle 9: Executing the step: HelixGen.Model.ProtocolStep
2018-12-10 15:58:44.8354 DEBUG Executing the action: HelixGen.Model.r2RNPosition
2018-12-10 15:58:45.3639 DEBUG Cycle 9: Executing the step: HelixGen.Model.ProtocolStep
2018-12-10 15:58:45.3639 DEBUG Executing the action: HelixGen.Model.timeAction
2018-12-10 15:58:45.8726 DEBUG Cycle 10: Executing the step: HelixGen.Model.ProtocolStep
2018-12-10 15:58:45.8726 DEBUG Executing the action: HelixGen.Model.r1RNPosition
2018-12-10 15:58:46.4032 DEBUG Cycle 10: Executing the step: HelixGen.Model.ProtocolStep
2018-12-10 15:58:46.4032 DEBUG Executing the action: HelixGen.Model.timeAction
2018-12-10 15:58:46.9100 DEBUG Cycle 10: Executing the step: HelixGen.Model.ProtocolStep
2018-12-10 15:58:46.9100 DEBUG Executing the action: HelixGen.Model.r2RNPosition
2018-12-10 15:58:47.4414 DEBUG Cycle 10: Executing the step: HelixGen.Model.ProtocolStep
2018-12-10 15:58:47.4623 DEBUG Executing the action: HelixGen.Model.timeAction
2018-12-10 15:58:48.0139 DEBUG Cycle 11: Executing the step: HelixGen.Model.ProtocolStep
2018-12-10 15:58:48.0139 DEBUG Executing the action: HelixGen.Model.r1RNPosition
2018-12-10 15:58:48.5444 DEBUG Cycle 11: Executing the step: HelixGen.Model.ProtocolStep
2018-12-10 15:58:48.5444 DEBUG Executing the action: HelixGen.Model.timeAction
2018-12-10 15:58:49.0531 DEBUG Cycle 11: Executing the step: HelixGen.Model.ProtocolStep
2018-12-10 15:58:49.0531 DEBUG Executing the action: HelixGen.Model.r2RNPosition
2018-12-10 15:58:49.5827 DEBUG Cycle 11: Executing the step: HelixGen.Model.ProtocolStep
2018-12-10 15:58:49.5827 DEBUG Executing the action: HelixGen.Model.timeAction
2018-12-10 15:58:50.0923 DEBUG Cycle 12: Executing the step: HelixGen.Model.ProtocolStep
2018-12-10 15:58:50.0973 DEBUG Executing the action: HelixGen.Model.r1RNPosition
2018-12-10 15:58:50.6219 DEBUG Cycle 12: Executing the step: HelixGen.Model.ProtocolStep
2018-12-10 15:58:50.6219 DEBUG Executing the action: HelixGen.Model.timeAction
2018-12-10 15:58:51.1295 DEBUG Cycle 12: Executing the step: HelixGen.Model.ProtocolStep
2018-12-10 15:58:51.1295 DEBUG Executing the action: HelixGen.Model.r2RNPosition
2018-12-10 15:58:51.6603 DEBUG Cycle 12: Executing the step: HelixGen.Model.ProtocolStep
2018-12-10 15:58:51.6603 DEBUG Executing the action: HelixGen.Model.timeAction
2018-12-10 15:58:52.1698 DEBUG Cycle 13: Executing the step: HelixGen.Model.ProtocolStep
2018-12-10 15:58:52.1698 DEBUG Executing the action: HelixGen.Model.r1RNPosition
2018-12-10 15:58:52.6993 DEBUG Cycle 13: Executing the step: HelixGen.Model.ProtocolStep
2018-12-10 15:58:52.6993 DEBUG Executing the action: HelixGen.Model.timeAction
2018-12-10 15:58:53.2050 DEBUG Cycle 13: Executing the step: HelixGen.Model.ProtocolStep
2018-12-10 15:58:53.2080 DEBUG Executing the action: HelixGen.Model.r2RNPosition
2018-12-10 15:58:53.7376 DEBUG Cycle 13: Executing the step: HelixGen.Model.ProtocolStep
2018-12-10 15:58:53.7405 DEBUG Executing the action: HelixGen.Model.timeAction
2018-12-10 15:58:54.2452 DEBUG Cycle 14: Executing the step: HelixGen.Model.ProtocolStep
2018-12-10 15:58:54.2452 DEBUG Executing the action: HelixGen.Model.r1RNPosition
2018-12-10 15:58:54.7760 DEBUG Cycle 14: Executing the step: HelixGen.Model.ProtocolStep
2018-12-10 15:58:54.7760 DEBUG Executing the action: HelixGen.Model.timeAction
2018-12-10 15:58:55.2844 DEBUG Cycle 14: Executing the step: HelixGen.Model.ProtocolStep
2018-12-10 15:58:55.2884 DEBUG Executing the action: HelixGen.Model.r2RNPosition
2018-12-10 15:58:55.8150 DEBUG Cycle 14: Executing the step: HelixGen.Model.ProtocolStep
2018-12-10 15:58:55.8180 DEBUG Executing the action: HelixGen.Model.timeAction
2018-12-10 15:58:56.3237 DEBUG Cycle 15: Executing the step: HelixGen.Model.ProtocolStep
2018-12-10 15:58:56.3237 DEBUG Executing the action: HelixGen.Model.r1RNPosition
2018-12-10 15:58:56.8532 DEBUG Cycle 15: Executing the step: HelixGen.Model.ProtocolStep
2018-12-10 15:58:56.8532 DEBUG Executing the action: HelixGen.Model.timeAction
2018-12-10 15:58:57.3599 DEBUG Cycle 15: Executing the step: HelixGen.Model.ProtocolStep
2018-12-10 15:58:57.5095 DEBUG Executing the action: HelixGen.Model.r2RNPosition
2018-12-10 15:58:58.0361 DEBUG Cycle 15: Executing the step: HelixGen.Model.ProtocolStep
2018-12-10 15:58:58.0361 DEBUG Executing the action: HelixGen.Model.timeAction
2018-12-10 15:58:58.5507 DEBUG Cycle 16: Executing the step: HelixGen.Model.ProtocolStep
2018-12-10 15:58:58.5507 DEBUG Executing the action: HelixGen.Model.r1RNPosition
2018-12-10 15:58:59.0743 DEBUG Cycle 16: Executing the step: HelixGen.Model.ProtocolStep
2018-12-10 15:58:59.0743 DEBUG Executing the action: HelixGen.Model.timeAction
2018-12-10 15:58:59.5839 DEBUG Cycle 16: Executing the step: HelixGen.Model.ProtocolStep
2018-12-10 15:58:59.5839 DEBUG Executing the action: HelixGen.Model.r2RNPosition
2018-12-10 15:59:00.1135 DEBUG Cycle 16: Executing the step: HelixGen.Model.ProtocolStep
2018-12-10 15:59:00.1135 DEBUG Executing the action: HelixGen.Model.timeAction
2018-12-10 15:59:00.6231 DEBUG Cycle 17: Executing the step: HelixGen.Model.ProtocolStep
2018-12-10 15:59:00.6231 DEBUG Executing the action: HelixGen.Model.r1RNPosition
2018-12-10 15:59:01.1518 DEBUG Cycle 17: Executing the step: HelixGen.Model.ProtocolStep
2018-12-10 15:59:01.1518 DEBUG Executing the action: HelixGen.Model.timeAction
2018-12-10 15:59:01.6604 DEBUG Cycle 17: Executing the step: HelixGen.Model.ProtocolStep
2018-12-10 15:59:01.6604 DEBUG Executing the action: HelixGen.Model.r2RNPosition
2018-12-10 15:59:02.1910 DEBUG Cycle 17: Executing the step: HelixGen.Model.ProtocolStep
2018-12-10 15:59:02.1910 DEBUG Executing the action: HelixGen.Model.timeAction
2018-12-10 15:59:02.7006 DEBUG Cycle 18: Executing the step: HelixGen.Model.ProtocolStep
2018-12-10 15:59:02.7076 DEBUG Executing the action: HelixGen.Model.r1RNPosition
2018-12-10 15:59:03.2292 DEBUG Cycle 18: Executing the step: HelixGen.Model.ProtocolStep
2018-12-10 15:59:03.2292 DEBUG Executing the action: HelixGen.Model.timeAction
2018-12-10 15:59:03.7378 DEBUG Cycle 18: Executing the step: HelixGen.Model.ProtocolStep
2018-12-10 15:59:03.7378 DEBUG Executing the action: HelixGen.Model.r2RNPosition
2018-12-10 15:59:04.2674 DEBUG Cycle 18: Executing the step: HelixGen.Model.ProtocolStep
2018-12-10 15:59:04.2724 DEBUG Executing the action: HelixGen.Model.timeAction
2018-12-10 15:59:04.7780 DEBUG Cycle 19: Executing the step: HelixGen.Model.ProtocolStep
2018-12-10 15:59:04.7780 DEBUG Executing the action: HelixGen.Model.r1RNPosition
2018-12-10 15:59:05.3066 DEBUG Cycle 19: Executing the step: HelixGen.Model.ProtocolStep
2018-12-10 15:59:05.3066 DEBUG Executing the action: HelixGen.Model.timeAction
2018-12-10 15:59:05.8143 DEBUG Cycle 19: Executing the step: HelixGen.Model.ProtocolStep
2018-12-10 15:59:05.8173 DEBUG Executing the action: HelixGen.Model.r2RNPosition
2018-12-10 15:59:06.3458 DEBUG Cycle 19: Executing the step: HelixGen.Model.ProtocolStep
2018-12-10 15:59:06.3488 DEBUG Executing the action: HelixGen.Model.timeAction
2018-12-10 15:59:06.8565 DEBUG Cycle 20: Executing the step: HelixGen.Model.ProtocolStep
2018-12-10 15:59:06.8565 DEBUG Executing the action: HelixGen.Model.r1RNPosition
2018-12-10 15:59:07.4000 DEBUG Cycle 20: Executing the step: HelixGen.Model.ProtocolStep
2018-12-10 15:59:07.4339 DEBUG Executing the action: HelixGen.Model.timeAction
2018-12-10 15:59:07.9505 DEBUG Cycle 20: Executing the step: HelixGen.Model.ProtocolStep
2018-12-10 15:59:07.9505 DEBUG Executing the action: HelixGen.Model.r2RNPosition
2018-12-10 15:59:08.4871 DEBUG Cycle 20: Executing the step: HelixGen.Model.ProtocolStep
2018-12-10 15:59:08.4901 DEBUG Executing the action: HelixGen.Model.timeAction
2018-12-10 15:59:08.9958 DEBUG Cycle 21: Executing the step: HelixGen.Model.ProtocolStep
2018-12-10 15:59:08.9958 DEBUG Executing the action: HelixGen.Model.r1RNPosition
2018-12-10 15:59:09.5253 DEBUG Cycle 21: Executing the step: HelixGen.Model.ProtocolStep
2018-12-10 15:59:09.5253 DEBUG Executing the action: HelixGen.Model.timeAction
2018-12-10 15:59:10.0330 DEBUG Cycle 21: Executing the step: HelixGen.Model.ProtocolStep
2018-12-10 15:59:10.0360 DEBUG Executing the action: HelixGen.Model.r2RNPosition
2018-12-10 15:59:10.5636 DEBUG Cycle 21: Executing the step: HelixGen.Model.ProtocolStep
2018-12-10 15:59:10.5685 DEBUG Executing the action: HelixGen.Model.timeAction
2018-12-10 15:59:11.0742 DEBUG Cycle 22: Executing the step: HelixGen.Model.ProtocolStep
2018-12-10 15:59:11.0742 DEBUG Executing the action: HelixGen.Model.r1RNPosition
2018-12-10 15:59:11.6028 DEBUG Cycle 22: Executing the step: HelixGen.Model.ProtocolStep
2018-12-10 15:59:11.6028 DEBUG Executing the action: HelixGen.Model.timeAction
2018-12-10 15:59:12.1105 DEBUG Cycle 22: Executing the step: HelixGen.Model.ProtocolStep
2018-12-10 15:59:12.1134 DEBUG Executing the action: HelixGen.Model.r2RNPosition
2018-12-10 15:59:12.6410 DEBUG Cycle 22: Executing the step: HelixGen.Model.ProtocolStep
2018-12-10 15:59:12.6450 DEBUG Executing the action: HelixGen.Model.timeAction
2018-12-10 15:59:13.1496 DEBUG Cycle 23: Executing the step: HelixGen.Model.ProtocolStep
2018-12-10 15:59:13.1496 DEBUG Executing the action: HelixGen.Model.r1RNPosition
2018-12-10 15:59:13.6802 DEBUG Cycle 23: Executing the step: HelixGen.Model.ProtocolStep
2018-12-10 15:59:13.6982 DEBUG Executing the action: HelixGen.Model.timeAction
2018-12-10 15:59:14.2049 DEBUG Cycle 23: Executing the step: HelixGen.Model.ProtocolStep
2018-12-10 15:59:14.2088 DEBUG Executing the action: HelixGen.Model.r2RNPosition
2018-12-10 15:59:14.7344 DEBUG Cycle 23: Executing the step: HelixGen.Model.ProtocolStep
2018-12-10 15:59:14.7923 DEBUG Executing the action: HelixGen.Model.timeAction
2018-12-10 15:59:15.3488 DEBUG Cycle 24: Executing the step: HelixGen.Model.ProtocolStep
2018-12-10 15:59:15.3488 DEBUG Executing the action: HelixGen.Model.r1RNPosition
2018-12-10 15:59:15.8694 DEBUG Cycle 24: Executing the step: HelixGen.Model.ProtocolStep
2018-12-10 15:59:15.8694 DEBUG Executing the action: HelixGen.Model.timeAction
2018-12-10 15:59:16.3770 DEBUG Cycle 24: Executing the step: HelixGen.Model.ProtocolStep
2018-12-10 15:59:16.3800 DEBUG Executing the action: HelixGen.Model.r2RNPosition
2018-12-10 15:59:16.9086 DEBUG Cycle 24: Executing the step: HelixGen.Model.ProtocolStep
2018-12-10 15:59:16.9126 DEBUG Executing the action: HelixGen.Model.timeAction
2018-12-10 15:59:17.4172 DEBUG Cycle 25: Executing the step: HelixGen.Model.ProtocolStep
2018-12-10 15:59:17.4172 DEBUG Executing the action: HelixGen.Model.r1RNPosition
2018-12-10 15:59:17.9468 DEBUG Cycle 25: Executing the step: HelixGen.Model.ProtocolStep
2018-12-10 15:59:17.9468 DEBUG Executing the action: HelixGen.Model.timeAction
2018-12-10 15:59:18.4555 DEBUG Cycle 25: Executing the step: HelixGen.Model.ProtocolStep
2018-12-10 15:59:18.4575 DEBUG Executing the action: HelixGen.Model.r2RNPosition
2018-12-10 15:59:18.9852 DEBUG Cycle 25: Executing the step: HelixGen.Model.ProtocolStep
2018-12-10 15:59:19.0150 DEBUG Executing the action: HelixGen.Model.timeAction
2018-12-10 15:59:19.5246 DEBUG Cycle 26: Executing the step: HelixGen.Model.ProtocolStep
2018-12-10 15:59:19.5246 DEBUG Executing the action: HelixGen.Model.r1RNPosition
2018-12-10 15:59:20.0552 DEBUG Cycle 26: Executing the step: HelixGen.Model.ProtocolStep
2018-12-10 15:59:20.0552 DEBUG Executing the action: HelixGen.Model.timeAction
2018-12-10 15:59:20.5618 DEBUG Cycle 26: Executing the step: HelixGen.Model.ProtocolStep
2018-12-10 15:59:20.5618 DEBUG Executing the action: HelixGen.Model.r2RNPosition
2018-12-10 15:59:21.0944 DEBUG Cycle 26: Executing the step: HelixGen.Model.ProtocolStep
2018-12-10 15:59:21.0984 DEBUG Executing the action: HelixGen.Model.timeAction
2018-12-10 15:59:21.6051 DEBUG Cycle 27: Executing the step: HelixGen.Model.ProtocolStep
2018-12-10 15:59:21.6051 DEBUG Executing the action: HelixGen.Model.r1RNPosition
2018-12-10 15:59:22.1327 DEBUG Cycle 27: Executing the step: HelixGen.Model.ProtocolStep
2018-12-10 15:59:22.1327 DEBUG Executing the action: HelixGen.Model.timeAction
2018-12-10 15:59:22.6423 DEBUG Cycle 27: Executing the step: HelixGen.Model.ProtocolStep
2018-12-10 15:59:22.6443 DEBUG Executing the action: HelixGen.Model.r2RNPosition
2018-12-10 15:59:23.1719 DEBUG Cycle 27: Executing the step: HelixGen.Model.ProtocolStep
2018-12-10 15:59:23.1719 DEBUG Executing the action: HelixGen.Model.timeAction
2018-12-10 15:59:23.6845 DEBUG Cycle 28: Executing the step: HelixGen.Model.ProtocolStep
2018-12-10 15:59:23.6845 DEBUG Executing the action: HelixGen.Model.r1RNPosition
2018-12-10 15:59:24.2101 DEBUG Cycle 28: Executing the step: HelixGen.Model.ProtocolStep
2018-12-10 15:59:24.2101 DEBUG Executing the action: HelixGen.Model.timeAction
2018-12-10 15:59:24.7237 DEBUG Cycle 28: Executing the step: HelixGen.Model.ProtocolStep
2018-12-10 15:59:24.7795 DEBUG Executing the action: HelixGen.Model.r2RNPosition
2018-12-10 15:59:25.3291 DEBUG Cycle 28: Executing the step: HelixGen.Model.ProtocolStep
2018-12-10 15:59:25.3321 DEBUG Executing the action: HelixGen.Model.timeAction
2018-12-10 15:59:25.8377 DEBUG Cycle 29: Executing the step: HelixGen.Model.ProtocolStep
2018-12-10 15:59:25.8377 DEBUG Executing the action: HelixGen.Model.r1RNPosition
2018-12-10 15:59:26.3673 DEBUG Cycle 29: Executing the step: HelixGen.Model.ProtocolStep
2018-12-10 15:59:26.3673 DEBUG Executing the action: HelixGen.Model.timeAction
2018-12-10 15:59:26.8749 DEBUG Cycle 29: Executing the step: HelixGen.Model.ProtocolStep
2018-12-10 15:59:26.8749 DEBUG Executing the action: HelixGen.Model.r2RNPosition
2018-12-10 15:59:27.4065 DEBUG Cycle 29: Executing the step: HelixGen.Model.ProtocolStep
2018-12-10 15:59:27.4065 DEBUG Executing the action: HelixGen.Model.timeAction
2018-12-10 15:59:27.9132 DEBUG Cycle 30: Executing the step: HelixGen.Model.ProtocolStep
2018-12-10 15:59:27.9132 DEBUG Executing the action: HelixGen.Model.r1RNPosition
2018-12-10 15:59:28.4447 DEBUG Cycle 30: Executing the step: HelixGen.Model.ProtocolStep
2018-12-10 15:59:28.4447 DEBUG Executing the action: HelixGen.Model.timeAction
2018-12-10 15:59:28.9525 DEBUG Cycle 30: Executing the step: HelixGen.Model.ProtocolStep
2018-12-10 15:59:28.9525 DEBUG Executing the action: HelixGen.Model.r2RNPosition
2018-12-10 15:59:29.4830 DEBUG Cycle 30: Executing the step: HelixGen.Model.ProtocolStep
2018-12-10 15:59:29.4900 DEBUG Executing the action: HelixGen.Model.timeAction
2018-12-10 15:59:29.9956 DEBUG Cycle 31: Executing the step: HelixGen.Model.ProtocolStep
2018-12-10 15:59:30.0245 DEBUG Executing the action: HelixGen.Model.r1RNPosition
2018-12-10 15:59:30.5541 DEBUG Cycle 31: Executing the step: HelixGen.Model.ProtocolStep
2018-12-10 15:59:30.5541 DEBUG Executing the action: HelixGen.Model.timeAction
2018-12-10 15:59:31.0608 DEBUG Cycle 31: Executing the step: HelixGen.Model.ProtocolStep
2018-12-10 15:59:31.0608 DEBUG Executing the action: HelixGen.Model.r2RNPosition
2018-12-10 15:59:31.5923 DEBUG Cycle 31: Executing the step: HelixGen.Model.ProtocolStep
2018-12-10 15:59:31.5923 DEBUG Executing the action: HelixGen.Model.timeAction
2018-12-10 15:59:32.1020 DEBUG Protocol: Execute step: HelixGen.Model.ProtocolStep line: 35
2018-12-10 15:59:32.1877 DEBUG Executing the action: HelixGen.Model.r2RNNPosition
2018-12-10 15:59:40.8297 DEBUG Protocol: Execute step: HelixGen.Model.ProtocolStep line: 36
2018-12-10 15:59:40.8336 DEBUG Executing the action: HelixGen.Model.r1RNNPosition
2018-12-10 15:59:54.5749 DEBUG Protocol: Execute step: HelixGen.Model.ProtocolStep line: 37
2018-12-10 15:59:54.5749 DEBUG Executing the action: HelixGen.Model.timeAction
2018-12-10 16:01:54.5860 DEBUG Protocol: Execute step: HelixGen.Model.ProtocolStep line: 38
2018-12-10 16:01:54.5860 DEBUG Executing the action: HelixGen.Model.HeatNPosition
2018-12-10 16:02:27.3322 DEBUG Protocol: Execute step: HelixGen.Model.ProtocolStep line: 39
2018-12-10 16:02:27.3322 DEBUG Executing the action: HelixGen.Model.SlideNNPosition
2018-12-10 16:02:28.0991 DEBUG Protocol: Execute step: HelixGen.Model.ProtocolStep line: 40
2018-12-10 16:02:28.0991 DEBUG Executing the action: HelixGen.Model.chasisAction
2018-12-10 16:02:29.5862 DEBUG Protocol: Execute step: HelixGen.Model.ProtocolStep line: 41
2018-12-10 16:02:29.5862 DEBUG Executing the action: HelixGen.Model.timeAction
2018-12-10 16:02:32.5971 DEBUG Protocol: Execute step: HelixGen.Model.ProtocolStep line: 74
2018-12-10 16:02:32.5971 DEBUG Executing the action: HelixGen.Model.SlideNNPosition
2018-12-10 16:02:33.2603 DEBUG Protocol: Execute step: HelixGen.Model.ProtocolStep line: 75
2018-12-10 16:02:33.2603 DEBUG Executing the action: HelixGen.Model.HeatNPosition
2018-12-10 16:02:47.4344 DEBUG Protocol: Execute step: HelixGen.Model.ProtocolStep line: 76
2018-12-10 16:02:47.4344 DEBUG Executing the action: HelixGen.Model.timeAction
2018-12-10 16:02:54.1923 ERROR fileOperation caught an exception; 未能找到文件“C:\HelixGen\Logs\Measurement\2018_12_10_15_57_51\Melt Curve logging.csv”。
2018-12-10 16:02:54.2173 ERROR fileOperation caught an exception; 文件“C:\HelixGen\Logs\Measurement\2018_12_10_15_57_51\Temperature Log.csv”正由另一进程使用，因此该进程无法访问此文件。
2018-12-10 16:02:54.2412 ERROR fileOperation caught an exception; 未能找到文件“C:\HelixGen\Logs\Measurement\2018_12_10_15_57_51\Melt Curve logging.csv”。
2018-12-10 16:24:14.6326 DEBUG ----- Starting -----
2018-12-10 16:24:32.4569 DEBUG Opening results file to: ..\..\Logs\Measurement\2018_12_10_16_24_32\Temperature Log.csv
2018-12-10 16:24:32.4569 DEBUG Protocol: Execute step: HelixGen.Model.ProtocolStep line: 14
2018-12-10 16:24:32.4569 DEBUG Executing the action: HelixGen.Model.heaterCtrlAction
2018-12-10 16:24:33.0423 DEBUG Protocol: Execute step: HelixGen.Model.ProtocolStep line: 15
2018-12-10 16:24:33.0423 DEBUG Executing the action: HelixGen.Model.heaterAction
2018-12-10 16:24:33.3136 DEBUG Executing the action: HelixGen.Model.timeAction
2018-12-10 16:24:43.3189 DEBUG Protocol: Execute step: HelixGen.Model.ProtocolStep line: 16
2018-12-10 16:24:43.3189 DEBUG Executing the action: HelixGen.Model.heaterAction
2018-12-10 16:24:43.4595 DEBUG Executing the action: HelixGen.Model.timeAction
2018-12-10 16:24:53.5006 DEBUG Protocol: Execute step: HelixGen.Model.ProtocolStep line: 17
2018-12-10 16:24:53.5036 DEBUG Executing the action: HelixGen.Model.heaterAction
2018-12-10 16:24:53.7819 DEBUG Executing the action: HelixGen.Model.timeAction
2018-12-10 16:25:03.7861 DEBUG Protocol: Execute step: HelixGen.Model.ProtocolStep line: 18
2018-12-10 16:25:03.7861 DEBUG Executing the action: HelixGen.Model.heaterAction
2018-12-10 16:25:03.8490 DEBUG Executing the action: HelixGen.Model.timeAction
2018-12-10 16:25:13.8552 DEBUG Protocol: Execute step: HelixGen.Model.ProtocolStep line: 19
2018-12-10 16:25:13.8552 DEBUG Executing the action: HelixGen.Model.heaterAction
2018-12-10 16:25:13.9948 DEBUG Executing the action: HelixGen.Model.timeAction
2018-12-10 16:25:24.0988 DEBUG Protocol: Execute step: HelixGen.Model.ProtocolStep line: 20
2018-12-10 16:25:24.0988 DEBUG Executing the action: HelixGen.Model.heaterAction
2018-12-10 16:25:24.1886 DEBUG Executing the action: HelixGen.Model.timeAction
2018-12-10 16:27:04.2400 DEBUG Protocol: Execute step: HelixGen.Model.ProtocolStep line: 21
2018-12-10 16:27:04.2400 DEBUG Executing the action: HelixGen.Model.heaterCtrlAction
2018-12-10 16:27:05.1476 ERROR fileOperation caught an exception; 未能找到文件“C:\HelixGen\Logs\Measurement\2018_12_10_16_24_32\Melt Curve logging.csv”。
2018-12-10 16:27:05.1716 ERROR fileOperation caught an exception; 文件“C:\HelixGen\Logs\Measurement\2018_12_10_16_24_32\Temperature Log.csv”正由另一进程使用，因此该进程无法访问此文件。
2018-12-10 16:27:05.1945 ERROR fileOperation caught an exception; 未能找到文件“C:\HelixGen\Logs\Measurement\2018_12_10_16_24_32\Melt Curve logging.csv”。
2018-12-10 16:27:05.2174 ERROR fileOperation caught an exception; 文件“C:\HelixGen\Logs\Measurement\2018_12_10_16_24_32\Temperature Log.csv”正由另一进程使用，因此该进程无法访问此文件。
2018-12-10 16:30:27.6887 DEBUG ----- Starting -----
2018-12-10 16:30:39.7168 DEBUG Opening results file to: ..\..\Logs\Measurement\2018_12_10_16_30_39\Temperature Log.csv
2018-12-10 16:30:39.7247 DEBUG Protocol: Execute step: HelixGen.Model.ProtocolStep line: 14
2018-12-10 16:30:39.7247 DEBUG Executing the action: HelixGen.Model.heaterCtrlAction
2018-12-10 16:30:40.3550 DEBUG Protocol: Execute step: HelixGen.Model.ProtocolStep line: 15
2018-12-10 16:30:40.3550 DEBUG Executing the action: HelixGen.Model.heaterAction
2018-12-10 16:30:40.6862 DEBUG Executing the action: HelixGen.Model.timeAction
2018-12-10 16:30:46.5654 DEBUG Opening results file to: ..\..\Logs\Measurement\2018_12_10_16_30_46\Temperature Log.csv
2018-12-10 16:30:46.6223 DEBUG Protocol: Execute step: HelixGen.Model.ProtocolStep line: 14
2018-12-10 16:30:46.6223 DEBUG Executing the action: HelixGen.Model.heaterCtrlAction
2018-12-10 16:30:47.9248 DEBUG Protocol: Execute step: HelixGen.Model.ProtocolStep line: 15
2018-12-10 16:30:47.9278 DEBUG Executing the action: HelixGen.Model.heaterAction
2018-12-10 16:30:48.1312 DEBUG Executing the action: HelixGen.Model.timeAction
2018-12-10 16:30:50.6904 DEBUG Protocol: Execute step: HelixGen.Model.ProtocolStep line: 16
2018-12-10 16:30:50.6934 DEBUG Executing the action: HelixGen.Model.heaterAction
2018-12-10 16:30:50.9278 DEBUG Executing the action: HelixGen.Model.timeAction
2018-12-10 16:30:58.1365 DEBUG Protocol: Execute step: HelixGen.Model.ProtocolStep line: 16
2018-12-10 16:30:58.1365 DEBUG Executing the action: HelixGen.Model.heaterAction
2018-12-10 16:30:58.2781 DEBUG Executing the action: HelixGen.Model.timeAction
2018-12-10 16:31:00.9470 DEBUG Protocol: Execute step: HelixGen.Model.ProtocolStep line: 17
2018-12-10 16:31:00.9470 DEBUG Executing the action: HelixGen.Model.heaterAction
2018-12-10 16:31:01.2492 DEBUG Executing the action: HelixGen.Model.timeAction
2018-12-10 16:31:08.3233 DEBUG Protocol: Execute step: HelixGen.Model.ProtocolStep line: 17
2018-12-10 16:31:08.3233 DEBUG Executing the action: HelixGen.Model.heaterAction
2018-12-10 16:31:08.5686 DEBUG Executing the action: HelixGen.Model.timeAction
2018-12-10 16:31:11.2544 DEBUG Protocol: Execute step: HelixGen.Model.ProtocolStep line: 18
2018-12-10 16:31:11.2544 DEBUG Executing the action: HelixGen.Model.heaterAction
2018-12-10 16:31:11.3631 DEBUG Executing the action: HelixGen.Model.timeAction
2018-12-10 16:31:18.6028 DEBUG Protocol: Execute step: HelixGen.Model.ProtocolStep line: 18
2018-12-10 16:31:18.6257 DEBUG Executing the action: HelixGen.Model.heaterAction
2018-12-10 16:31:18.9528 DEBUG Executing the action: HelixGen.Model.timeAction
2018-12-10 16:31:21.3684 DEBUG Protocol: Execute step: HelixGen.Model.ProtocolStep line: 19
2018-12-10 16:31:21.3684 DEBUG Executing the action: HelixGen.Model.heaterAction
2018-12-10 16:31:21.8291 DEBUG Executing the action: HelixGen.Model.timeAction
2018-12-10 16:31:28.9591 DEBUG Protocol: Execute step: HelixGen.Model.ProtocolStep line: 19
2018-12-10 16:31:28.9591 DEBUG Executing the action: HelixGen.Model.heaterAction
2018-12-10 16:31:29.0837 DEBUG Executing the action: HelixGen.Model.timeAction
2018-12-10 16:31:31.8444 DEBUG Protocol: Execute step: HelixGen.Model.ProtocolStep line: 20
2018-12-10 16:31:31.8474 DEBUG Executing the action: HelixGen.Model.heaterAction
2018-12-10 16:31:32.2952 DEBUG Executing the action: HelixGen.Model.timeAction
2018-12-10 16:31:39.1459 DEBUG Protocol: Execute step: HelixGen.Model.ProtocolStep line: 20
2018-12-10 16:31:39.1459 DEBUG Executing the action: HelixGen.Model.heaterAction
2018-12-10 16:31:39.3732 DEBUG Executing the action: HelixGen.Model.timeAction
2018-12-10 16:31:50.2152 DEBUG Opening results file to: ..\..\Logs\Measurement\2018_12_10_16_31_50\Temperature Log.csv
2018-12-10 16:31:50.2302 DEBUG Protocol: Execute step: HelixGen.Model.ProtocolStep line: 14
2018-12-10 16:31:50.2302 DEBUG Executing the action: HelixGen.Model.heaterCtrlAction
2018-12-10 16:31:51.0221 DEBUG Protocol: Execute step: HelixGen.Model.ProtocolStep line: 15
2018-12-10 16:31:51.0221 DEBUG Executing the action: HelixGen.Model.heaterAction
2018-12-10 16:31:51.4689 DEBUG Executing the action: HelixGen.Model.timeAction
2018-12-10 16:32:01.4741 DEBUG Protocol: Execute step: HelixGen.Model.ProtocolStep line: 16
2018-12-10 16:32:01.4741 DEBUG Executing the action: HelixGen.Model.heaterAction
2018-12-10 16:32:02.1423 DEBUG Executing the action: HelixGen.Model.timeAction
2018-12-10 16:32:12.1476 DEBUG Protocol: Execute step: HelixGen.Model.ProtocolStep line: 17
2018-12-10 16:32:12.1476 DEBUG Executing the action: HelixGen.Model.heaterAction
2018-12-10 16:32:12.6094 DEBUG Executing the action: HelixGen.Model.timeAction
2018-12-10 16:32:22.6186 DEBUG Protocol: Execute step: HelixGen.Model.ProtocolStep line: 18
2018-12-10 16:32:22.6415 DEBUG Executing the action: HelixGen.Model.heaterAction
2018-12-10 16:32:22.8350 DEBUG Executing the action: HelixGen.Model.timeAction
2018-12-10 16:32:32.8622 DEBUG Protocol: Execute step: HelixGen.Model.ProtocolStep line: 19
2018-12-10 16:32:32.8891 DEBUG Executing the action: HelixGen.Model.heaterAction
2018-12-10 16:32:33.0288 DEBUG Executing the action: HelixGen.Model.timeAction
2018-12-10 16:32:43.1098 DEBUG Protocol: Execute step: HelixGen.Model.ProtocolStep line: 20
2018-12-10 16:32:43.1357 DEBUG Executing the action: HelixGen.Model.heaterAction
2018-12-10 16:32:43.4788 DEBUG Executing the action: HelixGen.Model.timeAction
2018-12-10 16:32:46.3232 DEBUG Opening results file to: ..\..\Logs\Measurement\2018_12_10_16_32_46\Temperature Log.csv
2018-12-10 16:32:46.3232 DEBUG Protocol: Execute step: HelixGen.Model.ProtocolStep line: 14
2018-12-10 16:32:46.3352 DEBUG Executing the action: HelixGen.Model.heaterCtrlAction
2018-12-10 16:32:48.0975 DEBUG Protocol: Execute step: HelixGen.Model.ProtocolStep line: 15
2018-12-10 16:32:48.0975 DEBUG Executing the action: HelixGen.Model.heaterAction
2018-12-10 16:32:48.6869 DEBUG Executing the action: HelixGen.Model.timeAction
2018-12-10 16:32:58.6931 DEBUG Protocol: Execute step: HelixGen.Model.ProtocolStep line: 16
2018-12-10 16:32:58.6931 DEBUG Executing the action: HelixGen.Model.heaterAction
2018-12-10 16:32:59.1369 DEBUG Executing the action: HelixGen.Model.timeAction
2018-12-10 16:33:04.8008 DEBUG Opening results file to: ..\..\Logs\Measurement\2018_12_10_16_33_04\Temperature Log.csv
2018-12-10 16:33:04.8008 DEBUG Protocol: Execute step: HelixGen.Model.ProtocolStep line: 14
2018-12-10 16:33:04.8168 DEBUG Executing the action: HelixGen.Model.heaterCtrlAction
2018-12-10 16:33:06.0086 DEBUG Protocol: Execute step: HelixGen.Model.ProtocolStep line: 15
2018-12-10 16:33:06.0086 DEBUG Executing the action: HelixGen.Model.heaterAction
2018-12-10 16:33:06.7426 DEBUG Executing the action: HelixGen.Model.timeAction
2018-12-10 16:33:09.1462 DEBUG Protocol: Execute step: HelixGen.Model.ProtocolStep line: 17
2018-12-10 16:33:09.1462 DEBUG Executing the action: HelixGen.Model.heaterAction
2018-12-10 16:33:09.8254 DEBUG Executing the action: HelixGen.Model.timeAction
2018-12-10 16:33:12.3127 DEBUG Protocol: Execute step: HelixGen.Model.ProtocolStep line: 21
2018-12-10 16:33:12.4045 DEBUG Executing the action: HelixGen.Model.heaterCtrlAction
2018-12-10 16:33:20.1520 DEBUG ----- Starting -----
2018-12-10 16:33:48.2447 DEBUG ----- Starting -----
2018-12-10 16:34:02.1804 DEBUG Opening results file to: ..\..\Logs\Measurement\2018_12_10_16_34_02\Temperature Log.csv
2018-12-10 16:34:02.2013 DEBUG Protocol: Execute step: HelixGen.Model.ProtocolStep line: 14
2018-12-10 16:34:02.2073 DEBUG Executing the action: HelixGen.Model.heaterCtrlAction
2018-12-10 16:34:02.9194 DEBUG Protocol: Execute step: HelixGen.Model.ProtocolStep line: 15
2018-12-10 16:34:02.9194 DEBUG Executing the action: HelixGen.Model.heaterAction
2018-12-10 16:34:03.3812 DEBUG Executing the action: HelixGen.Model.timeAction
2018-12-10 16:34:13.3875 DEBUG Protocol: Execute step: HelixGen.Model.ProtocolStep line: 16
2018-12-10 16:34:13.3954 DEBUG Executing the action: HelixGen.Model.heaterAction
2018-12-10 16:34:13.6557 DEBUG Executing the action: HelixGen.Model.timeAction
2018-12-10 16:34:23.6620 DEBUG Protocol: Execute step: HelixGen.Model.ProtocolStep line: 17
2018-12-10 16:34:23.6620 DEBUG Executing the action: HelixGen.Model.heaterAction
2018-12-10 16:34:23.7228 DEBUG Executing the action: HelixGen.Model.timeAction
2018-12-10 16:34:33.7280 DEBUG Protocol: Execute step: HelixGen.Model.ProtocolStep line: 18
2018-12-10 16:34:33.7280 DEBUG Executing the action: HelixGen.Model.heaterAction
2018-12-10 16:34:33.8527 DEBUG Executing the action: HelixGen.Model.timeAction
2018-12-10 16:34:43.8759 DEBUG Protocol: Execute step: HelixGen.Model.ProtocolStep line: 19
2018-12-10 16:34:43.8789 DEBUG Executing the action: HelixGen.Model.heaterAction
2018-12-10 16:34:43.9836 DEBUG Executing the action: HelixGen.Model.timeAction
2018-12-10 16:34:54.0138 DEBUG Protocol: Execute step: HelixGen.Model.ProtocolStep line: 20
2018-12-10 16:34:54.0138 DEBUG Executing the action: HelixGen.Model.heaterAction
2018-12-10 16:34:54.1305 DEBUG Executing the action: HelixGen.Model.timeAction
2018-12-10 16:36:34.1999 DEBUG Protocol: Execute step: HelixGen.Model.ProtocolStep line: 21
2018-12-10 16:36:34.1999 DEBUG Executing the action: HelixGen.Model.heaterCtrlAction
2018-12-10 16:36:35.1474 ERROR fileOperation caught an exception; 未能找到文件“C:\HelixGen\Logs\Measurement\2018_12_10_16_34_02\Melt Curve logging.csv”。
2018-12-10 16:36:35.1932 ERROR fileOperation caught an exception; 文件“C:\HelixGen\Logs\Measurement\2018_12_10_16_34_02\Temperature Log.csv”正由另一进程使用，因此该进程无法访问此文件。
2018-12-10 16:36:35.2212 ERROR fileOperation caught an exception; 未能找到文件“C:\HelixGen\Logs\Measurement\2018_12_10_16_34_02\Melt Curve logging.csv”。
2018-12-10 16:36:35.2461 ERROR fileOperation caught an exception; 文件“C:\HelixGen\Logs\Measurement\2018_12_10_16_34_02\Temperature Log.csv”正由另一进程使用，因此该进程无法访问此文件。
2018-12-10 16:39:11.7790 DEBUG ----- Starting -----
2018-12-10 16:39:52.1241 DEBUG Opening results file to: ..\..\Logs\Measurement\2018_12_10_16_39_52\Temperature Log.csv
2018-12-10 16:39:52.1331 DEBUG Protocol: Execute step: HelixGen.Model.ProtocolStep line: 14
2018-12-10 16:39:52.1331 DEBUG Executing the action: HelixGen.Model.heaterCtrlAction
2018-12-10 16:39:53.2321 DEBUG Protocol: Execute step: HelixGen.Model.ProtocolStep line: 15
2018-12-10 16:39:53.2321 DEBUG Executing the action: HelixGen.Model.heaterAction
2018-12-10 16:39:53.3119 DEBUG Executing the action: HelixGen.Model.timeAction
2018-12-10 16:39:57.5635 DEBUG Opening results file to: ..\..\Logs\Measurement\2018_12_10_16_39_57\Temperature Log.csv
2018-12-10 16:39:57.5685 DEBUG Protocol: Execute step: HelixGen.Model.ProtocolStep line: 14
2018-12-10 16:39:57.5685 DEBUG Executing the action: HelixGen.Model.heaterCtrlAction
2018-12-10 16:39:57.9934 DEBUG Protocol: Execute step: HelixGen.Model.ProtocolStep line: 15
2018-12-10 16:39:57.9934 DEBUG Executing the action: HelixGen.Model.heaterAction
2018-12-10 16:39:58.4711 DEBUG Executing the action: HelixGen.Model.timeAction
2018-12-10 16:40:03.3201 DEBUG Protocol: Execute step: HelixGen.Model.ProtocolStep line: 16
2018-12-10 16:40:03.3201 DEBUG Executing the action: HelixGen.Model.heaterAction
2018-12-10 16:40:03.4877 DEBUG Executing the action: HelixGen.Model.timeAction
2018-12-10 16:40:08.4853 DEBUG Protocol: Execute step: HelixGen.Model.ProtocolStep line: 16
2018-12-10 16:40:08.4893 DEBUG Executing the action: HelixGen.Model.heaterAction
2018-12-10 16:40:08.7436 DEBUG Executing the action: HelixGen.Model.timeAction
2018-12-10 16:40:13.5149 DEBUG Protocol: Execute step: HelixGen.Model.ProtocolStep line: 17
2018-12-10 16:40:13.5149 DEBUG Executing the action: HelixGen.Model.heaterAction
2018-12-10 16:40:13.6475 DEBUG Executing the action: HelixGen.Model.timeAction
2018-12-10 16:40:18.7579 DEBUG Protocol: Execute step: HelixGen.Model.ProtocolStep line: 17
2018-12-10 16:40:18.7579 DEBUG Executing the action: HelixGen.Model.heaterAction
2018-12-10 16:40:18.9364 DEBUG Executing the action: HelixGen.Model.timeAction
2018-12-10 16:40:23.7156 DEBUG Protocol: Execute step: HelixGen.Model.ProtocolStep line: 18
2018-12-10 16:40:23.7156 DEBUG Executing the action: HelixGen.Model.heaterAction
2018-12-10 16:40:23.8403 DEBUG Executing the action: HelixGen.Model.timeAction
2018-12-10 16:40:28.9755 DEBUG Protocol: Execute step: HelixGen.Model.ProtocolStep line: 18
2018-12-10 16:40:28.9755 DEBUG Executing the action: HelixGen.Model.heaterAction
2018-12-10 16:40:29.4164 DEBUG Executing the action: HelixGen.Model.timeAction
2018-12-10 16:40:33.8854 DEBUG Protocol: Execute step: HelixGen.Model.ProtocolStep line: 19
2018-12-10 16:40:33.8854 DEBUG Executing the action: HelixGen.Model.heaterAction
2018-12-10 16:40:34.0968 DEBUG Executing the action: HelixGen.Model.timeAction
2018-12-10 16:40:39.4216 DEBUG Protocol: Execute step: HelixGen.Model.ProtocolStep line: 19
2018-12-10 16:40:39.4256 DEBUG Executing the action: HelixGen.Model.heaterAction
2018-12-10 16:40:39.4805 DEBUG Executing the action: HelixGen.Model.timeAction
2018-12-10 16:40:44.1071 DEBUG Protocol: Execute step: HelixGen.Model.ProtocolStep line: 20
2018-12-10 16:40:44.1071 DEBUG Executing the action: HelixGen.Model.heaterAction
2018-12-10 16:40:44.2418 DEBUG Executing the action: HelixGen.Model.timeAction
2018-12-10 16:40:49.4867 DEBUG Protocol: Execute step: HelixGen.Model.ProtocolStep line: 20
2018-12-10 16:40:49.4917 DEBUG Executing the action: HelixGen.Model.heaterAction
2018-12-10 16:40:49.6413 DEBUG Executing the action: HelixGen.Model.timeAction
2018-12-10 16:41:36.3344 DEBUG ReadCmd, got an exception: 由于线程退出或应用程序请求，已中止 I/O 操作。

2018-12-10 16:41:36.3863 DEBUG ReadCmd, got an exception: 端口被关闭。
2018-12-10 16:41:36.4012 DEBUG ReadCmd, got an exception: 端口被关闭。
2018-12-10 16:42:08.3372 DEBUG ----- Starting -----
2018-12-10 16:42:22.8818 DEBUG Opening results file to: ..\..\Logs\Measurement\2018_12_10_16_42_22\Temperature Log.csv
2018-12-10 16:42:22.8818 DEBUG Protocol: Execute step: HelixGen.Model.ProtocolStep line: 14
2018-12-10 16:42:22.8818 DEBUG Executing the action: HelixGen.Model.heaterCtrlAction
2018-12-10 16:42:24.1215 DEBUG Protocol: Execute step: HelixGen.Model.ProtocolStep line: 15
2018-12-10 16:42:24.1215 DEBUG Executing the action: HelixGen.Model.heaterAction
2018-12-10 16:42:24.1843 DEBUG Executing the action: HelixGen.Model.timeAction
2018-12-10 16:42:34.1896 DEBUG Protocol: Execute step: HelixGen.Model.ProtocolStep line: 16
2018-12-10 16:42:34.1935 DEBUG Executing the action: HelixGen.Model.heaterAction
2018-12-10 16:42:34.2972 DEBUG Executing the action: HelixGen.Model.timeAction
2018-12-10 16:42:44.4102 DEBUG Protocol: Execute step: HelixGen.Model.ProtocolStep line: 17
2018-12-10 16:42:44.4102 DEBUG Executing the action: HelixGen.Model.heaterAction
2018-12-10 16:42:44.5538 DEBUG Executing the action: HelixGen.Model.timeAction
2018-12-10 16:42:54.6110 DEBUG Protocol: Execute step: HelixGen.Model.ProtocolStep line: 18
2018-12-10 16:42:54.6169 DEBUG Executing the action: HelixGen.Model.heaterAction
2018-12-10 16:42:54.8114 DEBUG Executing the action: HelixGen.Model.timeAction
2018-12-10 16:43:00.6089 DEBUG ReadCmd, got an exception: 由于线程退出或应用程序请求，已中止 I/O 操作。

2018-12-10 16:43:00.6468 DEBUG ReadCmd, got an exception: 端口被关闭。
2018-12-10 16:43:00.6677 DEBUG ReadCmd, got an exception: 端口被关闭。
2018-12-10 16:43:57.6180 DEBUG ----- Starting -----
2018-12-10 16:44:11.5946 DEBUG Opening results file to: ..\..\Logs\Measurement\2018_12_10_16_44_11\Temperature Log.csv
2018-12-10 16:44:11.6026 DEBUG Protocol: Execute step: HelixGen.Model.ProtocolStep line: 14
2018-12-10 16:44:11.6026 DEBUG Executing the action: HelixGen.Model.heaterCtrlAction
2018-12-10 16:44:12.4633 DEBUG Protocol: Execute step: HelixGen.Model.ProtocolStep line: 15
2018-12-10 16:44:12.4633 DEBUG Executing the action: HelixGen.Model.heaterAction
2018-12-10 16:44:12.7974 DEBUG Executing the action: HelixGen.Model.timeAction
2018-12-10 16:44:22.8036 DEBUG Protocol: Execute step: HelixGen.Model.ProtocolStep line: 16
2018-12-10 16:44:22.8036 DEBUG Executing the action: HelixGen.Model.heaterAction
2018-12-10 16:44:23.0539 DEBUG Executing the action: HelixGen.Model.timeAction
2018-12-10 17:04:25.2722 DEBUG ----- Starting -----
2018-12-10 17:04:52.4346 DEBUG Opening results file to: ..\..\Logs\Measurement\2018_12_10_17_04_52\Temperature Log.csv
2018-12-10 17:04:52.4455 DEBUG Protocol: Execute step: HelixGen.Model.ProtocolStep line: 14
2018-12-10 17:04:52.4455 DEBUG Executing the action: HelixGen.Model.heaterCtrlAction
2018-12-10 17:04:52.8953 DEBUG Protocol: Execute step: HelixGen.Model.ProtocolStep line: 15
2018-12-10 17:04:52.8953 DEBUG Executing the action: HelixGen.Model.heaterAction
2018-12-10 17:04:53.0379 DEBUG Executing the action: HelixGen.Model.timeAction
2018-12-10 17:05:03.0442 DEBUG Protocol: Execute step: HelixGen.Model.ProtocolStep line: 16
2018-12-10 17:05:03.0442 DEBUG Executing the action: HelixGen.Model.heaterAction
2018-12-10 17:05:03.1489 DEBUG Executing the action: HelixGen.Model.timeAction
2018-12-10 17:07:37.7840 DEBUG ----- Starting -----
2018-12-10 17:07:47.7494 DEBUG Opening results file to: ..\..\Logs\Measurement\2018_12_10_17_07_47\Temperature Log.csv
2018-12-10 17:07:47.7574 DEBUG Protocol: Execute step: HelixGen.Model.ProtocolStep line: 14
2018-12-10 17:07:47.7574 DEBUG Executing the action: HelixGen.Model.heaterCtrlAction
2018-12-10 17:07:48.2461 DEBUG Protocol: Execute step: HelixGen.Model.ProtocolStep line: 15
2018-12-10 17:07:48.2461 DEBUG Executing the action: HelixGen.Model.heaterAction
2018-12-10 17:07:48.5173 DEBUG Executing the action: HelixGen.Model.timeAction
2018-12-10 17:07:53.3115 DEBUG Opening results file to: ..\..\Logs\Measurement\2018_12_10_17_07_53\Temperature Log.csv
2018-12-10 17:07:53.3185 DEBUG Protocol: Execute step: HelixGen.Model.ProtocolStep line: 14
2018-12-10 17:07:53.3185 DEBUG Executing the action: HelixGen.Model.heaterCtrlAction
2018-12-10 17:07:53.5648 DEBUG Protocol: Execute step: HelixGen.Model.ProtocolStep line: 15
2018-12-10 17:07:53.5728 DEBUG Executing the action: HelixGen.Model.heaterAction
2018-12-10 17:07:53.9797 DEBUG Executing the action: HelixGen.Model.timeAction
2018-12-10 17:07:58.5236 DEBUG Protocol: Execute step: HelixGen.Model.ProtocolStep line: 16
2018-12-10 17:07:58.5236 DEBUG Executing the action: HelixGen.Model.heaterAction
2018-12-10 17:07:58.8517 DEBUG Executing the action: HelixGen.Model.timeAction
2018-12-10 17:08:03.9850 DEBUG Protocol: Execute step: HelixGen.Model.ProtocolStep line: 16
2018-12-10 17:08:03.9910 DEBUG Executing the action: HelixGen.Model.heaterAction
2018-12-10 17:08:04.0907 DEBUG Executing the action: HelixGen.Model.timeAction
2018-12-10 17:21:25.9768 DEBUG ----- Starting -----
2018-12-10 17:21:34.4302 DEBUG Opening results file to: ..\..\Logs\Measurement\2018_12_10_17_21_34\Temperature Log.csv
2018-12-10 17:21:34.4302 DEBUG Protocol: Execute step: HelixGen.Model.ProtocolStep line: 14
2018-12-10 17:21:34.4442 DEBUG Executing the action: HelixGen.Model.heaterCtrlAction
2018-12-10 17:21:34.8192 DEBUG Protocol: Execute step: HelixGen.Model.ProtocolStep line: 15
2018-12-10 17:21:34.8192 DEBUG Executing the action: HelixGen.Model.heaterAction
2018-12-10 17:21:35.0266 DEBUG Executing the action: HelixGen.Model.timeAction
2018-12-10 17:21:45.0299 DEBUG Protocol: Execute step: HelixGen.Model.ProtocolStep line: 16
2018-12-10 17:21:45.0349 DEBUG Executing the action: HelixGen.Model.heaterAction
2018-12-10 17:21:45.1366 DEBUG Executing the action: HelixGen.Model.timeAction
2018-12-10 17:21:55.1678 DEBUG Protocol: Execute step: HelixGen.Model.ProtocolStep line: 17
2018-12-10 17:21:55.1678 DEBUG Executing the action: HelixGen.Model.heaterAction
2018-12-10 17:21:55.2466 DEBUG Executing the action: HelixGen.Model.timeAction
2018-12-10 17:22:05.2851 DEBUG Protocol: Execute step: HelixGen.Model.ProtocolStep line: 18
2018-12-10 17:22:05.2851 DEBUG Executing the action: HelixGen.Model.heaterAction
2018-12-10 17:22:05.3409 DEBUG Executing the action: HelixGen.Model.timeAction
2018-12-10 17:22:15.3478 DEBUG Protocol: Execute step: HelixGen.Model.ProtocolStep line: 19
2018-12-10 17:22:15.3637 DEBUG Executing the action: HelixGen.Model.heaterAction
2018-12-10 17:22:15.4196 DEBUG Executing the action: HelixGen.Model.timeAction
2018-12-10 17:26:45.0338 DEBUG ----- Starting -----
2018-12-10 17:26:55.5397 DEBUG Opening results file to: ..\..\Logs\Measurement\2018_12_10_17_26_55\Temperature Log.csv
2018-12-10 17:26:55.5397 DEBUG Protocol: Execute step: HelixGen.Model.ProtocolStep line: 14
2018-12-10 17:26:55.5537 DEBUG Executing the action: HelixGen.Model.heaterCtrlAction
2018-12-10 17:26:56.0653 DEBUG Protocol: Execute step: HelixGen.Model.ProtocolStep line: 15
2018-12-10 17:26:56.0822 DEBUG Executing the action: HelixGen.Model.heaterAction
2018-12-10 17:26:56.4473 DEBUG Executing the action: HelixGen.Model.timeAction
2018-12-10 17:27:06.4515 DEBUG Protocol: Execute step: HelixGen.Model.ProtocolStep line: 16
2018-12-10 17:27:06.4515 DEBUG Executing the action: HelixGen.Model.heaterAction
2018-12-10 17:27:06.5094 DEBUG Executing the action: HelixGen.Model.timeAction
2018-12-10 17:29:23.1636 DEBUG ----- Starting -----
2018-12-10 17:29:32.0649 DEBUG Opening results file to: ..\..\Logs\Measurement\2018_12_10_17_29_32\Temperature Log.csv
2018-12-10 17:29:32.1596 DEBUG Protocol: Execute step: HelixGen.Model.ProtocolStep line: 14
2018-12-10 17:29:32.2025 DEBUG Executing the action: HelixGen.Model.heaterCtrlAction
2018-12-10 17:29:33.0003 DEBUG Protocol: Execute step: HelixGen.Model.ProtocolStep line: 15
2018-12-10 17:29:33.0003 DEBUG Executing the action: HelixGen.Model.heaterAction
2018-12-10 17:29:33.0632 DEBUG Executing the action: HelixGen.Model.timeAction
2018-12-10 17:29:42.8560 DEBUG Opening results file to: ..\..\Logs\Measurement\2018_12_10_17_29_42\Temperature Log.csv
2018-12-10 17:29:42.8560 DEBUG Protocol: Execute step: HelixGen.Model.ProtocolStep line: 14
2018-12-10 17:29:42.8650 DEBUG Executing the action: HelixGen.Model.heaterCtrlAction
2018-12-10 17:29:43.0684 DEBUG Protocol: Execute step: HelixGen.Model.ProtocolStep line: 16
2018-12-10 17:29:43.1133 DEBUG Executing the action: HelixGen.Model.heaterAction
2018-12-10 17:29:43.3327 DEBUG Executing the action: HelixGen.Model.timeAction
2018-12-10 17:29:43.7017 DEBUG Protocol: Execute step: HelixGen.Model.ProtocolStep line: 15
2018-12-10 17:29:43.7017 DEBUG Executing the action: HelixGen.Model.heaterAction
2018-12-10 17:29:44.1156 DEBUG Executing the action: HelixGen.Model.timeAction
